{"/Users/mcattaneo/workspace/frontend/apps/client-web/src/app/App.helpers.ts": {"path":"/Users/mcattaneo/workspace/frontend/apps/client-web/src/app/App.helpers.ts","statementMap":{"0":{"start":{"line":19,"column":9},"end":{"line":19,"column":null}},"1":{"start":{"line":1,"column":27},"end":{"line":1,"column":null}},"2":{"start":{"line":2,"column":31},"end":{"line":2,"column":null}},"3":{"start":{"line":10,"column":24},"end":{"line":17,"column":null}},"4":{"start":{"line":11,"column":2},"end":{"line":16,"column":null}},"5":{"start":{"line":12,"column":4},"end":{"line":14,"column":null}},"6":{"start":{"line":13,"column":6},"end":{"line":13,"column":null}},"7":{"start":{"line":15,"column":4},"end":{"line":15,"column":null}}},"fnMap":{"0":{"name":"(anonymous_1)","decl":{"start":{"line":10,"column":24},"end":{"line":10,"column":25}},"loc":{"start":{"line":10,"column":91},"end":{"line":17,"column":null}}}},"branchMap":{"0":{"loc":{"start":{"line":11,"column":2},"end":{"line":16,"column":null}},"type":"if","locations":[{"start":{"line":11,"column":2},"end":{"line":16,"column":null}}]},"1":{"loc":{"start":{"line":12,"column":4},"end":{"line":14,"column":null}},"type":"if","locations":[{"start":{"line":12,"column":4},"end":{"line":14,"column":null}}]}},"s":{"0":6,"1":1,"2":1,"3":1,"4":6,"5":4,"6":2,"7":4},"f":{"0":6},"b":{"0":[4],"1":[2]}}
,"/Users/mcattaneo/workspace/frontend/apps/client-web/src/app/App.tsx": {"path":"/Users/mcattaneo/workspace/frontend/apps/client-web/src/app/App.tsx","statementMap":{"0":{"start":{"line":23,"column":20},"end":{"line":23,"column":null}},"1":{"start":{"line":23,"column":31},"end":{"line":23,"column":null}},"2":{"start":{"line":25,"column":18},"end":{"line":36,"column":null}},"3":{"start":{"line":26,"column":23},"end":{"line":26,"column":null}},"4":{"start":{"line":27,"column":2},"end":{"line":35,"column":null}},"5":{"start":{"line":38,"column":12},"end":{"line":108,"column":null}},"6":{"start":{"line":39,"column":25},"end":{"line":39,"column":null}},"7":{"start":{"line":40,"column":27},"end":{"line":40,"column":null}},"8":{"start":{"line":41,"column":22},"end":{"line":41,"column":null}},"9":{"start":{"line":42,"column":22},"end":{"line":42,"column":null}},"10":{"start":{"line":43,"column":41},"end":{"line":43,"column":null}},"11":{"start":{"line":44,"column":34},"end":{"line":44,"column":null}},"12":{"start":{"line":45,"column":40},"end":{"line":45,"column":null}},"13":{"start":{"line":46,"column":25},"end":{"line":46,"column":60}},"14":{"start":{"line":47,"column":25},"end":{"line":47,"column":null}},"15":{"start":{"line":49,"column":2},"end":{"line":49,"column":null}},"16":{"start":{"line":51,"column":2},"end":{"line":54,"column":null}},"17":{"start":{"line":53,"column":4},"end":{"line":53,"column":null}},"18":{"start":{"line":53,"column":61},"end":{"line":53,"column":null}},"19":{"start":{"line":56,"column":2},"end":{"line":58,"column":null}},"20":{"start":{"line":57,"column":4},"end":{"line":57,"column":null}},"21":{"start":{"line":61,"column":2},"end":{"line":63,"column":null}},"22":{"start":{"line":62,"column":10},"end":{"line":62,"column":null}},"23":{"start":{"line":67,"column":18},"end":{"line":70,"column":null}},"24":{"start":{"line":68,"column":4},"end":{"line":68,"column":null}},"25":{"start":{"line":68,"column":47},"end":{"line":68,"column":null}},"26":{"start":{"line":69,"column":4},"end":{"line":69,"column":null}}},"fnMap":{"0":{"name":"(anonymous_4)","decl":{"start":{"line":23,"column":25},"end":{"line":23,"column":31}},"loc":{"start":{"line":23,"column":31},"end":{"line":23,"column":null}}},"1":{"name":"(anonymous_5)","decl":{"start":{"line":25,"column":54},"end":{"line":25,"column":null}},"loc":{"start":{"line":25,"column":54},"end":{"line":36,"column":null}}},"2":{"name":"(anonymous_6)","decl":{"start":{"line":38,"column":12},"end":{"line":38,"column":null}},"loc":{"start":{"line":38,"column":12},"end":{"line":108,"column":null}}},"3":{"name":"(anonymous_7)","decl":{"start":{"line":51,"column":12},"end":{"line":51,"column":null}},"loc":{"start":{"line":51,"column":12},"end":{"line":54,"column":5}}},"4":{"name":"(anonymous_8)","decl":{"start":{"line":56,"column":12},"end":{"line":56,"column":null}},"loc":{"start":{"line":56,"column":12},"end":{"line":58,"column":5}}},"5":{"name":"(anonymous_9)","decl":{"start":{"line":62,"column":4},"end":{"line":62,"column":10}},"loc":{"start":{"line":62,"column":10},"end":{"line":62,"column":null}}},"6":{"name":"(anonymous_10)","decl":{"start":{"line":67,"column":18},"end":{"line":67,"column":19}},"loc":{"start":{"line":67,"column":33},"end":{"line":70,"column":null}}},"7":{"name":"(anonymous_11)","decl":{"start":{"line":68,"column":41},"end":{"line":68,"column":47}},"loc":{"start":{"line":68,"column":47},"end":{"line":68,"column":null}}}},"branchMap":{"0":{"loc":{"start":{"line":30,"column":31},"end":{"line":30,"column":64}},"type":"cond-expr","locations":[{"start":{"line":30,"column":42},"end":{"line":30,"column":62}},{"start":{"line":30,"column":62},"end":{"line":30,"column":64}}]},"1":{"loc":{"start":{"line":46,"column":25},"end":{"line":46,"column":60}},"type":"cond-expr","locations":[{"start":{"line":46,"column":25},"end":{"line":46,"column":46}},{"start":{"line":46,"column":25},"end":{"line":46,"column":60}}]},"2":{"loc":{"start":{"line":46,"column":25},"end":{"line":46,"column":46}},"type":"binary-expr","locations":[{"start":{"line":46,"column":25},"end":{"line":46,"column":46}},{"start":{"line":46,"column":25},"end":{"line":46,"column":46}}]},"3":{"loc":{"start":{"line":47,"column":25},"end":{"line":47,"column":58}},"type":"cond-expr","locations":[{"start":{"line":47,"column":25},"end":{"line":47,"column":46}},{"start":{"line":47,"column":25},"end":{"line":47,"column":58}}]},"4":{"loc":{"start":{"line":47,"column":25},"end":{"line":47,"column":46}},"type":"binary-expr","locations":[{"start":{"line":47,"column":25},"end":{"line":47,"column":46}},{"start":{"line":47,"column":25},"end":{"line":47,"column":46}}]},"5":{"loc":{"start":{"line":53,"column":4},"end":{"line":53,"column":null}},"type":"if","locations":[{"start":{"line":53,"column":4},"end":{"line":53,"column":null}}]},"6":{"loc":{"start":{"line":53,"column":8},"end":{"line":53,"column":16}},"type":"cond-expr","locations":[{"start":{"line":53,"column":8},"end":{"line":53,"column":14}},{"start":{"line":53,"column":8},"end":{"line":53,"column":16}}]},"7":{"loc":{"start":{"line":53,"column":8},"end":{"line":53,"column":14}},"type":"binary-expr","locations":[{"start":{"line":53,"column":8},"end":{"line":53,"column":14}},{"start":{"line":53,"column":8},"end":{"line":53,"column":14}}]},"8":{"loc":{"start":{"line":54,"column":15},"end":{"line":54,"column":23}},"type":"cond-expr","locations":[{"start":{"line":54,"column":15},"end":{"line":54,"column":21}},{"start":{"line":54,"column":15},"end":{"line":54,"column":23}}]},"9":{"loc":{"start":{"line":54,"column":15},"end":{"line":54,"column":21}},"type":"binary-expr","locations":[{"start":{"line":54,"column":15},"end":{"line":54,"column":21}},{"start":{"line":54,"column":15},"end":{"line":54,"column":21}}]},"10":{"loc":{"start":{"line":57,"column":35},"end":{"line":57,"column":43}},"type":"cond-expr","locations":[{"start":{"line":57,"column":35},"end":{"line":57,"column":41}},{"start":{"line":57,"column":35},"end":{"line":57,"column":43}}]},"11":{"loc":{"start":{"line":57,"column":35},"end":{"line":57,"column":41}},"type":"binary-expr","locations":[{"start":{"line":57,"column":35},"end":{"line":57,"column":41}},{"start":{"line":57,"column":35},"end":{"line":57,"column":41}}]},"12":{"loc":{"start":{"line":58,"column":18},"end":{"line":58,"column":26}},"type":"cond-expr","locations":[{"start":{"line":58,"column":18},"end":{"line":58,"column":24}},{"start":{"line":58,"column":18},"end":{"line":58,"column":26}}]},"13":{"loc":{"start":{"line":58,"column":18},"end":{"line":58,"column":24}},"type":"binary-expr","locations":[{"start":{"line":58,"column":18},"end":{"line":58,"column":24}},{"start":{"line":58,"column":18},"end":{"line":58,"column":24}}]},"14":{"loc":{"start":{"line":74,"column":7},"end":{"line":76,"column":null}},"type":"cond-expr","locations":[{"start":{"line":75,"column":8},"end":{"line":76,"column":null}},{"start":{"line":76,"column":10},"end":{"line":76,"column":null}}]},"15":{"loc":{"start":{"line":77,"column":7},"end":{"line":81,"column":null}},"type":"cond-expr","locations":[{"start":{"line":78,"column":8},"end":{"line":81,"column":null}},{"start":{"line":81,"column":10},"end":{"line":81,"column":null}}]},"16":{"loc":{"start":{"line":77,"column":7},"end":{"line":77,"column":null}},"type":"binary-expr","locations":[{"start":{"line":77,"column":7},"end":{"line":77,"column":20}},{"start":{"line":77,"column":20},"end":{"line":77,"column":null}}]},"17":{"loc":{"start":{"line":96,"column":16},"end":{"line":96,"column":null}},"type":"cond-expr","locations":[{"start":{"line":96,"column":16},"end":{"line":96,"column":null}}]}},"s":{"0":0,"1":0,"2":0,"3":0,"4":0,"5":0,"6":0,"7":0,"8":0,"9":0,"10":0,"11":0,"12":0,"13":0,"14":0,"15":0,"16":0,"17":0,"18":0,"19":0,"20":0,"21":0,"22":0,"23":0,"24":0,"25":0,"26":0},"f":{"0":0,"1":0,"2":0,"3":0,"4":0,"5":0,"6":0,"7":0},"b":{"0":[0,0],"1":[0,0],"2":[0,0],"3":[0,0],"4":[0,0],"5":[0],"6":[0,0],"7":[0,0],"8":[0,0],"9":[0,0],"10":[0,0],"11":[0,0],"12":[0,0],"13":[0,0],"14":[0,0],"15":[0,0],"16":[0,0],"17":[0]}}
,"/Users/mcattaneo/workspace/frontend/apps/client-web/src/app/AuthenticatedAppWithProviders.tsx": {"path":"/Users/mcattaneo/workspace/frontend/apps/client-web/src/app/AuthenticatedAppWithProviders.tsx","statementMap":{"0":{"start":{"line":10,"column":38},"end":{"line":25,"column":null}},"1":{"start":{"line":11,"column":26},"end":{"line":11,"column":null}},"2":{"start":{"line":12,"column":34},"end":{"line":12,"column":null}}},"fnMap":{"0":{"name":"(anonymous_0)","decl":{"start":{"line":10,"column":38},"end":{"line":10,"column":null}},"loc":{"start":{"line":10,"column":38},"end":{"line":25,"column":null}}}},"branchMap":{"0":{"loc":{"start":{"line":22,"column":7},"end":{"line":22,"column":null}},"type":"cond-expr","locations":[{"start":{"line":22,"column":23},"end":{"line":22,"column":45}},{"start":{"line":22,"column":45},"end":{"line":22,"column":null}}]}},"s":{"0":0,"1":0,"2":0},"f":{"0":0},"b":{"0":[0,0]}}
,"/Users/mcattaneo/workspace/frontend/apps/client-web/src/app/InitUserSessions.tsx": {"path":"/Users/mcattaneo/workspace/frontend/apps/client-web/src/app/InitUserSessions.tsx","statementMap":{"0":{"start":{"line":15,"column":16},"end":{"line":15,"column":null}},"1":{"start":{"line":1,"column":35},"end":{"line":1,"column":null}},"2":{"start":{"line":2,"column":28},"end":{"line":2,"column":null}},"3":{"start":{"line":3,"column":24},"end":{"line":3,"column":null}},"4":{"start":{"line":4,"column":27},"end":{"line":4,"column":null}},"5":{"start":{"line":5,"column":25},"end":{"line":5,"column":null}},"6":{"start":{"line":6,"column":27},"end":{"line":6,"column":null}},"7":{"start":{"line":7,"column":30},"end":{"line":7,"column":null}},"8":{"start":{"line":13,"column":7},"end":{"line":13,"column":null}},"9":{"start":{"line":16,"column":23},"end":{"line":16,"column":null}},"10":{"start":{"line":17,"column":19},"end":{"line":17,"column":null}},"11":{"start":{"line":18,"column":20},"end":{"line":18,"column":null}},"12":{"start":{"line":19,"column":22},"end":{"line":19,"column":null}},"13":{"start":{"line":20,"column":20},"end":{"line":20,"column":null}},"14":{"start":{"line":21,"column":17},"end":{"line":21,"column":null}},"15":{"start":{"line":22,"column":20},"end":{"line":22,"column":null}},"16":{"start":{"line":23,"column":19},"end":{"line":23,"column":null}},"17":{"start":{"line":24,"column":24},"end":{"line":24,"column":null}},"18":{"start":{"line":25,"column":20},"end":{"line":25,"column":null}},"19":{"start":{"line":26,"column":19},"end":{"line":26,"column":null}},"20":{"start":{"line":27,"column":29},"end":{"line":27,"column":null}},"21":{"start":{"line":28,"column":29},"end":{"line":28,"column":null}},"22":{"start":{"line":29,"column":34},"end":{"line":29,"column":null}},"23":{"start":{"line":31,"column":29},"end":{"line":31,"column":null}},"24":{"start":{"line":33,"column":33},"end":{"line":33,"column":null}},"25":{"start":{"line":35,"column":25},"end":{"line":58,"column":null}},"26":{"start":{"line":36,"column":4},"end":{"line":46,"column":null}},"27":{"start":{"line":60,"column":21},"end":{"line":67,"column":null}},"28":{"start":{"line":61,"column":4},"end":{"line":66,"column":null}},"29":{"start":{"line":69,"column":21},"end":{"line":74,"column":null}},"30":{"start":{"line":70,"column":4},"end":{"line":73,"column":null}},"31":{"start":{"line":76,"column":22},"end":{"line":81,"column":null}},"32":{"start":{"line":77,"column":4},"end":{"line":80,"column":null}},"33":{"start":{"line":83,"column":2},"end":{"line":95,"column":null}},"34":{"start":{"line":84,"column":4},"end":{"line":84,"column":null}},"35":{"start":{"line":84,"column":32},"end":{"line":84,"column":null}},"36":{"start":{"line":85,"column":4},"end":{"line":85,"column":null}},"37":{"start":{"line":86,"column":4},"end":{"line":86,"column":null}},"38":{"start":{"line":87,"column":4},"end":{"line":87,"column":null}},"39":{"start":{"line":88,"column":4},"end":{"line":88,"column":null}},"40":{"start":{"line":90,"column":4},"end":{"line":94,"column":null}},"41":{"start":{"line":91,"column":6},"end":{"line":91,"column":null}},"42":{"start":{"line":92,"column":6},"end":{"line":92,"column":null}},"43":{"start":{"line":93,"column":6},"end":{"line":93,"column":null}},"44":{"start":{"line":97,"column":2},"end":{"line":103,"column":null}},"45":{"start":{"line":98,"column":4},"end":{"line":100,"column":null}},"46":{"start":{"line":99,"column":6},"end":{"line":99,"column":null}},"47":{"start":{"line":102,"column":4},"end":{"line":102,"column":null}},"48":{"start":{"line":105,"column":2},"end":{"line":105,"column":null}}},"fnMap":{"0":{"name":"useInitUserSessions","decl":{"start":{"line":15,"column":16},"end":{"line":15,"column":null}},"loc":{"start":{"line":15,"column":16},"end":{"line":106,"column":null}}},"1":{"name":"(anonymous_6)","decl":{"start":{"line":35,"column":33},"end":{"line":35,"column":null}},"loc":{"start":{"line":35,"column":33},"end":{"line":48,"column":5}}},"2":{"name":"(anonymous_7)","decl":{"start":{"line":60,"column":29},"end":{"line":60,"column":null}},"loc":{"start":{"line":60,"column":29},"end":{"line":67,"column":5}}},"3":{"name":"(anonymous_8)","decl":{"start":{"line":69,"column":29},"end":{"line":69,"column":null}},"loc":{"start":{"line":69,"column":29},"end":{"line":74,"column":5}}},"4":{"name":"(anonymous_9)","decl":{"start":{"line":76,"column":30},"end":{"line":76,"column":null}},"loc":{"start":{"line":76,"column":30},"end":{"line":81,"column":5}}},"5":{"name":"(anonymous_10)","decl":{"start":{"line":83,"column":12},"end":{"line":83,"column":null}},"loc":{"start":{"line":83,"column":12},"end":{"line":95,"column":5}}},"6":{"name":"(anonymous_11)","decl":{"start":{"line":90,"column":11},"end":{"line":90,"column":null}},"loc":{"start":{"line":90,"column":11},"end":{"line":94,"column":null}}},"7":{"name":"(anonymous_12)","decl":{"start":{"line":97,"column":12},"end":{"line":97,"column":null}},"loc":{"start":{"line":97,"column":12},"end":{"line":103,"column":5}}}},"branchMap":{"0":{"loc":{"start":{"line":19,"column":22},"end":{"line":19,"column":null}},"type":"cond-expr","locations":[{"start":{"line":19,"column":22},"end":{"line":19,"column":28}},{"start":{"line":19,"column":77},"end":{"line":19,"column":null}}]},"1":{"loc":{"start":{"line":19,"column":22},"end":{"line":19,"column":28}},"type":"binary-expr","locations":[{"start":{"line":19,"column":22},"end":{"line":19,"column":77}},{"start":{"line":19,"column":22},"end":{"line":19,"column":28}}]},"2":{"loc":{"start":{"line":19,"column":22},"end":{"line":19,"column":73}},"type":"cond-expr","locations":[{"start":{"line":19,"column":22},"end":{"line":19,"column":28}},{"start":{"line":19,"column":22},"end":{"line":19,"column":73}}]},"3":{"loc":{"start":{"line":19,"column":22},"end":{"line":19,"column":28}},"type":"binary-expr","locations":[{"start":{"line":19,"column":22},"end":{"line":19,"column":28}},{"start":{"line":19,"column":22},"end":{"line":19,"column":28}}]},"4":{"loc":{"start":{"line":19,"column":22},"end":{"line":19,"column":28}},"type":"binary-expr","locations":[{"start":{"line":19,"column":22},"end":{"line":19,"column":56}},{"start":{"line":19,"column":22},"end":{"line":19,"column":28}}]},"5":{"loc":{"start":{"line":20,"column":20},"end":{"line":20,"column":null}},"type":"cond-expr","locations":[{"start":{"line":20,"column":20},"end":{"line":20,"column":26}},{"start":{"line":20,"column":73},"end":{"line":20,"column":null}}]},"6":{"loc":{"start":{"line":20,"column":20},"end":{"line":20,"column":26}},"type":"binary-expr","locations":[{"start":{"line":20,"column":20},"end":{"line":20,"column":73}},{"start":{"line":20,"column":20},"end":{"line":20,"column":26}}]},"7":{"loc":{"start":{"line":20,"column":20},"end":{"line":20,"column":69}},"type":"cond-expr","locations":[{"start":{"line":20,"column":20},"end":{"line":20,"column":26}},{"start":{"line":20,"column":20},"end":{"line":20,"column":69}}]},"8":{"loc":{"start":{"line":20,"column":20},"end":{"line":20,"column":26}},"type":"binary-expr","locations":[{"start":{"line":20,"column":20},"end":{"line":20,"column":26}},{"start":{"line":20,"column":20},"end":{"line":20,"column":26}}]},"9":{"loc":{"start":{"line":20,"column":20},"end":{"line":20,"column":26}},"type":"binary-expr","locations":[{"start":{"line":20,"column":20},"end":{"line":20,"column":54}},{"start":{"line":20,"column":20},"end":{"line":20,"column":26}}]},"10":{"loc":{"start":{"line":21,"column":17},"end":{"line":21,"column":null}},"type":"cond-expr","locations":[{"start":{"line":21,"column":17},"end":{"line":21,"column":23}},{"start":{"line":21,"column":29},"end":{"line":21,"column":null}}]},"11":{"loc":{"start":{"line":21,"column":17},"end":{"line":21,"column":23}},"type":"binary-expr","locations":[{"start":{"line":21,"column":17},"end":{"line":21,"column":29}},{"start":{"line":21,"column":17},"end":{"line":21,"column":23}}]},"12":{"loc":{"start":{"line":21,"column":17},"end":{"line":21,"column":25}},"type":"cond-expr","locations":[{"start":{"line":21,"column":17},"end":{"line":21,"column":23}},{"start":{"line":21,"column":17},"end":{"line":21,"column":25}}]},"13":{"loc":{"start":{"line":21,"column":17},"end":{"line":21,"column":23}},"type":"binary-expr","locations":[{"start":{"line":21,"column":17},"end":{"line":21,"column":23}},{"start":{"line":21,"column":17},"end":{"line":21,"column":23}}]},"14":{"loc":{"start":{"line":22,"column":20},"end":{"line":22,"column":null}},"type":"cond-expr","locations":[{"start":{"line":22,"column":20},"end":{"line":22,"column":26}},{"start":{"line":22,"column":63},"end":{"line":22,"column":null}}]},"15":{"loc":{"start":{"line":22,"column":20},"end":{"line":22,"column":26}},"type":"binary-expr","locations":[{"start":{"line":22,"column":20},"end":{"line":22,"column":63}},{"start":{"line":22,"column":20},"end":{"line":22,"column":26}}]},"16":{"loc":{"start":{"line":22,"column":20},"end":{"line":22,"column":59}},"type":"cond-expr","locations":[{"start":{"line":22,"column":20},"end":{"line":22,"column":26}},{"start":{"line":22,"column":20},"end":{"line":22,"column":59}}]},"17":{"loc":{"start":{"line":22,"column":20},"end":{"line":22,"column":26}},"type":"binary-expr","locations":[{"start":{"line":22,"column":20},"end":{"line":22,"column":26}},{"start":{"line":22,"column":20},"end":{"line":22,"column":26}}]},"18":{"loc":{"start":{"line":22,"column":20},"end":{"line":22,"column":26}},"type":"binary-expr","locations":[{"start":{"line":22,"column":20},"end":{"line":22,"column":47}},{"start":{"line":22,"column":20},"end":{"line":22,"column":26}}]},"19":{"loc":{"start":{"line":23,"column":19},"end":{"line":23,"column":null}},"type":"cond-expr","locations":[{"start":{"line":23,"column":19},"end":{"line":23,"column":25}},{"start":{"line":23,"column":37},"end":{"line":23,"column":null}}]},"20":{"loc":{"start":{"line":23,"column":19},"end":{"line":23,"column":25}},"type":"binary-expr","locations":[{"start":{"line":23,"column":19},"end":{"line":23,"column":37}},{"start":{"line":23,"column":19},"end":{"line":23,"column":25}}]},"21":{"loc":{"start":{"line":23,"column":19},"end":{"line":23,"column":33}},"type":"cond-expr","locations":[{"start":{"line":23,"column":19},"end":{"line":23,"column":25}},{"start":{"line":23,"column":19},"end":{"line":23,"column":33}}]},"22":{"loc":{"start":{"line":23,"column":19},"end":{"line":23,"column":25}},"type":"binary-expr","locations":[{"start":{"line":23,"column":19},"end":{"line":23,"column":25}},{"start":{"line":23,"column":19},"end":{"line":23,"column":25}}]},"23":{"loc":{"start":{"line":24,"column":45},"end":{"line":24,"column":null}},"type":"cond-expr","locations":[{"start":{"line":24,"column":45},"end":{"line":24,"column":51}},{"start":{"line":24,"column":64},"end":{"line":24,"column":null}}]},"24":{"loc":{"start":{"line":24,"column":45},"end":{"line":24,"column":51}},"type":"binary-expr","locations":[{"start":{"line":24,"column":45},"end":{"line":24,"column":64}},{"start":{"line":24,"column":45},"end":{"line":24,"column":51}}]},"25":{"loc":{"start":{"line":24,"column":45},"end":{"line":24,"column":60}},"type":"cond-expr","locations":[{"start":{"line":24,"column":45},"end":{"line":24,"column":51}},{"start":{"line":24,"column":45},"end":{"line":24,"column":60}}]},"26":{"loc":{"start":{"line":24,"column":45},"end":{"line":24,"column":51}},"type":"binary-expr","locations":[{"start":{"line":24,"column":45},"end":{"line":24,"column":51}},{"start":{"line":24,"column":45},"end":{"line":24,"column":51}}]},"27":{"loc":{"start":{"line":25,"column":20},"end":{"line":25,"column":null}},"type":"cond-expr","locations":[{"start":{"line":25,"column":20},"end":{"line":25,"column":26}},{"start":{"line":25,"column":39},"end":{"line":25,"column":null}}]},"28":{"loc":{"start":{"line":25,"column":20},"end":{"line":25,"column":26}},"type":"binary-expr","locations":[{"start":{"line":25,"column":20},"end":{"line":25,"column":39}},{"start":{"line":25,"column":20},"end":{"line":25,"column":26}}]},"29":{"loc":{"start":{"line":25,"column":20},"end":{"line":25,"column":35}},"type":"cond-expr","locations":[{"start":{"line":25,"column":20},"end":{"line":25,"column":26}},{"start":{"line":25,"column":20},"end":{"line":25,"column":35}}]},"30":{"loc":{"start":{"line":25,"column":20},"end":{"line":25,"column":26}},"type":"binary-expr","locations":[{"start":{"line":25,"column":20},"end":{"line":25,"column":26}},{"start":{"line":25,"column":20},"end":{"line":25,"column":26}}]},"31":{"loc":{"start":{"line":26,"column":19},"end":{"line":26,"column":null}},"type":"cond-expr","locations":[{"start":{"line":26,"column":19},"end":{"line":26,"column":25}},{"start":{"line":26,"column":37},"end":{"line":26,"column":null}}]},"32":{"loc":{"start":{"line":26,"column":19},"end":{"line":26,"column":25}},"type":"binary-expr","locations":[{"start":{"line":26,"column":19},"end":{"line":26,"column":37}},{"start":{"line":26,"column":19},"end":{"line":26,"column":25}}]},"33":{"loc":{"start":{"line":26,"column":19},"end":{"line":26,"column":33}},"type":"cond-expr","locations":[{"start":{"line":26,"column":19},"end":{"line":26,"column":25}},{"start":{"line":26,"column":19},"end":{"line":26,"column":33}}]},"34":{"loc":{"start":{"line":26,"column":19},"end":{"line":26,"column":25}},"type":"binary-expr","locations":[{"start":{"line":26,"column":19},"end":{"line":26,"column":25}},{"start":{"line":26,"column":19},"end":{"line":26,"column":25}}]},"35":{"loc":{"start":{"line":27,"column":29},"end":{"line":27,"column":null}},"type":"cond-expr","locations":[{"start":{"line":27,"column":29},"end":{"line":27,"column":36}},{"start":{"line":27,"column":58},"end":{"line":27,"column":null}}]},"36":{"loc":{"start":{"line":27,"column":29},"end":{"line":27,"column":36}},"type":"binary-expr","locations":[{"start":{"line":27,"column":29},"end":{"line":27,"column":58}},{"start":{"line":27,"column":29},"end":{"line":27,"column":36}}]},"37":{"loc":{"start":{"line":27,"column":29},"end":{"line":27,"column":54}},"type":"cond-expr","locations":[{"start":{"line":27,"column":29},"end":{"line":27,"column":36}},{"start":{"line":27,"column":29},"end":{"line":27,"column":54}}]},"38":{"loc":{"start":{"line":27,"column":29},"end":{"line":27,"column":36}},"type":"binary-expr","locations":[{"start":{"line":27,"column":29},"end":{"line":27,"column":36}},{"start":{"line":27,"column":29},"end":{"line":27,"column":36}}]},"39":{"loc":{"start":{"line":28,"column":29},"end":{"line":28,"column":null}},"type":"cond-expr","locations":[{"start":{"line":28,"column":29},"end":{"line":28,"column":36}},{"start":{"line":28,"column":58},"end":{"line":28,"column":null}}]},"40":{"loc":{"start":{"line":28,"column":29},"end":{"line":28,"column":36}},"type":"binary-expr","locations":[{"start":{"line":28,"column":29},"end":{"line":28,"column":58}},{"start":{"line":28,"column":29},"end":{"line":28,"column":36}}]},"41":{"loc":{"start":{"line":28,"column":29},"end":{"line":28,"column":54}},"type":"cond-expr","locations":[{"start":{"line":28,"column":29},"end":{"line":28,"column":36}},{"start":{"line":28,"column":29},"end":{"line":28,"column":54}}]},"42":{"loc":{"start":{"line":28,"column":29},"end":{"line":28,"column":36}},"type":"binary-expr","locations":[{"start":{"line":28,"column":29},"end":{"line":28,"column":36}},{"start":{"line":28,"column":29},"end":{"line":28,"column":36}}]},"43":{"loc":{"start":{"line":29,"column":34},"end":{"line":29,"column":null}},"type":"cond-expr","locations":[{"start":{"line":29,"column":34},"end":{"line":29,"column":41}},{"start":{"line":29,"column":80},"end":{"line":29,"column":null}}]},"44":{"loc":{"start":{"line":29,"column":34},"end":{"line":29,"column":41}},"type":"binary-expr","locations":[{"start":{"line":29,"column":34},"end":{"line":29,"column":80}},{"start":{"line":29,"column":34},"end":{"line":29,"column":41}}]},"45":{"loc":{"start":{"line":29,"column":34},"end":{"line":29,"column":80}},"type":"cond-expr","locations":[{"start":{"line":29,"column":34},"end":{"line":29,"column":41}},{"start":{"line":29,"column":34},"end":{"line":29,"column":80}}]},"46":{"loc":{"start":{"line":29,"column":34},"end":{"line":29,"column":41}},"type":"binary-expr","locations":[{"start":{"line":29,"column":34},"end":{"line":29,"column":41}},{"start":{"line":29,"column":34},"end":{"line":29,"column":41}}]},"47":{"loc":{"start":{"line":29,"column":34},"end":{"line":29,"column":41}},"type":"binary-expr","locations":[{"start":{"line":29,"column":34},"end":{"line":29,"column":66}},{"start":{"line":29,"column":34},"end":{"line":29,"column":41}}]},"48":{"loc":{"start":{"line":45,"column":10},"end":{"line":45,"column":null}},"type":"cond-expr","locations":[{"start":{"line":45,"column":22},"end":{"line":45,"column":38}},{"start":{"line":45,"column":38},"end":{"line":45,"column":null}}]},"49":{"loc":{"start":{"line":46,"column":10},"end":{"line":46,"column":null}},"type":"cond-expr","locations":[{"start":{"line":46,"column":24},"end":{"line":46,"column":42}},{"start":{"line":46,"column":42},"end":{"line":46,"column":null}}]},"50":{"loc":{"start":{"line":84,"column":4},"end":{"line":84,"column":null}},"type":"if","locations":[{"start":{"line":84,"column":4},"end":{"line":84,"column":null}}]},"51":{"loc":{"start":{"line":98,"column":4},"end":{"line":100,"column":null}},"type":"if","locations":[{"start":{"line":98,"column":4},"end":{"line":100,"column":null}}]},"52":{"loc":{"start":{"line":102,"column":4},"end":{"line":102,"column":null}},"type":"cond-expr","locations":[{"start":{"line":102,"column":15},"end":{"line":102,"column":45}},{"start":{"line":102,"column":45},"end":{"line":102,"column":null}}]}},"s":{"0":1,"1":1,"2":1,"3":1,"4":1,"5":1,"6":1,"7":1,"8":1,"9":1,"10":1,"11":1,"12":1,"13":1,"14":1,"15":1,"16":1,"17":1,"18":1,"19":1,"20":1,"21":1,"22":1,"23":1,"24":1,"25":1,"26":1,"27":1,"28":1,"29":1,"30":1,"31":1,"32":1,"33":1,"34":1,"35":0,"36":1,"37":1,"38":1,"39":1,"40":1,"41":1,"42":1,"43":1,"44":1,"45":1,"46":0,"47":1,"48":1},"f":{"0":1,"1":1,"2":1,"3":1,"4":1,"5":1,"6":1,"7":1},"b":{"0":[1,0],"1":[1,1],"2":[0,2],"3":[1,1],"4":[1,1],"5":[1,0],"6":[1,1],"7":[0,2],"8":[1,1],"9":[1,1],"10":[1,0],"11":[1,1],"12":[0,1],"13":[1,1],"14":[1,0],"15":[1,1],"16":[0,2],"17":[1,1],"18":[1,1],"19":[1,0],"20":[1,1],"21":[0,1],"22":[1,1],"23":[1,0],"24":[1,1],"25":[0,1],"26":[1,1],"27":[1,0],"28":[1,1],"29":[0,1],"30":[1,1],"31":[1,0],"32":[1,1],"33":[0,1],"34":[1,1],"35":[1,0],"36":[1,1],"37":[0,1],"38":[1,1],"39":[0,1],"40":[1,1],"41":[0,1],"42":[1,1],"43":[0,1],"44":[1,1],"45":[1,1],"46":[1,1],"47":[1,1],"48":[1,0],"49":[1,0],"50":[0],"51":[0],"52":[0,1]}}
,"/Users/mcattaneo/workspace/frontend/apps/client-web/src/app/applications.tsx": {"path":"/Users/mcattaneo/workspace/frontend/apps/client-web/src/app/applications.tsx","statementMap":{"0":{"start":{"line":10,"column":17},"end":{"line":10,"column":null}}},"fnMap":{"0":{"name":"AuthenticatedApp","decl":{"start":{"line":5,"column":9},"end":{"line":5,"column":null}},"loc":{"start":{"line":5,"column":9},"end":{"line":7,"column":null}}},"1":{"name":"UnauthenticatedApp","decl":{"start":{"line":9,"column":9},"end":{"line":9,"column":null}},"loc":{"start":{"line":9,"column":9},"end":{"line":12,"column":null}}}},"branchMap":{},"s":{"0":0},"f":{"0":0,"1":0},"b":{}}
,"/Users/mcattaneo/workspace/frontend/apps/client-web/src/app/chargebee.types.ts": {"path":"/Users/mcattaneo/workspace/frontend/apps/client-web/src/app/chargebee.types.ts","statementMap":{"0":{"start":{"line":1,"column":24},"end":{"line":19,"column":null}},"1":{"start":{"line":24,"column":2},"end":{"line":26,"column":null}},"2":{"start":{"line":25,"column":4},"end":{"line":25,"column":null}},"3":{"start":{"line":27,"column":2},"end":{"line":27,"column":null}}},"fnMap":{"0":{"name":"isChargebeePortalSection","decl":{"start":{"line":23,"column":9},"end":{"line":23,"column":34}},"loc":{"start":{"line":23,"column":68},"end":{"line":28,"column":null}}}},"branchMap":{"0":{"loc":{"start":{"line":24,"column":2},"end":{"line":26,"column":null}},"type":"if","locations":[{"start":{"line":24,"column":2},"end":{"line":26,"column":null}}]}},"s":{"0":0,"1":0,"2":0,"3":0},"f":{"0":0},"b":{"0":[0]}}
,"/Users/mcattaneo/workspace/frontend/apps/client-web/src/app/config.ts": {"path":"/Users/mcattaneo/workspace/frontend/apps/client-web/src/app/config.ts","statementMap":{"0":{"start":{"line":3,"column":15},"end":{"line":21,"column":null}}},"fnMap":{},"branchMap":{},"s":{"0":0},"f":{},"b":{}}
,"/Users/mcattaneo/workspace/frontend/apps/client-web/src/app/disableAuthConstant.jsx": {"path":"/Users/mcattaneo/workspace/frontend/apps/client-web/src/app/disableAuthConstant.jsx","statementMap":{"0":{"start":{"line":5,"column":28},"end":{"line":5,"column":33}},"1":{"start":{"line":6,"column":0},"end":{"line":9,"column":null}},"2":{"start":{"line":8,"column":2},"end":{"line":8,"column":null}}},"fnMap":{},"branchMap":{"0":{"loc":{"start":{"line":6,"column":0},"end":{"line":9,"column":null}},"type":"if","locations":[{"start":{"line":6,"column":0},"end":{"line":9,"column":null}}]}},"s":{"0":0,"1":0,"2":0},"f":{},"b":{"0":[0]}}
,"/Users/mcattaneo/workspace/frontend/apps/client-web/src/app/reportWebVitals.ts": {"path":"/Users/mcattaneo/workspace/frontend/apps/client-web/src/app/reportWebVitals.ts","statementMap":{"0":{"start":{"line":3,"column":24},"end":{"line":13,"column":null}},"1":{"start":{"line":4,"column":2},"end":{"line":12,"column":null}},"2":{"start":{"line":5,"column":4},"end":{"line":11,"column":null}},"3":{"start":{"line":6,"column":6},"end":{"line":6,"column":null}},"4":{"start":{"line":7,"column":6},"end":{"line":7,"column":null}},"5":{"start":{"line":8,"column":6},"end":{"line":8,"column":null}},"6":{"start":{"line":9,"column":6},"end":{"line":9,"column":null}},"7":{"start":{"line":10,"column":6},"end":{"line":10,"column":null}}},"fnMap":{"0":{"name":"(anonymous_0)","decl":{"start":{"line":3,"column":24},"end":{"line":3,"column":25}},"loc":{"start":{"line":3,"column":25},"end":{"line":13,"column":null}}},"1":{"name":"(anonymous_1)","decl":{"start":{"line":5,"column":30},"end":{"line":5,"column":31}},"loc":{"start":{"line":5,"column":74},"end":{"line":11,"column":null}}}},"branchMap":{"0":{"loc":{"start":{"line":4,"column":2},"end":{"line":12,"column":null}},"type":"if","locations":[{"start":{"line":4,"column":2},"end":{"line":12,"column":null}}]},"1":{"loc":{"start":{"line":4,"column":6},"end":{"line":4,"column":54}},"type":"binary-expr","locations":[{"start":{"line":4,"column":6},"end":{"line":4,"column":21}},{"start":{"line":4,"column":21},"end":{"line":4,"column":54}}]}},"s":{"0":0,"1":0,"2":0,"3":0,"4":0,"5":0,"6":0,"7":0},"f":{"0":0,"1":0},"b":{"0":[0],"1":[0,0]}}
,"/Users/mcattaneo/workspace/frontend/apps/client-web/src/app/atoms/admin-tools.ts": {"path":"/Users/mcattaneo/workspace/frontend/apps/client-web/src/app/atoms/admin-tools.ts","statementMap":{"0":{"start":{"line":7,"column":23},"end":{"line":7,"column":null}}},"fnMap":{},"branchMap":{},"s":{"0":0},"f":{},"b":{}}
,"/Users/mcattaneo/workspace/frontend/apps/client-web/src/app/atoms/chat-feedback.ts": {"path":"/Users/mcattaneo/workspace/frontend/apps/client-web/src/app/atoms/chat-feedback.ts","statementMap":{"0":{"start":{"line":10,"column":9},"end":{"line":10,"column":null}},"1":{"start":{"line":1,"column":32},"end":{"line":1,"column":null}},"2":{"start":{"line":5,"column":25},"end":{"line":7,"column":null}}},"fnMap":{},"branchMap":{},"s":{"0":0,"1":1,"2":1},"f":{},"b":{}}
,"/Users/mcattaneo/workspace/frontend/apps/client-web/src/app/atoms/expanded-sidebar.ts": {"path":"/Users/mcattaneo/workspace/frontend/apps/client-web/src/app/atoms/expanded-sidebar.ts","statementMap":{"0":{"start":{"line":3,"column":35},"end":{"line":3,"column":85}}},"fnMap":{},"branchMap":{},"s":{"0":0},"f":{},"b":{}}
,"/Users/mcattaneo/workspace/frontend/apps/client-web/src/app/atoms/feature-flags.ts": {"path":"/Users/mcattaneo/workspace/frontend/apps/client-web/src/app/atoms/feature-flags.ts","statementMap":{"0":{"start":{"line":26,"column":9},"end":{"line":26,"column":null}},"1":{"start":{"line":1,"column":24},"end":{"line":1,"column":null}},"2":{"start":{"line":2,"column":44},"end":{"line":2,"column":null}},"3":{"start":{"line":3,"column":24},"end":{"line":3,"column":null}},"4":{"start":{"line":4,"column":28},"end":{"line":4,"column":null}},"5":{"start":{"line":7,"column":27},"end":{"line":8,"column":null}},"6":{"start":{"line":8,"column":2},"end":{"line":8,"column":null}},"7":{"start":{"line":11,"column":23},"end":{"line":24,"column":null}},"8":{"start":{"line":14,"column":15},"end":{"line":14,"column":null}},"9":{"start":{"line":15,"column":22},"end":{"line":15,"column":66}},"10":{"start":{"line":16,"column":21},"end":{"line":16,"column":null}},"11":{"start":{"line":17,"column":24},"end":{"line":17,"column":null}},"12":{"start":{"line":18,"column":2},"end":{"line":21,"column":null}},"13":{"start":{"line":19,"column":18},"end":{"line":19,"column":null}},"14":{"start":{"line":20,"column":4},"end":{"line":20,"column":null}},"15":{"start":{"line":20,"column":24},"end":{"line":20,"column":null}},"16":{"start":{"line":23,"column":2},"end":{"line":23,"column":null}}},"fnMap":{"0":{"name":"(anonymous_1)","decl":{"start":{"line":7,"column":38},"end":{"line":7,"column":39}},"loc":{"start":{"line":8,"column":2},"end":{"line":8,"column":null}}},"1":{"name":"(anonymous_2)","decl":{"start":{"line":11,"column":23},"end":{"line":11,"column":24}},"loc":{"start":{"line":11,"column":24},"end":{"line":24,"column":null}}}},"branchMap":{"0":{"loc":{"start":{"line":15,"column":22},"end":{"line":15,"column":66}},"type":"cond-expr","locations":[{"start":{"line":15,"column":22},"end":{"line":15,"column":27}},{"start":{"line":15,"column":64},"end":{"line":15,"column":66}}]},"1":{"loc":{"start":{"line":15,"column":22},"end":{"line":15,"column":27}},"type":"binary-expr","locations":[{"start":{"line":15,"column":22},"end":{"line":15,"column":64}},{"start":{"line":15,"column":22},"end":{"line":15,"column":27}}]},"2":{"loc":{"start":{"line":15,"column":22},"end":{"line":15,"column":60}},"type":"cond-expr","locations":[{"start":{"line":15,"column":22},"end":{"line":15,"column":27}},{"start":{"line":15,"column":22},"end":{"line":15,"column":60}}]},"3":{"loc":{"start":{"line":15,"column":22},"end":{"line":15,"column":27}},"type":"binary-expr","locations":[{"start":{"line":15,"column":22},"end":{"line":15,"column":33}},{"start":{"line":15,"column":22},"end":{"line":15,"column":27}}]},"4":{"loc":{"start":{"line":15,"column":22},"end":{"line":15,"column":27}},"type":"binary-expr","locations":[{"start":{"line":15,"column":22},"end":{"line":15,"column":49}},{"start":{"line":15,"column":22},"end":{"line":15,"column":27}}]},"5":{"loc":{"start":{"line":18,"column":2},"end":{"line":21,"column":null}},"type":"if","locations":[{"start":{"line":18,"column":2},"end":{"line":21,"column":null}}]},"6":{"loc":{"start":{"line":20,"column":4},"end":{"line":20,"column":null}},"type":"if","locations":[{"start":{"line":20,"column":4},"end":{"line":20,"column":null}}]},"7":{"loc":{"start":{"line":23,"column":9},"end":{"line":23,"column":null}},"type":"cond-expr","locations":[{"start":{"line":23,"column":26},"end":{"line":23,"column":69}},{"start":{"line":23,"column":69},"end":{"line":23,"column":null}}]}},"s":{"0":25,"1":3,"2":3,"3":3,"4":3,"5":3,"6":1,"7":3,"8":25,"9":25,"10":25,"11":25,"12":25,"13":0,"14":0,"15":0,"16":25},"f":{"0":1,"1":25},"b":{"0":[0,25],"1":[25,25],"2":[0,50],"3":[25,25],"4":[25,25],"5":[0],"6":[0],"7":[0,25]}}
,"/Users/mcattaneo/workspace/frontend/apps/client-web/src/app/atoms/login-route.ts": {"path":"/Users/mcattaneo/workspace/frontend/apps/client-web/src/app/atoms/login-route.ts","statementMap":{"0":{"start":{"line":22,"column":9},"end":{"line":22,"column":null}},"1":{"start":{"line":1,"column":28},"end":{"line":1,"column":null}},"2":{"start":{"line":2,"column":24},"end":{"line":2,"column":null}},"3":{"start":{"line":3,"column":32},"end":{"line":3,"column":null}},"4":{"start":{"line":5,"column":23},"end":{"line":5,"column":null}},"5":{"start":{"line":7,"column":26},"end":{"line":20,"column":null}},"6":{"start":{"line":8,"column":38},"end":{"line":8,"column":null}},"7":{"start":{"line":10,"column":28},"end":{"line":17,"column":null}},"8":{"start":{"line":11,"column":29},"end":{"line":11,"column":null}},"9":{"start":{"line":12,"column":4},"end":{"line":14,"column":null}},"10":{"start":{"line":13,"column":6},"end":{"line":13,"column":null}},"11":{"start":{"line":16,"column":4},"end":{"line":16,"column":null}},"12":{"start":{"line":19,"column":2},"end":{"line":19,"column":null}}},"fnMap":{"0":{"name":"(anonymous_1)","decl":{"start":{"line":7,"column":26},"end":{"line":7,"column":null}},"loc":{"start":{"line":7,"column":26},"end":{"line":20,"column":null}}},"1":{"name":"(anonymous_2)","decl":{"start":{"line":10,"column":40},"end":{"line":10,"column":null}},"loc":{"start":{"line":10,"column":40},"end":{"line":17,"column":5}}}},"branchMap":{"0":{"loc":{"start":{"line":12,"column":4},"end":{"line":14,"column":null}},"type":"if","locations":[{"start":{"line":12,"column":4},"end":{"line":14,"column":null}}]}},"s":{"0":16,"1":1,"2":1,"3":1,"4":1,"5":1,"6":16,"7":16,"8":0,"9":0,"10":0,"11":0,"12":16},"f":{"0":16,"1":0},"b":{"0":[0]}}
,"/Users/mcattaneo/workspace/frontend/apps/client-web/src/app/atoms/open-search-bar.ts": {"path":"/Users/mcattaneo/workspace/frontend/apps/client-web/src/app/atoms/open-search-bar.ts","statementMap":{"0":{"start":{"line":5,"column":9},"end":{"line":5,"column":null}},"1":{"start":{"line":1,"column":21},"end":{"line":1,"column":null}},"2":{"start":{"line":3,"column":26},"end":{"line":3,"column":null}}},"fnMap":{},"branchMap":{},"s":{"0":0,"1":1,"2":1},"f":{},"b":{}}
,"/Users/mcattaneo/workspace/frontend/apps/client-web/src/app/atoms/watchlists-mode-view.ts": {"path":"/Users/mcattaneo/workspace/frontend/apps/client-web/src/app/atoms/watchlists-mode-view.ts","statementMap":{"0":{"start":{"line":3,"column":38},"end":{"line":3,"column":100}}},"fnMap":{},"branchMap":{},"s":{"0":0},"f":{},"b":{}}
,"/Users/mcattaneo/workspace/frontend/apps/client-web/src/app/atoms/web-socket-endpoint.ts": {"path":"/Users/mcattaneo/workspace/frontend/apps/client-web/src/app/atoms/web-socket-endpoint.ts","statementMap":{"0":{"start":{"line":26,"column":9},"end":{"line":26,"column":null}},"1":{"start":{"line":1,"column":28},"end":{"line":1,"column":null}},"2":{"start":{"line":2,"column":24},"end":{"line":2,"column":null}},"3":{"start":{"line":3,"column":32},"end":{"line":3,"column":null}},"4":{"start":{"line":4,"column":24},"end":{"line":4,"column":null}},"5":{"start":{"line":5,"column":28},"end":{"line":5,"column":null}},"6":{"start":{"line":7,"column":30},"end":{"line":7,"column":null}},"7":{"start":{"line":9,"column":33},"end":{"line":24,"column":null}},"8":{"start":{"line":10,"column":19},"end":{"line":10,"column":null}},"9":{"start":{"line":11,"column":52},"end":{"line":11,"column":null}},"10":{"start":{"line":13,"column":33},"end":{"line":15,"column":null}},"11":{"start":{"line":14,"column":4},"end":{"line":14,"column":null}},"12":{"start":{"line":17,"column":2},"end":{"line":23,"column":null}}},"fnMap":{"0":{"name":"(anonymous_1)","decl":{"start":{"line":9,"column":33},"end":{"line":9,"column":null}},"loc":{"start":{"line":9,"column":33},"end":{"line":24,"column":null}}},"1":{"name":"(anonymous_2)","decl":{"start":{"line":13,"column":45},"end":{"line":13,"column":null}},"loc":{"start":{"line":13,"column":45},"end":{"line":15,"column":5}}}},"branchMap":{"0":{"loc":{"start":{"line":18,"column":23},"end":{"line":20,"column":null}},"type":"cond-expr","locations":[{"start":{"line":19,"column":8},"end":{"line":19,"column":null}},{"start":{"line":20,"column":8},"end":{"line":20,"column":null}}]},"1":{"loc":{"start":{"line":18,"column":35},"end":{"line":18,"column":null}},"type":"cond-expr","locations":[{"start":{"line":18,"column":35},"end":{"line":18,"column":41}},{"start":{"line":18,"column":78},"end":{"line":18,"column":null}}]},"2":{"loc":{"start":{"line":18,"column":35},"end":{"line":18,"column":41}},"type":"binary-expr","locations":[{"start":{"line":18,"column":35},"end":{"line":18,"column":78}},{"start":{"line":18,"column":35},"end":{"line":18,"column":41}}]},"3":{"loc":{"start":{"line":18,"column":35},"end":{"line":18,"column":74}},"type":"cond-expr","locations":[{"start":{"line":18,"column":35},"end":{"line":18,"column":41}},{"start":{"line":18,"column":35},"end":{"line":18,"column":74}}]},"4":{"loc":{"start":{"line":18,"column":35},"end":{"line":18,"column":41}},"type":"binary-expr","locations":[{"start":{"line":18,"column":35},"end":{"line":18,"column":41}},{"start":{"line":18,"column":35},"end":{"line":18,"column":41}}]},"5":{"loc":{"start":{"line":18,"column":35},"end":{"line":18,"column":41}},"type":"binary-expr","locations":[{"start":{"line":18,"column":35},"end":{"line":18,"column":62}},{"start":{"line":18,"column":35},"end":{"line":18,"column":41}}]}},"s":{"0":0,"1":1,"2":1,"3":1,"4":1,"5":1,"6":1,"7":1,"8":0,"9":0,"10":0,"11":0,"12":0},"f":{"0":0,"1":0},"b":{"0":[0,0],"1":[0,0],"2":[0,0],"3":[0,0],"4":[0,0],"5":[0,0]}}
,"/Users/mcattaneo/workspace/frontend/apps/client-web/src/app/components/Hub/HubNoResults.tsx": {"path":"/Users/mcattaneo/workspace/frontend/apps/client-web/src/app/components/Hub/HubNoResults.tsx","statementMap":{"0":{"start":{"line":8,"column":13},"end":{"line":8,"column":28}},"1":{"start":{"line":1,"column":32},"end":{"line":1,"column":null}},"2":{"start":{"line":8,"column":28},"end":{"line":18,"column":null}},"3":{"start":{"line":10,"column":4},"end":{"line":10,"column":null}}},"fnMap":{"0":{"name":"(anonymous_1)","decl":{"start":{"line":8,"column":28},"end":{"line":8,"column":29}},"loc":{"start":{"line":8,"column":61},"end":{"line":18,"column":null}}}},"branchMap":{"0":{"loc":{"start":{"line":8,"column":37},"end":{"line":8,"column":52}},"type":"default-arg","locations":[{"start":{"line":8,"column":50},"end":{"line":8,"column":52}}]},"1":{"loc":{"start":{"line":10,"column":4},"end":{"line":10,"column":null}},"type":"cond-expr","locations":[{"start":{"line":10,"column":28},"end":{"line":10,"column":66}},{"start":{"line":10,"column":66},"end":{"line":10,"column":null}}]},"2":{"loc":{"start":{"line":14,"column":9},"end":{"line":14,"column":null}},"type":"cond-expr","locations":[{"start":{"line":14,"column":9},"end":{"line":14,"column":17}},{"start":{"line":14,"column":17},"end":{"line":14,"column":null}}]},"3":{"loc":{"start":{"line":14,"column":9},"end":{"line":14,"column":17}},"type":"binary-expr","locations":[{"start":{"line":14,"column":9},"end":{"line":14,"column":17}},{"start":{"line":14,"column":9},"end":{"line":14,"column":17}}]}},"s":{"0":0,"1":1,"2":1,"3":0},"f":{"0":0},"b":{"0":[0],"1":[0,0],"2":[0,0],"3":[0,0]}}
,"/Users/mcattaneo/workspace/frontend/apps/client-web/src/app/components/Hub/Chats/ChatListItem.tsx": {"path":"/Users/mcattaneo/workspace/frontend/apps/client-web/src/app/components/Hub/Chats/ChatListItem.tsx","statementMap":{"0":{"start":{"line":18,"column":21},"end":{"line":88,"column":null}},"1":{"start":{"line":19,"column":34},"end":{"line":19,"column":null}},"2":{"start":{"line":20,"column":16},"end":{"line":20,"column":null}},"3":{"start":{"line":21,"column":23},"end":{"line":21,"column":null}},"4":{"start":{"line":27,"column":8},"end":{"line":27,"column":null}}},"fnMap":{"0":{"name":"(anonymous_0)","decl":{"start":{"line":18,"column":21},"end":{"line":18,"column":22}},"loc":{"start":{"line":18,"column":72},"end":{"line":88,"column":null}}},"1":{"name":"(anonymous_1)","decl":{"start":{"line":26,"column":18},"end":{"line":26,"column":null}},"loc":{"start":{"line":26,"column":18},"end":{"line":28,"column":null}}}},"branchMap":{"0":{"loc":{"start":{"line":40,"column":8},"end":{"line":71,"column":null}},"type":"cond-expr","locations":[{"start":{"line":41,"column":12},"end":{"line":41,"column":null}},{"start":{"line":42,"column":12},"end":{"line":71,"column":null}}]},"1":{"loc":{"start":{"line":68,"column":19},"end":{"line":68,"column":null}},"type":"cond-expr","locations":[{"start":{"line":68,"column":35},"end":{"line":68,"column":null}},{"start":{"line":68,"column":95},"end":{"line":68,"column":null}}]}},"s":{"0":0,"1":0,"2":0,"3":0,"4":0},"f":{"0":0,"1":0},"b":{"0":[0,0],"1":[0,0]}}
,"/Users/mcattaneo/workspace/frontend/apps/client-web/src/app/components/Hub/Chats/Chats.tsx": {"path":"/Users/mcattaneo/workspace/frontend/apps/client-web/src/app/components/Hub/Chats/Chats.tsx","statementMap":{"0":{"start":{"line":16,"column":14},"end":{"line":43,"column":null}},"1":{"start":{"line":17,"column":23},"end":{"line":17,"column":null}},"2":{"start":{"line":18,"column":16},"end":{"line":18,"column":null}},"3":{"start":{"line":19,"column":19},"end":{"line":19,"column":null}},"4":{"start":{"line":20,"column":16},"end":{"line":20,"column":null}},"5":{"start":{"line":21,"column":2},"end":{"line":36,"column":null}},"6":{"start":{"line":29,"column":25},"end":{"line":29,"column":null}}},"fnMap":{"0":{"name":"(anonymous_0)","decl":{"start":{"line":16,"column":14},"end":{"line":16,"column":15}},"loc":{"start":{"line":16,"column":36},"end":{"line":43,"column":null}}},"1":{"name":"(anonymous_1)","decl":{"start":{"line":29,"column":19},"end":{"line":29,"column":25}},"loc":{"start":{"line":29,"column":25},"end":{"line":29,"column":null}}}},"branchMap":{"0":{"loc":{"start":{"line":21,"column":2},"end":{"line":36,"column":null}},"type":"if","locations":[{"start":{"line":21,"column":2},"end":{"line":36,"column":null}}]}},"s":{"0":0,"1":0,"2":0,"3":0,"4":0,"5":0,"6":0},"f":{"0":0,"1":0},"b":{"0":[0]}}
,"/Users/mcattaneo/workspace/frontend/apps/client-web/src/app/components/Hub/Chats/ChatsList.tsx": {"path":"/Users/mcattaneo/workspace/frontend/apps/client-web/src/app/components/Hub/Chats/ChatsList.tsx","statementMap":{"0":{"start":{"line":17,"column":22},"end":{"line":17,"column":null}},"1":{"start":{"line":19,"column":21},"end":{"line":22,"column":null}},"2":{"start":{"line":28,"column":31},"end":{"line":28,"column":null}},"3":{"start":{"line":30,"column":18},"end":{"line":111,"column":null}},"4":{"start":{"line":31,"column":33},"end":{"line":31,"column":null}},"5":{"start":{"line":32,"column":22},"end":{"line":32,"column":null}},"6":{"start":{"line":33,"column":35},"end":{"line":33,"column":null}},"7":{"start":{"line":34,"column":52},"end":{"line":34,"column":null}},"8":{"start":{"line":36,"column":24},"end":{"line":40,"column":null}},"9":{"start":{"line":37,"column":4},"end":{"line":38,"column":null}},"10":{"start":{"line":38,"column":38},"end":{"line":38,"column":98}},"11":{"start":{"line":42,"column":2},"end":{"line":42,"column":null}},"12":{"start":{"line":42,"column":17},"end":{"line":42,"column":null}},"13":{"start":{"line":44,"column":2},"end":{"line":46,"column":null}},"14":{"start":{"line":45,"column":4},"end":{"line":45,"column":null}},"15":{"start":{"line":48,"column":2},"end":{"line":50,"column":null}}},"fnMap":{"0":{"name":"(anonymous_0)","decl":{"start":{"line":30,"column":18},"end":{"line":30,"column":19}},"loc":{"start":{"line":30,"column":40},"end":{"line":111,"column":null}}},"1":{"name":"(anonymous_1)","decl":{"start":{"line":36,"column":32},"end":{"line":36,"column":null}},"loc":{"start":{"line":36,"column":32},"end":{"line":40,"column":5}}},"2":{"name":"(anonymous_2)","decl":{"start":{"line":38,"column":33},"end":{"line":38,"column":38}},"loc":{"start":{"line":38,"column":38},"end":{"line":38,"column":98}}}},"branchMap":{"0":{"loc":{"start":{"line":33,"column":10},"end":{"line":33,"column":19}},"type":"default-arg","locations":[{"start":{"line":33,"column":17},"end":{"line":33,"column":19}}]},"1":{"loc":{"start":{"line":38,"column":6},"end":{"line":38,"column":100}},"type":"cond-expr","locations":[{"start":{"line":38,"column":6},"end":{"line":38,"column":11}},{"start":{"line":38,"column":98},"end":{"line":38,"column":100}}]},"2":{"loc":{"start":{"line":38,"column":6},"end":{"line":38,"column":11}},"type":"binary-expr","locations":[{"start":{"line":38,"column":6},"end":{"line":38,"column":98}},{"start":{"line":38,"column":6},"end":{"line":38,"column":11}}]},"3":{"loc":{"start":{"line":42,"column":2},"end":{"line":42,"column":null}},"type":"if","locations":[{"start":{"line":42,"column":2},"end":{"line":42,"column":null}}]},"4":{"loc":{"start":{"line":44,"column":2},"end":{"line":46,"column":null}},"type":"if","locations":[{"start":{"line":44,"column":2},"end":{"line":46,"column":null}}]},"5":{"loc":{"start":{"line":48,"column":2},"end":{"line":50,"column":null}},"type":"if","locations":[{"start":{"line":48,"column":2},"end":{"line":50,"column":null}}]},"6":{"loc":{"start":{"line":48,"column":6},"end":{"line":48,"column":53}},"type":"binary-expr","locations":[{"start":{"line":48,"column":6},"end":{"line":48,"column":25}},{"start":{"line":48,"column":25},"end":{"line":48,"column":53}}]},"7":{"loc":{"start":{"line":57,"column":23},"end":{"line":59,"column":null}},"type":"cond-expr","locations":[{"start":{"line":58,"column":12},"end":{"line":58,"column":88}},{"start":{"line":59,"column":12},"end":{"line":59,"column":null}}]}},"s":{"0":0,"1":0,"2":0,"3":0,"4":0,"5":0,"6":0,"7":0,"8":0,"9":0,"10":0,"11":0,"12":0,"13":0,"14":0,"15":0},"f":{"0":0,"1":0,"2":0},"b":{"0":[0],"1":[0,0],"2":[0,0],"3":[0],"4":[0],"5":[0],"6":[0,0],"7":[0,0]}}
,"/Users/mcattaneo/workspace/frontend/apps/client-web/src/app/components/Hub/Chats/EmptyChats.tsx": {"path":"/Users/mcattaneo/workspace/frontend/apps/client-web/src/app/components/Hub/Chats/EmptyChats.tsx","statementMap":{"0":{"start":{"line":5,"column":19},"end":{"line":30,"column":null}},"1":{"start":{"line":6,"column":23},"end":{"line":6,"column":null}}},"fnMap":{"0":{"name":"(anonymous_0)","decl":{"start":{"line":5,"column":19},"end":{"line":5,"column":null}},"loc":{"start":{"line":5,"column":19},"end":{"line":30,"column":null}}}},"branchMap":{"0":{"loc":{"start":{"line":10,"column":16},"end":{"line":10,"column":null}},"type":"cond-expr","locations":[{"start":{"line":10,"column":27},"end":{"line":10,"column":52}},{"start":{"line":10,"column":52},"end":{"line":10,"column":null}}]}},"s":{"0":0,"1":0},"f":{"0":0},"b":{"0":[0,0]}}
,"/Users/mcattaneo/workspace/frontend/apps/client-web/src/app/components/Hub/Files/Files.styles.ts": {"path":"/Users/mcattaneo/workspace/frontend/apps/client-web/src/app/components/Hub/Files/Files.styles.ts","statementMap":{"0":{"start":{"line":11,"column":13},"end":{"line":11,"column":33}},"1":{"start":{"line":4,"column":13},"end":{"line":4,"column":28}},"2":{"start":{"line":9,"column":13},"end":{"line":9,"column":25}},"3":{"start":{"line":1,"column":23},"end":{"line":1,"column":null}},"4":{"start":{"line":2,"column":27},"end":{"line":2,"column":null}},"5":{"start":{"line":4,"column":31},"end":{"line":7,"column":null}},"6":{"start":{"line":4,"column":74},"end":{"line":7,"column":null}},"7":{"start":{"line":9,"column":28},"end":{"line":9,"column":null}},"8":{"start":{"line":11,"column":36},"end":{"line":16,"column":null}},"9":{"start":{"line":12,"column":18},"end":{"line":16,"column":null}}},"fnMap":{"0":{"name":"(anonymous_4)","decl":{"start":{"line":4,"column":67},"end":{"line":4,"column":74}},"loc":{"start":{"line":4,"column":74},"end":{"line":7,"column":null}}},"1":{"name":"(anonymous_5)","decl":{"start":{"line":12,"column":2},"end":{"line":12,"column":3}},"loc":{"start":{"line":12,"column":18},"end":{"line":16,"column":null}}}},"branchMap":{},"s":{"0":0,"1":2,"2":0,"3":2,"4":2,"5":2,"6":2,"7":2,"8":2,"9":0},"f":{"0":2,"1":0},"b":{}}
,"/Users/mcattaneo/workspace/frontend/apps/client-web/src/app/components/Hub/Files/Files.tsx": {"path":"/Users/mcattaneo/workspace/frontend/apps/client-web/src/app/components/Hub/Files/Files.tsx","statementMap":{"0":{"start":{"line":34,"column":0},"end":{"line":34,"column":15}},"1":{"start":{"line":3,"column":29},"end":{"line":3,"column":null}},"2":{"start":{"line":4,"column":36},"end":{"line":4,"column":null}},"3":{"start":{"line":5,"column":32},"end":{"line":5,"column":null}},"4":{"start":{"line":6,"column":26},"end":{"line":6,"column":null}},"5":{"start":{"line":18,"column":14},"end":{"line":32,"column":null}},"6":{"start":{"line":34,"column":15},"end":{"line":34,"column":null}}},"fnMap":{"0":{"name":"(anonymous_1)","decl":{"start":{"line":18,"column":14},"end":{"line":18,"column":15}},"loc":{"start":{"line":18,"column":82},"end":{"line":32,"column":null}}}},"branchMap":{},"s":{"0":2,"1":2,"2":2,"3":2,"4":2,"5":2,"6":2},"f":{"0":2},"b":{}}
,"/Users/mcattaneo/workspace/frontend/apps/client-web/src/app/components/Hub/Files/index.ts": {"path":"/Users/mcattaneo/workspace/frontend/apps/client-web/src/app/components/Hub/Files/index.ts","statementMap":{"0":{"start":{"line":3,"column":0},"end":{"line":3,"column":15}},"1":{"start":{"line":1,"column":18},"end":{"line":1,"column":null}},"2":{"start":{"line":3,"column":15},"end":{"line":3,"column":20}}},"fnMap":{},"branchMap":{},"s":{"0":1,"1":1,"2":1},"f":{},"b":{}}
,"/Users/mcattaneo/workspace/frontend/apps/client-web/src/app/components/Hub/Files/FileStatusCell/FileRowComponents.styles.ts": {"path":"/Users/mcattaneo/workspace/frontend/apps/client-web/src/app/components/Hub/Files/FileStatusCell/FileRowComponents.styles.ts","statementMap":{"0":{"start":{"line":22,"column":13},"end":{"line":22,"column":31}},"1":{"start":{"line":15,"column":13},"end":{"line":15,"column":33}},"2":{"start":{"line":32,"column":13},"end":{"line":32,"column":31}},"3":{"start":{"line":44,"column":13},"end":{"line":44,"column":29}},"4":{"start":{"line":40,"column":13},"end":{"line":40,"column":30}},"5":{"start":{"line":10,"column":13},"end":{"line":10,"column":28}},"6":{"start":{"line":1,"column":23},"end":{"line":1,"column":null}},"7":{"start":{"line":2,"column":38},"end":{"line":2,"column":null}},"8":{"start":{"line":10,"column":31},"end":{"line":14,"column":null}},"9":{"start":{"line":15,"column":36},"end":{"line":21,"column":null}},"10":{"start":{"line":17,"column":29},"end":{"line":17,"column":null}},"11":{"start":{"line":18,"column":61},"end":{"line":21,"column":null}},"12":{"start":{"line":22,"column":34},"end":{"line":31,"column":null}},"13":{"start":{"line":24,"column":29},"end":{"line":24,"column":null}},"14":{"start":{"line":25,"column":44},"end":{"line":31,"column":null}},"15":{"start":{"line":32,"column":34},"end":{"line":39,"column":null}},"16":{"start":{"line":40,"column":33},"end":{"line":43,"column":null}},"17":{"start":{"line":40,"column":99},"end":{"line":43,"column":null}},"18":{"start":{"line":44,"column":32},"end":{"line":47,"column":null}}},"fnMap":{"0":{"name":"(anonymous_7)","decl":{"start":{"line":17,"column":21},"end":{"line":17,"column":29}},"loc":{"start":{"line":17,"column":29},"end":{"line":17,"column":null}}},"1":{"name":"(anonymous_8)","decl":{"start":{"line":18,"column":29},"end":{"line":18,"column":30}},"loc":{"start":{"line":18,"column":61},"end":{"line":21,"column":null}}},"2":{"name":"(anonymous_9)","decl":{"start":{"line":24,"column":21},"end":{"line":24,"column":29}},"loc":{"start":{"line":24,"column":29},"end":{"line":24,"column":null}}},"3":{"name":"(anonymous_10)","decl":{"start":{"line":25,"column":27},"end":{"line":25,"column":28}},"loc":{"start":{"line":25,"column":44},"end":{"line":31,"column":null}}},"4":{"name":"(anonymous_11)","decl":{"start":{"line":40,"column":83},"end":{"line":40,"column":84}},"loc":{"start":{"line":40,"column":99},"end":{"line":43,"column":null}}}},"branchMap":{"0":{"loc":{"start":{"line":19,"column":11},"end":{"line":19,"column":null}},"type":"cond-expr","locations":[{"start":{"line":19,"column":35},"end":{"line":19,"column":48}},{"start":{"line":19,"column":48},"end":{"line":19,"column":null}}]},"1":{"loc":{"start":{"line":30,"column":9},"end":{"line":30,"column":null}},"type":"cond-expr","locations":[{"start":{"line":30,"column":18},"end":{"line":30,"column":36}},{"start":{"line":30,"column":36},"end":{"line":30,"column":null}}]}},"s":{"0":0,"1":0,"2":0,"3":2,"4":1,"5":0,"6":3,"7":3,"8":3,"9":3,"10":3,"11":0,"12":3,"13":0,"14":0,"15":3,"16":3,"17":1,"18":3},"f":{"0":3,"1":0,"2":0,"3":0,"4":1},"b":{"0":[0,0],"1":[0,0]}}
,"/Users/mcattaneo/workspace/frontend/apps/client-web/src/app/components/Hub/Files/FileStatusCell/FileStatusCell.tsx": {"path":"/Users/mcattaneo/workspace/frontend/apps/client-web/src/app/components/Hub/Files/FileStatusCell/FileStatusCell.tsx","statementMap":{"0":{"start":{"line":144,"column":9},"end":{"line":144,"column":23}},"1":{"start":{"line":144,"column":25},"end":{"line":144,"column":40}},"2":{"start":{"line":1,"column":27},"end":{"line":1,"column":null}},"3":{"start":{"line":2,"column":26},"end":{"line":2,"column":null}},"4":{"start":{"line":4,"column":31},"end":{"line":4,"column":null}},"5":{"start":{"line":5,"column":31},"end":{"line":5,"column":null}},"6":{"start":{"line":13,"column":7},"end":{"line":13,"column":null}},"7":{"start":{"line":14,"column":30},"end":{"line":14,"column":null}},"8":{"start":{"line":15,"column":52},"end":{"line":15,"column":null}},"9":{"start":{"line":19,"column":2},"end":{"line":19,"column":null}},"10":{"start":{"line":76,"column":22},"end":{"line":76,"column":null}},"11":{"start":{"line":77,"column":29},"end":{"line":77,"column":null}},"12":{"start":{"line":86,"column":14},"end":{"line":86,"column":null}},"13":{"start":{"line":87,"column":14},"end":{"line":87,"column":null}},"14":{"start":{"line":107,"column":62},"end":{"line":107,"column":null}},"15":{"start":{"line":109,"column":2},"end":{"line":114,"column":null}},"16":{"start":{"line":110,"column":4},"end":{"line":112,"column":null}},"17":{"start":{"line":113,"column":4},"end":{"line":113,"column":null}},"18":{"start":{"line":117,"column":4},"end":{"line":117,"column":null}},"19":{"start":{"line":119,"column":2},"end":{"line":139,"column":null}},"20":{"start":{"line":121,"column":6},"end":{"line":121,"column":null}},"21":{"start":{"line":122,"column":6},"end":{"line":122,"column":null}},"22":{"start":{"line":124,"column":6},"end":{"line":124,"column":null}},"23":{"start":{"line":125,"column":6},"end":{"line":125,"column":null}},"24":{"start":{"line":128,"column":6},"end":{"line":128,"column":null}},"25":{"start":{"line":131,"column":6},"end":{"line":131,"column":null}},"26":{"start":{"line":132,"column":6},"end":{"line":132,"column":null}},"27":{"start":{"line":134,"column":6},"end":{"line":134,"column":null}},"28":{"start":{"line":135,"column":6},"end":{"line":135,"column":null}},"29":{"start":{"line":138,"column":6},"end":{"line":138,"column":null}}},"fnMap":{"0":{"name":"CompleteContent","decl":{"start":{"line":18,"column":9},"end":{"line":18,"column":null}},"loc":{"start":{"line":18,"column":9},"end":{"line":20,"column":null}}},"1":{"name":"PendingContent","decl":{"start":{"line":22,"column":9},"end":{"line":22,"column":null}},"loc":{"start":{"line":22,"column":9},"end":{"line":24,"column":null}}},"2":{"name":"ProgressContent","decl":{"start":{"line":26,"column":9},"end":{"line":26,"column":25}},"loc":{"start":{"line":26,"column":59},"end":{"line":37,"column":null}}},"3":{"name":"AnalyzingContent","decl":{"start":{"line":39,"column":9},"end":{"line":39,"column":null}},"loc":{"start":{"line":39,"column":9},"end":{"line":41,"column":null}}},"4":{"name":"DoneContent","decl":{"start":{"line":43,"column":9},"end":{"line":43,"column":null}},"loc":{"start":{"line":43,"column":9},"end":{"line":45,"column":null}}},"5":{"name":"ErrorContent","decl":{"start":{"line":47,"column":9},"end":{"line":47,"column":22}},"loc":{"start":{"line":47,"column":60},"end":{"line":73,"column":null}}},"6":{"name":"ActionCell","decl":{"start":{"line":75,"column":9},"end":{"line":75,"column":20}},"loc":{"start":{"line":75,"column":46},"end":{"line":103,"column":null}}},"7":{"name":"(anonymous_14)","decl":{"start":{"line":85,"column":21},"end":{"line":85,"column":null}},"loc":{"start":{"line":85,"column":21},"end":{"line":88,"column":null}}},"8":{"name":"FileStatusCell","decl":{"start":{"line":105,"column":9},"end":{"line":105,"column":24}},"loc":{"start":{"line":105,"column":50},"end":{"line":142,"column":null}}}},"branchMap":{"0":{"loc":{"start":{"line":81,"column":7},"end":{"line":93,"column":null}},"type":"cond-expr","locations":[{"start":{"line":82,"column":8},"end":{"line":93,"column":null}},{"start":{"line":93,"column":10},"end":{"line":93,"column":null}}]},"1":{"loc":{"start":{"line":81,"column":7},"end":{"line":81,"column":63}},"type":"binary-expr","locations":[{"start":{"line":81,"column":7},"end":{"line":81,"column":38}},{"start":{"line":81,"column":38},"end":{"line":81,"column":63}}]},"2":{"loc":{"start":{"line":107,"column":40},"end":{"line":107,"column":57}},"type":"default-arg","locations":[{"start":{"line":107,"column":52},"end":{"line":107,"column":57}}]},"3":{"loc":{"start":{"line":109,"column":2},"end":{"line":114,"column":null}},"type":"if","locations":[{"start":{"line":109,"column":2},"end":{"line":114,"column":null}}]},"4":{"loc":{"start":{"line":110,"column":4},"end":{"line":112,"column":null}},"type":"if","locations":[{"start":{"line":110,"column":4},"end":{"line":112,"column":null}}]},"5":{"loc":{"start":{"line":117,"column":4},"end":{"line":117,"column":null}},"type":"binary-expr","locations":[{"start":{"line":117,"column":4},"end":{"line":117,"column":20}},{"start":{"line":117,"column":21},"end":{"line":117,"column":48}},{"start":{"line":117,"column":48},"end":{"line":117,"column":null}}]},"6":{"loc":{"start":{"line":119,"column":2},"end":{"line":139,"column":null}},"type":"switch","locations":[{"start":{"line":120,"column":4},"end":{"line":122,"column":null}},{"start":{"line":123,"column":4},"end":{"line":125,"column":null}},{"start":{"line":126,"column":4},"end":{"line":128,"column":null}},{"start":{"line":129,"column":4},"end":{"line":129,"column":null}},{"start":{"line":130,"column":4},"end":{"line":132,"column":null}},{"start":{"line":133,"column":4},"end":{"line":135,"column":null}},{"start":{"line":136,"column":4},"end":{"line":138,"column":null}}]},"7":{"loc":{"start":{"line":119,"column":2},"end":{"line":119,"column":null}},"type":"cond-expr","locations":[{"start":{"line":119,"column":10},"end":{"line":119,"column":15}},{"start":{"line":119,"column":10},"end":{"line":119,"column":null}}]},"8":{"loc":{"start":{"line":119,"column":2},"end":{"line":119,"column":15}},"type":"binary-expr","locations":[{"start":{"line":119,"column":2},"end":{"line":119,"column":23}},{"start":{"line":119,"column":10},"end":{"line":119,"column":15}}]},"9":{"loc":{"start":{"line":121,"column":20},"end":{"line":121,"column":null}},"type":"cond-expr","locations":[{"start":{"line":121,"column":44},"end":{"line":121,"column":72}},{"start":{"line":121,"column":72},"end":{"line":121,"column":null}}]},"10":{"loc":{"start":{"line":127,"column":47},"end":{"line":127,"column":null}},"type":"binary-expr","locations":[{"start":{"line":127,"column":47},"end":{"line":127,"column":60}},{"start":{"line":127,"column":64},"end":{"line":127,"column":null}}]},"11":{"loc":{"start":{"line":134,"column":20},"end":{"line":134,"column":null}},"type":"cond-expr","locations":[{"start":{"line":134,"column":44},"end":{"line":134,"column":72}},{"start":{"line":134,"column":72},"end":{"line":134,"column":null}}]},"12":{"loc":{"start":{"line":141,"column":25},"end":{"line":141,"column":70}},"type":"cond-expr","locations":[{"start":{"line":141,"column":49},"end":{"line":141,"column":59}},{"start":{"line":141,"column":59},"end":{"line":141,"column":70}}]}},"s":{"0":7,"1":0,"2":3,"3":3,"4":3,"5":3,"6":3,"7":3,"8":3,"9":0,"10":2,"11":2,"12":0,"13":0,"14":7,"15":7,"16":0,"17":0,"18":7,"19":7,"20":2,"21":2,"22":1,"23":1,"24":1,"25":1,"26":1,"27":1,"28":1,"29":1},"f":{"0":0,"1":1,"2":1,"3":1,"4":1,"5":1,"6":2,"7":0,"8":7},"b":{"0":[0,2],"1":[2,0],"2":[7],"3":[0],"4":[0],"5":[7,0,7],"6":[2,1,1,1,1,1,1],"7":[0,7],"8":[7,7],"9":[2,0],"10":[1,0],"11":[0,1],"12":[2,5]}}
,"/Users/mcattaneo/workspace/frontend/apps/client-web/src/app/components/Hub/Files/FilesList/FilesList.tsx": {"path":"/Users/mcattaneo/workspace/frontend/apps/client-web/src/app/components/Hub/Files/FilesList/FilesList.tsx","statementMap":{"0":{"start":{"line":253,"column":9},"end":{"line":253,"column":null}},"1":{"start":{"line":1,"column":62},"end":{"line":1,"column":null}},"2":{"start":{"line":2,"column":37},"end":{"line":2,"column":null}},"3":{"start":{"line":3,"column":27},"end":{"line":3,"column":null}},"4":{"start":{"line":4,"column":41},"end":{"line":4,"column":null}},"5":{"start":{"line":5,"column":41},"end":{"line":5,"column":null}},"6":{"start":{"line":12,"column":7},"end":{"line":12,"column":null}},"7":{"start":{"line":14,"column":44},"end":{"line":14,"column":null}},"8":{"start":{"line":15,"column":30},"end":{"line":15,"column":null}},"9":{"start":{"line":16,"column":54},"end":{"line":16,"column":null}},"10":{"start":{"line":17,"column":42},"end":{"line":17,"column":null}},"11":{"start":{"line":19,"column":30},"end":{"line":19,"column":null}},"12":{"start":{"line":21,"column":22},"end":{"line":21,"column":null}},"13":{"start":{"line":22,"column":29},"end":{"line":30,"column":null}},"14":{"start":{"line":31,"column":21},"end":{"line":35,"column":null}},"15":{"start":{"line":44,"column":31},"end":{"line":44,"column":null}},"16":{"start":{"line":45,"column":18},"end":{"line":251,"column":null}},"17":{"start":{"line":46,"column":28},"end":{"line":46,"column":null}},"18":{"start":{"line":47,"column":33},"end":{"line":47,"column":null}},"19":{"start":{"line":48,"column":50},"end":{"line":48,"column":null}},"20":{"start":{"line":62,"column":6},"end":{"line":62,"column":null}},"21":{"start":{"line":64,"column":29},"end":{"line":64,"column":null}},"22":{"start":{"line":66,"column":2},"end":{"line":68,"column":null}},"23":{"start":{"line":67,"column":4},"end":{"line":67,"column":null}},"24":{"start":{"line":70,"column":23},"end":{"line":70,"column":null}},"25":{"start":{"line":71,"column":2},"end":{"line":71,"column":null}},"26":{"start":{"line":71,"column":22},"end":{"line":71,"column":null}},"27":{"start":{"line":73,"column":2},"end":{"line":75,"column":null}},"28":{"start":{"line":77,"column":2},"end":{"line":88,"column":null}},"29":{"start":{"line":121,"column":18},"end":{"line":121,"column":null}},"30":{"start":{"line":122,"column":18},"end":{"line":126,"column":null}},"31":{"start":{"line":123,"column":20},"end":{"line":123,"column":null}},"32":{"start":{"line":125,"column":20},"end":{"line":125,"column":null}},"33":{"start":{"line":125,"column":60},"end":{"line":125,"column":null}},"34":{"start":{"line":196,"column":41},"end":{"line":196,"column":null}},"35":{"start":{"line":196,"column":73},"end":{"line":196,"column":77}},"36":{"start":{"line":204,"column":42},"end":{"line":204,"column":54}},"37":{"start":{"line":208,"column":24},"end":{"line":210,"column":null}},"38":{"start":{"line":208,"column":54},"end":{"line":208,"column":58}},"39":{"start":{"line":209,"column":26},"end":{"line":209,"column":null}}},"fnMap":{"0":{"name":"(anonymous_1)","decl":{"start":{"line":45,"column":18},"end":{"line":45,"column":19}},"loc":{"start":{"line":45,"column":71},"end":{"line":251,"column":null}}},"1":{"name":"(anonymous_2)","decl":{"start":{"line":66,"column":12},"end":{"line":66,"column":null}},"loc":{"start":{"line":66,"column":12},"end":{"line":68,"column":5}}},"2":{"name":"(anonymous_3)","decl":{"start":{"line":120,"column":26},"end":{"line":120,"column":27}},"loc":{"start":{"line":120,"column":31},"end":{"line":127,"column":null}}},"3":{"name":"(anonymous_4)","decl":{"start":{"line":125,"column":54},"end":{"line":125,"column":60}},"loc":{"start":{"line":125,"column":60},"end":{"line":125,"column":null}}},"4":{"name":"(anonymous_5)","decl":{"start":{"line":196,"column":35},"end":{"line":196,"column":41}},"loc":{"start":{"line":196,"column":41},"end":{"line":196,"column":null}}},"5":{"name":"(anonymous_6)","decl":{"start":{"line":196,"column":68},"end":{"line":196,"column":73}},"loc":{"start":{"line":196,"column":73},"end":{"line":196,"column":77}}},"6":{"name":"(anonymous_7)","decl":{"start":{"line":204,"column":34},"end":{"line":204,"column":42}},"loc":{"start":{"line":204,"column":42},"end":{"line":204,"column":54}}},"7":{"name":"(anonymous_8)","decl":{"start":{"line":207,"column":31},"end":{"line":207,"column":null}},"loc":{"start":{"line":207,"column":31},"end":{"line":211,"column":null}}},"8":{"name":"(anonymous_9)","decl":{"start":{"line":208,"column":49},"end":{"line":208,"column":54}},"loc":{"start":{"line":208,"column":54},"end":{"line":208,"column":58}}},"9":{"name":"(anonymous_10)","decl":{"start":{"line":208,"column":66},"end":{"line":208,"column":null}},"loc":{"start":{"line":208,"column":66},"end":{"line":210,"column":null}}}},"branchMap":{"0":{"loc":{"start":{"line":70,"column":23},"end":{"line":70,"column":null}},"type":"cond-expr","locations":[{"start":{"line":70,"column":32},"end":{"line":70,"column":55}},{"start":{"line":70,"column":55},"end":{"line":70,"column":null}}]},"1":{"loc":{"start":{"line":71,"column":2},"end":{"line":71,"column":null}},"type":"if","locations":[{"start":{"line":71,"column":2},"end":{"line":71,"column":null}}]},"2":{"loc":{"start":{"line":73,"column":2},"end":{"line":75,"column":null}},"type":"if","locations":[{"start":{"line":73,"column":2},"end":{"line":75,"column":null}}]},"3":{"loc":{"start":{"line":73,"column":6},"end":{"line":73,"column":59}},"type":"binary-expr","locations":[{"start":{"line":73,"column":6},"end":{"line":73,"column":31}},{"start":{"line":73,"column":31},"end":{"line":73,"column":59}}]},"4":{"loc":{"start":{"line":77,"column":2},"end":{"line":88,"column":null}},"type":"if","locations":[{"start":{"line":77,"column":2},"end":{"line":88,"column":null}}]},"5":{"loc":{"start":{"line":81,"column":18},"end":{"line":81,"column":null}},"type":"cond-expr","locations":[{"start":{"line":81,"column":29},"end":{"line":81,"column":54}},{"start":{"line":81,"column":54},"end":{"line":81,"column":null}}]},"6":{"loc":{"start":{"line":94,"column":12},"end":{"line":94,"column":null}},"type":"cond-expr","locations":[{"start":{"line":94,"column":23},"end":{"line":94,"column":27}},{"start":{"line":94,"column":27},"end":{"line":94,"column":null}}]},"7":{"loc":{"start":{"line":95,"column":23},"end":{"line":97,"column":null}},"type":"cond-expr","locations":[{"start":{"line":96,"column":12},"end":{"line":96,"column":88}},{"start":{"line":97,"column":12},"end":{"line":97,"column":null}}]},"8":{"loc":{"start":{"line":106,"column":14},"end":{"line":115,"column":15}},"type":"cond-expr","locations":[{"start":{"line":106,"column":14},"end":{"line":115,"column":15}}]},"9":{"loc":{"start":{"line":118,"column":18},"end":{"line":118,"column":null}},"type":"binary-expr","locations":[{"start":{"line":118,"column":18},"end":{"line":118,"column":62}},{"start":{"line":118,"column":66},"end":{"line":118,"column":null}}]},"10":{"loc":{"start":{"line":122,"column":18},"end":{"line":126,"column":null}},"type":"if","locations":[{"start":{"line":122,"column":18},"end":{"line":126,"column":null}},{"start":{"line":124,"column":25},"end":{"line":126,"column":null}}]},"11":{"loc":{"start":{"line":125,"column":80},"end":{"line":125,"column":96}},"type":"cond-expr","locations":[{"start":{"line":125,"column":80},"end":{"line":125,"column":90}},{"start":{"line":125,"column":90},"end":{"line":125,"column":96}}]},"12":{"loc":{"start":{"line":125,"column":80},"end":{"line":125,"column":90}},"type":"binary-expr","locations":[{"start":{"line":125,"column":80},"end":{"line":125,"column":90}},{"start":{"line":125,"column":80},"end":{"line":125,"column":90}}]},"13":{"loc":{"start":{"line":147,"column":18},"end":{"line":150,"column":null}},"type":"cond-expr","locations":[{"start":{"line":148,"column":14},"end":{"line":150,"column":null}},{"start":{"line":150,"column":14},"end":{"line":150,"column":null}}]},"14":{"loc":{"start":{"line":183,"column":16},"end":{"line":220,"column":18}},"type":"cond-expr","locations":[{"start":{"line":183,"column":16},"end":{"line":220,"column":18}}]},"15":{"loc":{"start":{"line":184,"column":19},"end":{"line":203,"column":null}},"type":"cond-expr","locations":[{"start":{"line":185,"column":20},"end":{"line":203,"column":null}},{"start":{"line":203,"column":22},"end":{"line":203,"column":null}}]},"16":{"loc":{"start":{"line":187,"column":24},"end":{"line":189,"column":null}},"type":"cond-expr","locations":[{"start":{"line":188,"column":28},"end":{"line":188,"column":null}},{"start":{"line":189,"column":28},"end":{"line":189,"column":null}}]},"17":{"loc":{"start":{"line":205,"column":20},"end":{"line":216,"column":21}},"type":"cond-expr","locations":[{"start":{"line":205,"column":20},"end":{"line":216,"column":21}}]},"18":{"loc":{"start":{"line":204,"column":19},"end":{"line":204,"column":null}},"type":"binary-expr","locations":[{"start":{"line":204,"column":19},"end":{"line":204,"column":59}},{"start":{"line":204,"column":59},"end":{"line":204,"column":null}}]}},"s":{"0":2,"1":2,"2":2,"3":2,"4":2,"5":2,"6":2,"7":2,"8":2,"9":2,"10":2,"11":2,"12":2,"13":2,"14":2,"15":2,"16":2,"17":2,"18":2,"19":2,"20":2,"21":2,"22":2,"23":2,"24":2,"25":2,"26":2,"27":0,"28":0,"29":0,"30":0,"31":0,"32":0,"33":0,"34":0,"35":0,"36":0,"37":0,"38":0,"39":0},"f":{"0":2,"1":2,"2":0,"3":0,"4":0,"5":0,"6":0,"7":0,"8":0,"9":0},"b":{"0":[0,2],"1":[2],"2":[0],"3":[0,0],"4":[0],"5":[0,0],"6":[0,0],"7":[0,0],"8":[0],"9":[0,0],"10":[0,0],"11":[0,0],"12":[0,0],"13":[0,0],"14":[0],"15":[0,0],"16":[0,0],"17":[0],"18":[0,0]}}
,"/Users/mcattaneo/workspace/frontend/apps/client-web/src/app/components/Hub/Files/FilesList/FilesListItem.tsx": {"path":"/Users/mcattaneo/workspace/frontend/apps/client-web/src/app/components/Hub/Files/FilesList/FilesListItem.tsx","statementMap":{"0":{"start":{"line":213,"column":9},"end":{"line":213,"column":null}},"1":{"start":{"line":1,"column":51},"end":{"line":1,"column":null}},"2":{"start":{"line":2,"column":24},"end":{"line":2,"column":null}},"3":{"start":{"line":3,"column":38},"end":{"line":3,"column":null}},"4":{"start":{"line":5,"column":43},"end":{"line":5,"column":null}},"5":{"start":{"line":6,"column":27},"end":{"line":6,"column":null}},"6":{"start":{"line":7,"column":26},"end":{"line":7,"column":null}},"7":{"start":{"line":9,"column":28},"end":{"line":9,"column":null}},"8":{"start":{"line":11,"column":47},"end":{"line":11,"column":null}},"9":{"start":{"line":12,"column":45},"end":{"line":12,"column":null}},"10":{"start":{"line":14,"column":25},"end":{"line":14,"column":null}},"11":{"start":{"line":15,"column":50},"end":{"line":15,"column":null}},"12":{"start":{"line":16,"column":31},"end":{"line":16,"column":null}},"13":{"start":{"line":18,"column":36},"end":{"line":18,"column":null}},"14":{"start":{"line":19,"column":40},"end":{"line":19,"column":null}},"15":{"start":{"line":32,"column":22},"end":{"line":212,"column":null}},"16":{"start":{"line":42,"column":25},"end":{"line":42,"column":null}},"17":{"start":{"line":43,"column":23},"end":{"line":43,"column":null}},"18":{"start":{"line":44,"column":32},"end":{"line":44,"column":null}},"19":{"start":{"line":45,"column":34},"end":{"line":45,"column":null}},"20":{"start":{"line":46,"column":16},"end":{"line":46,"column":null}},"21":{"start":{"line":47,"column":39},"end":{"line":47,"column":null}},"22":{"start":{"line":49,"column":23},"end":{"line":49,"column":null}},"23":{"start":{"line":53,"column":4},"end":{"line":54,"column":null}},"24":{"start":{"line":55,"column":26},"end":{"line":55,"column":null}},"25":{"start":{"line":57,"column":20},"end":{"line":59,"column":null}},"26":{"start":{"line":64,"column":6},"end":{"line":66,"column":null}},"27":{"start":{"line":65,"column":8},"end":{"line":65,"column":null}},"28":{"start":{"line":65,"column":28},"end":{"line":65,"column":null}},"29":{"start":{"line":65,"column":48},"end":{"line":65,"column":67}},"30":{"start":{"line":70,"column":24},"end":{"line":76,"column":null}},"31":{"start":{"line":78,"column":25},"end":{"line":84,"column":null}},"32":{"start":{"line":86,"column":19},"end":{"line":88,"column":null}},"33":{"start":{"line":87,"column":4},"end":{"line":87,"column":null}},"34":{"start":{"line":93,"column":26},"end":{"line":93,"column":null}},"35":{"start":{"line":94,"column":26},"end":{"line":94,"column":null}},"36":{"start":{"line":96,"column":61},"end":{"line":96,"column":90}},"37":{"start":{"line":131,"column":44},"end":{"line":131,"column":60}},"38":{"start":{"line":132,"column":29},"end":{"line":132,"column":null}},"39":{"start":{"line":134,"column":16},"end":{"line":137,"column":null}},"40":{"start":{"line":135,"column":18},"end":{"line":137,"column":null}},"41":{"start":{"line":137,"column":39},"end":{"line":137,"column":55}},"42":{"start":{"line":196,"column":16},"end":{"line":198,"column":null}},"43":{"start":{"line":197,"column":18},"end":{"line":197,"column":null}},"44":{"start":{"line":205,"column":30},"end":{"line":205,"column":null}}},"fnMap":{"0":{"name":"(anonymous_10)","decl":{"start":{"line":32,"column":22},"end":{"line":32,"column":23}},"loc":{"start":{"line":41,"column":8},"end":{"line":212,"column":null}}},"1":{"name":"(anonymous_11)","decl":{"start":{"line":63,"column":13},"end":{"line":63,"column":14}},"loc":{"start":{"line":63,"column":14},"end":{"line":67,"column":null}}},"2":{"name":"(anonymous_12)","decl":{"start":{"line":64,"column":47},"end":{"line":64,"column":null}},"loc":{"start":{"line":64,"column":47},"end":{"line":66,"column":null}}},"3":{"name":"(anonymous_13)","decl":{"start":{"line":65,"column":20},"end":{"line":65,"column":28}},"loc":{"start":{"line":65,"column":28},"end":{"line":65,"column":null}}},"4":{"name":"(anonymous_14)","decl":{"start":{"lin
[...]
,"/Users/mcattaneo/workspace/frontend/apps/client-web/src/app/routers/createBrowserRouterWithBasename.ts": {"path":"/Users/mcattaneo/workspace/frontend/apps/client-web/src/app/routers/createBrowserRouterWithBasename.ts","statementMap":{"0":{"start":{"line":3,"column":47},"end":{"line":6,"column":1}},"1":{"start":{"line":4,"column":19},"end":{"line":4,"column":51}},"2":{"start":{"line":5,"column":2},"end":{"line":5,"column":null}}},"fnMap":{"0":{"name":"(anonymous_0)","decl":{"start":{"line":3,"column":47},"end":{"line":3,"column":48}},"loc":{"start":{"line":3,"column":48},"end":{"line":6,"column":1}}}},"branchMap":{},"s":{"0":0,"1":0,"2":0},"f":{"0":0},"b":{}}
,"/Users/mcattaneo/workspace/frontend/apps/client-web/src/app/routers/usePublicRouter.tsx": {"path":"/Users/mcattaneo/workspace/frontend/apps/client-web/src/app/routers/usePublicRouter.tsx","statementMap":{"0":{"start":{"line":20,"column":2},"end":{"line":20,"column":null}},"1":{"start":{"line":21,"column":41},"end":{"line":21,"column":null}},"2":{"start":{"line":22,"column":51},"end":{"line":23,"column":null}},"3":{"start":{"line":25,"column":31},"end":{"line":25,"column":null}},"4":{"start":{"line":40,"column":22},"end":{"line":40,"column":null}},"5":{"start":{"line":43,"column":18},"end":{"line":43,"column":null}},"6":{"start":{"line":43,"column":50},"end":{"line":43,"column":70}},"7":{"start":{"line":45,"column":37},"end":{"line":61,"column":null}},"8":{"start":{"line":63,"column":2},"end":{"line":69,"column":null}}},"fnMap":{"0":{"name":"UnauthenticatedWrapper","decl":{"start":{"line":19,"column":9},"end":{"line":19,"column":null}},"loc":{"start":{"line":19,"column":9},"end":{"line":37,"column":null}}},"1":{"name":"usePublicRouter","decl":{"start":{"line":39,"column":9},"end":{"line":39,"column":null}},"loc":{"start":{"line":39,"column":9},"end":{"line":70,"column":null}}},"2":{"name":"(anonymous_2)","decl":{"start":{"line":43,"column":30},"end":{"line":43,"column":31}},"loc":{"start":{"line":43,"column":50},"end":{"line":43,"column":70}}}},"branchMap":{"0":{"loc":{"start":{"line":25,"column":31},"end":{"line":25,"column":null}},"type":"binary-expr","locations":[{"start":{"line":25,"column":32},"end":{"line":25,"column":41}},{"start":{"line":25,"column":41},"end":{"line":25,"column":49}},{"start":{"line":25,"column":55},"end":{"line":25,"column":68}},{"start":{"line":25,"column":68},"end":{"line":25,"column":null}}]}},"s":{"0":0,"1":0,"2":0,"3":0,"4":0,"5":0,"6":0,"7":0,"8":0},"f":{"0":0,"1":0,"2":0},"b":{"0":[0,0,0,0]}}
,"/Users/mcattaneo/workspace/frontend/apps/client-web/src/app/routers/wrappers/AuthenticatedAppWrapper.tsx": {"path":"/Users/mcattaneo/workspace/frontend/apps/client-web/src/app/routers/wrappers/AuthenticatedAppWrapper.tsx","statementMap":{"0":{"start":{"line":36,"column":23},"end":{"line":36,"column":null}},"1":{"start":{"line":36,"column":34},"end":{"line":36,"column":null}},"2":{"start":{"line":38,"column":19},"end":{"line":74,"column":null}},"3":{"start":{"line":39,"column":42},"end":{"line":39,"column":null}},"4":{"start":{"line":40,"column":29},"end":{"line":40,"column":null}},"5":{"start":{"line":41,"column":21},"end":{"line":41,"column":null}},"6":{"start":{"line":43,"column":25},"end":{"line":45,"column":null}},"7":{"start":{"line":47,"column":2},"end":{"line":47,"column":null}},"8":{"start":{"line":48,"column":2},"end":{"line":48,"column":null}},"9":{"start":{"line":49,"column":2},"end":{"line":49,"column":null}},"10":{"start":{"line":50,"column":41},"end":{"line":50,"column":null}},"11":{"start":{"line":51,"column":51},"end":{"line":52,"column":null}},"12":{"start":{"line":55,"column":31},"end":{"line":55,"column":null}},"13":{"start":{"line":76,"column":20},"end":{"line":132,"column":null}},"14":{"start":{"line":77,"column":2},"end":{"line":77,"column":null}},"15":{"start":{"line":78,"column":2},"end":{"line":78,"column":null}},"16":{"start":{"line":79,"column":2},"end":{"line":79,"column":null}},"17":{"start":{"line":80,"column":29},"end":{"line":80,"column":null}},"18":{"start":{"line":81,"column":29},"end":{"line":81,"column":null}},"19":{"start":{"line":82,"column":34},"end":{"line":82,"column":null}},"20":{"start":{"line":83,"column":22},"end":{"line":83,"column":null}},"21":{"start":{"line":84,"column":35},"end":{"line":84,"column":null}},"22":{"start":{"line":134,"column":32},"end":{"line":162,"column":null}},"23":{"start":{"line":135,"column":19},"end":{"line":135,"column":null}},"24":{"start":{"line":136,"column":23},"end":{"line":136,"column":null}},"25":{"start":{"line":137,"column":2},"end":{"line":137,"column":null}},"26":{"start":{"line":138,"column":32},"end":{"line":138,"column":null}},"27":{"start":{"line":139,"column":19},"end":{"line":139,"column":null}},"28":{"start":{"line":141,"column":2},"end":{"line":147,"column":null}},"29":{"start":{"line":142,"column":26},"end":{"line":142,"column":null}},"30":{"start":{"line":144,"column":4},"end":{"line":146,"column":null}},"31":{"start":{"line":145,"column":6},"end":{"line":145,"column":null}},"32":{"start":{"line":149,"column":24},"end":{"line":149,"column":null}}},"fnMap":{"0":{"name":"(anonymous_8)","decl":{"start":{"line":36,"column":28},"end":{"line":36,"column":34}},"loc":{"start":{"line":36,"column":34},"end":{"line":36,"column":null}}},"1":{"name":"(anonymous_9)","decl":{"start":{"line":38,"column":19},"end":{"line":38,"column":null}},"loc":{"start":{"line":38,"column":19},"end":{"line":74,"column":null}}},"2":{"name":"(anonymous_10)","decl":{"start":{"line":43,"column":37},"end":{"line":43,"column":null}},"loc":{"start":{"line":43,"column":37},"end":{"line":45,"column":5}}},"3":{"name":"(anonymous_12)","decl":{"start":{"line":76,"column":20},"end":{"line":76,"column":null}},"loc":{"start":{"line":76,"column":20},"end":{"line":132,"column":null}}},"4":{"name":"(anonymous_15)","decl":{"start":{"line":134,"column":32},"end":{"line":134,"column":null}},"loc":{"start":{"line":134,"column":32},"end":{"line":162,"column":null}}},"5":{"name":"(anonymous_16)","decl":{"start":{"line":141,"column":12},"end":{"line":141,"column":null}},"loc":{"start":{"line":141,"column":12},"end":{"line":147,"column":5}}}},"branchMap":{"0":{"loc":{"start":{"line":55,"column":31},"end":{"line":55,"column":null}},"type":"binary-expr","locations":[{"start":{"line":55,"column":32},"end":{"line":55,"column":41}},{"start":{"line":55,"column":41},"end":{"line":55,"column":49}},{"start":{"line":55,"column":55},"end":{"line":55,"column":68}},{"start":{"line":55,"column":68},"end":{"line":55,"column":null}}]},"1":{"loc":{"start":{"line":114,"column":19},"end":{"line":116,"column":59}},"type":"cond-expr","locations":[{"start":{"line":115,"column":16},"end":{"line":115,"column":49}},{"start":{"line":116,"column":16},"end":{"line":116,"column":59}}]},"2":{"loc":{"start":{"line":144,"column":4},"end":{"line":146,"column":null}},"type":"if","locations":[{"start":{"line":144,"column":4},"end":{"line":146,"column":null}}]},"3":{"loc":{"start":{"line":144,"column":8},"end":{"line":144,"column":86}},"type":"binary-expr","locations":[{"start":{"line":144,"column":8},"end":{"line":144,"column":39}},{"start":{"line":144,"column":39},"end":{"line":144,"column":63}},{"start":{"line":144,"column":63},"end":{"line":144,"column":86}}]},"4":{"loc":{"start":{"line":149,"column":24},"end":{"line":149,"column":null}},"type":"cond-expr","locations":[{"start":{"line":149,"column":35},"end":{"line":149,"column":48}},{"start":{"line":149,"column":48},"end":{"line":149,"column":null}}]},"5":{"loc":{"start":{"line":152,"column":7},"end":{"line":156,"column":null}},"type":"cond-expr","locations":[{"start":{"line":153,"column":8},"end":{"line":156,"column":null}},{"start":{"line":156,"column":10},"end":{"line":156,"column":null}}]},"6":{"loc":{"start":{"line":152,"column":19},"end":{"line":152,"column":null}},"type":"cond-expr","locations":[{"start":{"line":152,"column":19},"end":{"line":152,"column":25}},{"start":{"line":152,"column":62},"end":{"line":152,"column":null}}]},"7":{"loc":{"start":{"line":152,"column":19},"end":{"line":152,"column":25}},"type":"binary-expr","locations":[{"start":{"line":152,"column":19},"end":{"line":152,"column":62}},{"start":{"line":152,"column":19},"end":{"line":152,"column":25}}]},"8":{"loc":{"start":{"line":152,"column":19},"end":{"line":152,"column":58}},"type":"cond-expr","locations":[{"start":{"line":152,"column":19},"end":{"line":152,"column":25}},{"start":{"line":152,"column":19},"end":{"line":152,"column":58}}]},"9":{"loc":{"start":{"line":152,"column":19},"end":{"line":152,"column":25}},"type":"binary-expr","locations":[{"start":{"line":152,"column":19},"end":{"line":152,"column":25}},{"start":{"line":152,"column":19},"end":{"line":152,"column":25}}]},"10":{"loc":{"start":{"line":152,"column":19},"end":{"line":152,"column":25}},"type":"binary-expr","locations":[{"start":{"line":152,"column":19},"end":{"line":152,"column":46}},{"start":{"line":152,"column":19},"end":{"line":152,"column":25}}]}},"s":{"0":0,"1":0,"2":0,"3":0,"4":0,"5":0,"6":0,"7":0,"8":0,"9":0,"10":0,"11":0,"12":0,"13":0,"14":0,"15":0,"16":0,"17":0,"18":0,"19":0,"20":0,"21":0,"22":0,"23":0,"24":0,"25":0,"26":0,"27":0,"28":0,"29":0,"30":0,"31":0,"32":0},"f":{"0":0,"1":0,"2":0,"3":0,"4":0,"5":0},"b":{"0":[0,0,0,0],"1":[0,0],"2":[0],"3":[0,0,0],"4":[0,0],"5":[0,0],"6":[0,0],"7":[0,0],"8":[0,0],"9":[0,0],"10":[0,0]}}
,"/Users/mcattaneo/workspace/frontend/apps/client-web/src/app/routers/wrappers/CommonWrapper.tsx": {"path":"/Users/mcattaneo/workspace/frontend/apps/client-web/src/app/routers/wrappers/CommonWrapper.tsx","statementMap":{"0":{"start":{"line":10,"column":46},"end":{"line":10,"column":null}},"1":{"start":{"line":11,"column":2},"end":{"line":11,"column":null}},"2":{"start":{"line":12,"column":28},"end":{"line":12,"column":null}},"3":{"start":{"line":13,"column":56},"end":{"line":13,"column":null}}},"fnMap":{"0":{"name":"CommonWrapper","decl":{"start":{"line":9,"column":9},"end":{"line":9,"column":23}},"loc":{"start":{"line":9,"column":66},"end":{"line":28,"column":null}}}},"branchMap":{"0":{"loc":{"start":{"line":19,"column":7},"end":{"line":24,"column":null}},"type":"cond-expr","locations":[{"start":{"line":20,"column":8},"end":{"line":24,"column":null}},{"start":{"line":24,"column":10},"end":{"line":24,"column":null}}]}},"s":{"0":0,"1":0,"2":0,"3":0},"f":{"0":0},"b":{"0":[0,0]}}
,"/Users/mcattaneo/workspace/frontend/apps/client-web/src/app/routers/wrappers/FullScreenWrappers.tsx": {"path":"/Users/mcattaneo/workspace/frontend/apps/client-web/src/app/routers/wrappers/FullScreenWrappers.tsx","statementMap":{"0":{"start":{"line":8,"column":25},"end":{"line":29,"column":null}},"1":{"start":{"line":31,"column":53},"end":{"line":95,"column":null}},"2":{"start":{"line":32,"column":19},"end":{"line":32,"column":null}},"3":{"start":{"line":60,"column":14},"end":{"line":60,"column":null}},"4":{"start":{"line":78,"column":14},"end":{"line":78,"column":null}},"5":{"start":{"line":97,"column":25},"end":{"line":105,"column":null}},"6":{"start":{"line":107,"column":47},"end":{"line":115,"column":null}}},"fnMap":{"0":{"name":"(anonymous_0)","decl":{"start":{"line":8,"column":25},"end":{"line":8,"column":26}},"loc":{"start":{"line":8,"column":63},"end":{"line":29,"column":null}}},"1":{"name":"(anonymous_1)","decl":{"start":{"line":31,"column":53},"end":{"line":31,"column":54}},"loc":{"start":{"line":31,"column":91},"end":{"line":95,"column":null}}},"2":{"name":"(anonymous_2)","decl":{"start":{"line":59,"column":21},"end":{"line":59,"column":null}},"loc":{"start":{"line":59,"column":21},"end":{"line":61,"column":null}}},"3":{"name":"(anonymous_3)","decl":{"start":{"line":77,"column":21},"end":{"line":77,"column":null}},"loc":{"start":{"line":77,"column":21},"end":{"line":79,"column":null}}},"4":{"name":"(anonymous_4)","decl":{"start":{"line":97,"column":25},"end":{"line":97,"column":null}},"loc":{"start":{"line":97,"column":25},"end":{"line":105,"column":null}}},"5":{"name":"(anonymous_5)","decl":{"start":{"line":107,"column":47},"end":{"line":107,"column":null}},"loc":{"start":{"line":107,"column":47},"end":{"line":115,"column":null}}}},"branchMap":{},"s":{"0":0,"1":0,"2":0,"3":0,"4":0,"5":0,"6":0},"f":{"0":0,"1":0,"2":0,"3":0,"4":0,"5":0},"b":{}}
,"/Users/mcattaneo/workspace/frontend/apps/client-web/src/app/utils/clerkOverrides.ts": {"path":"/Users/mcattaneo/workspace/frontend/apps/client-web/src/app/utils/clerkOverrides.ts","statementMap":{"0":{"start":{"line":8,"column":9},"end":{"line":8,"column":null}},"1":{"start":{"line":1,"column":23},"end":{"line":6,"column":null}},"2":{"start":{"line":2,"column":2},"end":{"line":5,"column":null}},"3":{"start":{"line":3,"column":4},"end":{"line":3,"column":null}},"4":{"start":{"line":3,"column":36},"end":{"line":3,"column":null}},"5":{"start":{"line":4,"column":4},"end":{"line":4,"column":null}},"6":{"start":{"line":4,"column":36},"end":{"line":4,"column":null}}},"fnMap":{"0":{"name":"(anonymous_1)","decl":{"start":{"line":1,"column":23},"end":{"line":1,"column":null}},"loc":{"start":{"line":1,"column":23},"end":{"line":6,"column":null}}},"1":{"name":"(anonymous_2)","decl":{"start":{"line":3,"column":30},"end":{"line":3,"column":36}},"loc":{"start":{"line":3,"column":36},"end":{"line":3,"column":null}}},"2":{"name":"(anonymous_3)","decl":{"start":{"line":4,"column":30},"end":{"line":4,"column":36}},"loc":{"start":{"line":4,"column":36},"end":{"line":4,"column":null}}}},"branchMap":{"0":{"loc":{"start":{"line":2,"column":2},"end":{"line":5,"column":null}},"type":"if","locations":[{"start":{"line":2,"column":2},"end":{"line":5,"column":null}}]}},"s":{"0":3,"1":2,"2":2,"3":2,"4":1,"5":2,"6":1},"f":{"0":2,"1":1,"2":1},"b":{"0":[2]}}
,"/Users/mcattaneo/workspace/frontend/apps/client-web/src/app/utils/disableIntercom.ts": {"path":"/Users/mcattaneo/workspace/frontend/apps/client-web/src/app/utils/disableIntercom.ts","statementMap":{"0":{"start":{"line":1,"column":31},"end":{"line":7,"column":1}},"1":{"start":{"line":2,"column":2},"end":{"line":2,"column":null}},"2":{"start":{"line":2,"column":24},"end":{"line":2,"column":null}},"3":{"start":{"line":3,"column":2},"end":{"line":6,"column":null}},"4":{"start":{"line":4,"column":4},"end":{"line":4,"column":null}},"5":{"start":{"line":4,"column":33},"end":{"line":4,"column":null}},"6":{"start":{"line":5,"column":4},"end":{"line":5,"column":null}},"7":{"start":{"line":5,"column":24},"end":{"line":5,"column":null}}},"fnMap":{"0":{"name":"(anonymous_0)","decl":{"start":{"line":1,"column":31},"end":{"line":1,"column":null}},"loc":{"start":{"line":1,"column":31},"end":{"line":7,"column":1}}},"1":{"name":"(anonymous_1)","decl":{"start":{"line":4,"column":22},"end":{"line":4,"column":33}},"loc":{"start":{"line":4,"column":33},"end":{"line":4,"column":null}}}},"branchMap":{"0":{"loc":{"start":{"line":2,"column":2},"end":{"line":2,"column":null}},"type":"if","locations":[{"start":{"line":2,"column":2},"end":{"line":2,"column":null}}]},"1":{"loc":{"start":{"line":2,"column":2},"end":{"line":2,"column":22}},"type":"cond-expr","locations":[{"start":{"line":2,"column":6},"end":{"line":2,"column":14}},{"start":{"line":2,"column":6},"end":{"line":2,"column":22}}]},"2":{"loc":{"start":{"line":2,"column":2},"end":{"line":2,"column":14}},"type":"binary-expr","locations":[{"start":{"line":2,"column":2},"end":{"line":2,"column":14}},{"start":{"line":2,"column":6},"end":{"line":2,"column":14}}]},"3":{"loc":{"start":{"line":3,"column":9},"end":{"line":3,"column":26}},"type":"cond-expr","locations":[{"start":{"line":3,"column":10},"end":{"line":3,"column":18}},{"start":{"line":3,"column":10},"end":{"line":3,"column":26}}]},"4":{"loc":{"start":{"line":3,"column":9},"end":{"line":3,"column":18}},"type":"binary-expr","locations":[{"start":{"line":3,"column":9},"end":{"line":3,"column":18}},{"start":{"line":3,"column":10},"end":{"line":3,"column":18}}]},"5":{"loc":{"start":{"line":5,"column":4},"end":{"line":5,"column":null}},"type":"if","locations":[{"start":{"line":5,"column":4},"end":{"line":5,"column":null}}]},"6":{"loc":{"start":{"line":5,"column":4},"end":{"line":5,"column":24}},"type":"cond-expr","locations":[{"start":{"line":5,"column":8},"end":{"line":5,"column":16}},{"start":{"line":5,"column":8},"end":{"line":5,"column":24}}]},"7":{"loc":{"start":{"line":5,"column":4},"end":{"line":5,"column":16}},"type":"binary-expr","locations":[{"start":{"line":5,"column":4},"end":{"line":5,"column":16}},{"start":{"line":5,"column":8},"end":{"line":5,"column":16}}]},"8":{"loc":{"start":{"line":5,"column":24},"end":{"line":5,"column":null}},"type":"cond-expr","locations":[{"start":{"line":5,"column":26},"end":{"line":5,"column":34}},{"start":{"line":5,"column":26},"end":{"line":5,"column":null}}]},"9":{"loc":{"start":{"line":5,"column":24},"end":{"line":5,"column":34}},"type":"binary-expr","locations":[{"start":{"line":5,"column":24},"end":{"line":5,"column":34}},{"start":{"line":5,"column":26},"end":{"line":5,"column":34}}]}},"s":{"0":0,"1":0,"2":0,"3":0,"4":0,"5":0,"6":0,"7":0},"f":{"0":0,"1":0},"b":{"0":[0],"1":[0,0],"2":[0,0],"3":[0,0],"4":[0,0],"5":[0],"6":[0,0],"7":[0,0],"8":[0,0],"9":[0,0]}}
,"/Users/mcattaneo/workspace/frontend/apps/client-web/src/app/utils/marketingCookie.ts": {"path":"/Users/mcattaneo/workspace/frontend/apps/client-web/src/app/utils/marketingCookie.ts","statementMap":{"0":{"start":{"line":33,"column":49},"end":{"line":33,"column":70}},"1":{"start":{"line":33,"column":9},"end":{"line":33,"column":27}},"2":{"start":{"line":33,"column":29},"end":{"line":33,"column":47}},"3":{"start":{"line":1,"column":37},"end":{"line":1,"column":null}},"4":{"start":{"line":2,"column":28},"end":{"line":2,"column":null}},"5":{"start":{"line":4,"column":30},"end":{"line":4,"column":null}},"6":{"start":{"line":5,"column":25},"end":{"line":9,"column":null}},"7":{"start":{"line":15,"column":26},"end":{"line":15,"column":null}},"8":{"start":{"line":15,"column":50},"end":{"line":15,"column":null}},"9":{"start":{"line":16,"column":26},"end":{"line":16,"column":null}},"10":{"start":{"line":16,"column":45},"end":{"line":16,"column":null}},"11":{"start":{"line":18,"column":27},"end":{"line":21,"column":null}},"12":{"start":{"line":19,"column":17},"end":{"line":19,"column":null}},"13":{"start":{"line":20,"column":2},"end":{"line":20,"column":null}},"14":{"start":{"line":23,"column":27},"end":{"line":31,"column":null}},"15":{"start":{"line":24,"column":24},"end":{"line":24,"column":null}},"16":{"start":{"line":30,"column":2},"end":{"line":30,"column":null}}},"fnMap":{"0":{"name":"(anonymous_12)","decl":{"start":{"line":15,"column":26},"end":{"line":15,"column":27}},"loc":{"start":{"line":15,"column":50},"end":{"line":15,"column":null}}},"1":{"name":"(anonymous_13)","decl":{"start":{"line":16,"column":26},"end":{"line":16,"column":27}},"loc":{"start":{"line":16,"column":45},"end":{"line":16,"column":null}}},"2":{"name":"(anonymous_14)","decl":{"start":{"line":18,"column":27},"end":{"line":18,"column":null}},"loc":{"start":{"line":18,"column":27},"end":{"line":21,"column":null}}},"3":{"name":"(anonymous_15)","decl":{"start":{"line":23,"column":27},"end":{"line":23,"column":28}},"loc":{"start":{"line":23,"column":59},"end":{"line":31,"column":null}}}},"branchMap":{"0":{"loc":{"start":{"line":20,"column":9},"end":{"line":20,"column":null}},"type":"cond-expr","locations":[{"start":{"line":20,"column":18},"end":{"line":20,"column":46}},{"start":{"line":20,"column":46},"end":{"line":20,"column":null}}]},"1":{"loc":{"start":{"line":28,"column":10},"end":{"line":28,"column":71}},"type":"cond-expr","locations":[{"start":{"line":28,"column":19},"end":{"line":28,"column":50}},{"start":{"line":28,"column":53},"end":{"line":28,"column":71}}]}},"s":{"0":2,"1":1,"2":1,"3":1,"4":1,"5":1,"6":1,"7":1,"8":1,"9":1,"10":0,"11":1,"12":2,"13":2,"14":1,"15":1,"16":1},"f":{"0":1,"1":0,"2":2,"3":1},"b":{"0":[0,2],"1":[1,0]}}
}
