TN:
SF:src/app/App.helpers.ts
FN:10,(anonymous_1)
FNF:1
FNH:1
FNDA:6,(anonymous_1)
DA:1,1
DA:2,1
DA:10,1
DA:11,6
DA:12,4
DA:13,2
DA:15,4
DA:19,6
LF:8
LH:8
BRDA:11,0,0,4
BRDA:12,1,0,2
BRF:2
BRH:2
end_of_record
TN:
SF:src/app/App.tsx
FN:23,(anonymous_4)
FN:25,(anonymous_5)
FN:38,(anonymous_6)
FN:51,(anonymous_7)
FN:56,(anonymous_8)
FN:62,(anonymous_9)
FN:67,(anonymous_10)
FN:68,(anonymous_11)
FNF:8
FNH:0
FNDA:0,(anonymous_4)
FNDA:0,(anonymous_5)
FNDA:0,(anonymous_6)
FNDA:0,(anonymous_7)
FNDA:0,(anonymous_8)
FNDA:0,(anonymous_9)
FNDA:0,(anonymous_10)
FNDA:0,(anonymous_11)
DA:23,0
DA:25,0
DA:26,0
DA:27,0
DA:38,0
DA:39,0
DA:40,0
DA:41,0
DA:42,0
DA:43,0
DA:44,0
DA:45,0
DA:46,0
DA:47,0
DA:49,0
DA:51,0
DA:53,0
DA:56,0
DA:57,0
DA:61,0
DA:62,0
DA:67,0
DA:68,0
DA:69,0
LF:24
LH:0
BRDA:30,0,0,0
BRDA:30,0,1,0
BRDA:46,1,0,0
BRDA:46,1,1,0
BRDA:46,2,0,0
BRDA:46,2,1,0
BRDA:47,3,0,0
BRDA:47,3,1,0
BRDA:47,4,0,0
BRDA:47,4,1,0
BRDA:53,5,0,0
BRDA:53,6,0,0
BRDA:53,6,1,0
BRDA:53,7,0,0
BRDA:53,7,1,0
BRDA:54,8,0,0
BRDA:54,8,1,0
BRDA:54,9,0,0
BRDA:54,9,1,0
BRDA:57,10,0,0
BRDA:57,10,1,0
BRDA:57,11,0,0
BRDA:57,11,1,0
BRDA:58,12,0,0
BRDA:58,12,1,0
BRDA:58,13,0,0
BRDA:58,13,1,0
BRDA:74,14,0,0
BRDA:74,14,1,0
BRDA:77,15,0,0
BRDA:77,15,1,0
BRDA:77,16,0,0
BRDA:77,16,1,0
BRDA:96,17,0,0
BRF:34
BRH:0
end_of_record
TN:
SF:src/app/AuthenticatedAppWithProviders.tsx
FN:10,(anonymous_0)
FNF:1
FNH:0
FNDA:0,(anonymous_0)
DA:10,0
DA:11,0
DA:12,0
LF:3
LH:0
BRDA:22,0,0,0
BRDA:22,0,1,0
BRF:2
BRH:0
end_of_record
TN:
SF:src/app/InitUserSessions.tsx
FN:15,useInitUserSessions
FN:35,(anonymous_6)
FN:60,(anonymous_7)
FN:69,(anonymous_8)
FN:76,(anonymous_9)
FN:83,(anonymous_10)
FN:90,(anonymous_11)
FN:97,(anonymous_12)
FNF:8
FNH:8
FNDA:1,useInitUserSessions
FNDA:1,(anonymous_6)
FNDA:1,(anonymous_7)
FNDA:1,(anonymous_8)
FNDA:1,(anonymous_9)
FNDA:1,(anonymous_10)
FNDA:1,(anonymous_11)
FNDA:1,(anonymous_12)
DA:1,1
DA:2,1
DA:3,1
DA:4,1
DA:5,1
DA:6,1
DA:7,1
DA:13,1
DA:15,1
DA:16,1
DA:17,1
DA:18,1
DA:19,1
DA:20,1
DA:21,1
DA:22,1
DA:23,1
DA:24,1
DA:25,1
DA:26,1
DA:27,1
DA:28,1
DA:29,1
DA:31,1
DA:33,1
DA:35,1
DA:36,1
DA:60,1
DA:61,1
DA:69,1
DA:70,1
DA:76,1
DA:77,1
DA:83,1
DA:84,1
DA:85,1
DA:86,1
DA:87,1
DA:88,1
DA:90,1
DA:91,1
DA:92,1
DA:93,1
DA:97,1
DA:98,1
DA:99,0
DA:102,1
DA:105,1
LF:48
LH:47
BRDA:19,0,0,1
BRDA:19,0,1,0
BRDA:19,1,0,1
BRDA:19,1,1,1
BRDA:19,2,0,0
BRDA:19,2,1,2
BRDA:19,3,0,1
BRDA:19,3,1,1
BRDA:19,4,0,1
BRDA:19,4,1,1
BRDA:20,5,0,1
BRDA:20,5,1,0
BRDA:20,6,0,1
BRDA:20,6,1,1
BRDA:20,7,0,0
BRDA:20,7,1,2
BRDA:20,8,0,1
BRDA:20,8,1,1
BRDA:20,9,0,1
BRDA:20,9,1,1
BRDA:21,10,0,1
BRDA:21,10,1,0
BRDA:21,11,0,1
BRDA:21,11,1,1
BRDA:21,12,0,0
BRDA:21,12,1,1
BRDA:21,13,0,1
BRDA:21,13,1,1
BRDA:22,14,0,1
BRDA:22,14,1,0
BRDA:22,15,0,1
BRDA:22,15,1,1
BRDA:22,16,0,0
BRDA:22,16,1,2
BRDA:22,17,0,1
BRDA:22,17,1,1
BRDA:22,18,0,1
BRDA:22,18,1,1
BRDA:23,19,0,1
BRDA:23,19,1,0
BRDA:23,20,0,1
BRDA:23,20,1,1
BRDA:23,21,0,0
BRDA:23,21,1,1
BRDA:23,22,0,1
BRDA:23,22,1,1
BRDA:24,23,0,1
BRDA:24,23,1,0
BRDA:24,24,0,1
BRDA:24,24,1,1
BRDA:24,25,0,0
BRDA:24,25,1,1
BRDA:24,26,0,1
BRDA:24,26,1,1
BRDA:25,27,0,1
BRDA:25,27,1,0
BRDA:25,28,0,1
BRDA:25,28,1,1
BRDA:25,29,0,0
BRDA:25,29,1,1
BRDA:25,30,0,1
BRDA:25,30,1,1
BRDA:26,31,0,1
BRDA:26,31,1,0
BRDA:26,32,0,1
BRDA:26,32,1,1
BRDA:26,33,0,0
BRDA:26,33,1,1
BRDA:26,34,0,1
BRDA:26,34,1,1
BRDA:27,35,0,1
BRDA:27,35,1,0
BRDA:27,36,0,1
BRDA:27,36,1,1
BRDA:27,37,0,0
BRDA:27,37,1,1
BRDA:27,38,0,1
BRDA:27,38,1,1
BRDA:28,39,0,0
BRDA:28,39,1,1
BRDA:28,40,0,1
BRDA:28,40,1,1
BRDA:28,41,0,0
BRDA:28,41,1,1
BRDA:28,42,0,1
BRDA:28,42,1,1
BRDA:29,43,0,0
BRDA:29,43,1,1
BRDA:29,44,0,1
BRDA:29,44,1,1
BRDA:29,45,0,1
BRDA:29,45,1,1
BRDA:29,46,0,1
BRDA:29,46,1,1
BRDA:29,47,0,1
BRDA:29,47,1,1
BRDA:45,48,0,1
BRDA:45,48,1,0
BRDA:46,49,0,1
BRDA:46,49,1,0
BRDA:84,50,0,0
BRDA:98,51,0,0
BRDA:102,52,0,0
BRDA:102,52,1,1
BRF:104
BRH:78
end_of_record
TN:
SF:src/app/applications.tsx
FN:5,AuthenticatedApp
FN:9,UnauthenticatedApp
FNF:2
FNH:0
FNDA:0,AuthenticatedApp
FNDA:0,UnauthenticatedApp
DA:10,0
LF:1
LH:0
BRF:0
BRH:0
end_of_record
TN:
SF:src/app/chargebee.types.ts
FN:23,isChargebeePortalSection
FNF:1
FNH:0
FNDA:0,isChargebeePortalSection
DA:1,0
DA:24,0
DA:25,0
DA:27,0
LF:4
LH:0
BRDA:24,0,0,0
BRF:1
BRH:0
end_of_record
TN:
SF:src/app/config.ts
FNF:0
FNH:0
DA:3,0
LF:1
LH:0
BRF:0
BRH:0
end_of_record
TN:
SF:src/app/disableAuthConstant.jsx
FNF:0
FNH:0
DA:5,0
DA:6,0
DA:8,0
LF:3
LH:0
BRDA:6,0,0,0
BRF:1
BRH:0
end_of_record
TN:
SF:src/app/reportWebVitals.ts
FN:3,(anonymous_0)
FN:5,(anonymous_1)
FNF:2
FNH:0
FNDA:0,(anonymous_0)
FNDA:0,(anonymous_1)
DA:3,0
DA:4,0
DA:5,0
DA:6,0
DA:7,0
DA:8,0
DA:9,0
DA:10,0
LF:8
LH:0
BRDA:4,0,0,0
BRDA:4,1,0,0
BRDA:4,1,1,0
BRF:3
BRH:0
end_of_record
TN:
SF:src/app/atoms/admin-tools.ts
FNF:0
FNH:0
DA:7,0
LF:1
LH:0
BRF:0
BRH:0
end_of_record
TN:
SF:src/app/atoms/chat-feedback.ts
FNF:0
FNH:0
DA:1,1
DA:5,1
DA:10,0
LF:3
LH:2
BRF:0
BRH:0
end_of_record
TN:
SF:src/app/atoms/expanded-sidebar.ts
FNF:0
FNH:0
DA:3,0
LF:1
LH:0
BRF:0
BRH:0
end_of_record
TN:
SF:src/app/atoms/feature-flags.ts
FN:7,(anonymous_1)
FN:11,(anonymous_2)
FNF:2
FNH:2
FNDA:1,(anonymous_1)
FNDA:25,(anonymous_2)
DA:1,3
DA:2,3
DA:3,3
DA:4,3
DA:7,3
DA:8,1
DA:11,3
DA:14,25
DA:15,25
DA:16,25
DA:17,25
DA:18,25
DA:19,0
DA:20,0
DA:23,25
DA:26,25
LF:16
LH:14
BRDA:15,0,0,0
BRDA:15,0,1,25
BRDA:15,1,0,25
BRDA:15,1,1,25
BRDA:15,2,0,0
BRDA:15,2,1,50
BRDA:15,3,0,25
BRDA:15,3,1,25
BRDA:15,4,0,25
BRDA:15,4,1,25
BRDA:18,5,0,0
BRDA:20,6,0,0
BRDA:23,7,0,0
BRDA:23,7,1,25
BRF:14
BRH:9
end_of_record
TN:
SF:src/app/atoms/login-route.ts
FN:7,(anonymous_1)
FN:10,(anonymous_2)
FNF:2
FNH:1
FNDA:16,(anonymous_1)
FNDA:0,(anonymous_2)
DA:1,1
DA:2,1
DA:3,1
DA:5,1
DA:7,1
DA:8,16
DA:10,16
DA:11,0
DA:12,0
DA:13,0
DA:16,0
DA:19,16
DA:22,16
LF:13
LH:9
BRDA:12,0,0,0
BRF:1
BRH:0
end_of_record
TN:
SF:src/app/atoms/open-search-bar.ts
FNF:0
FNH:0
DA:1,1
DA:3,1
DA:5,0
LF:3
LH:2
BRF:0
BRH:0
end_of_record
TN:
SF:src/app/atoms/watchlists-mode-view.ts
FNF:0
FNH:0
DA:3,0
LF:1
LH:0
BRF:0
BRH:0
end_of_record
TN:
SF:src/app/atoms/web-socket-endpoint.ts
FN:9,(anonymous_1)
FN:13,(anonymous_2)
FNF:2
FNH:0
FNDA:0,(anonymous_1)
FNDA:0,(anonymous_2)
DA:1,1
DA:2,1
DA:3,1
DA:4,1
DA:5,1
DA:7,1
DA:9,1
DA:10,0
DA:11,0
DA:13,0
DA:14,0
DA:17,0
DA:26,0
LF:13
LH:7
BRDA:18,0,0,0
BRDA:18,0,1,0
BRDA:18,1,0,0
BRDA:18,1,1,0
BRDA:18,2,0,0
BRDA:18,2,1,0
BRDA:18,3,0,0
BRDA:18,3,1,0
BRDA:18,4,0,0
BRDA:18,4,1,0
BRDA:18,5,0,0
BRDA:18,5,1,0
BRF:12
BRH:0
end_of_record
TN:
SF:src/app/components/Hub/HubNoResults.tsx
FN:8,(anonymous_1)
FNF:1
FNH:0
FNDA:0,(anonymous_1)
DA:1,1
DA:8,1
DA:10,0
LF:3
LH:2
BRDA:8,0,0,0
BRDA:10,1,0,0
BRDA:10,1,1,0
BRDA:14,2,0,0
BRDA:14,2,1,0
BRDA:14,3,0,0
BRDA:14,3,1,0
BRF:7
BRH:0
end_of_record
TN:
SF:src/app/components/Hub/Chats/ChatListItem.tsx
FN:18,(anonymous_0)
FN:26,(anonymous_1)
FNF:2
FNH:0
FNDA:0,(anonymous_0)
FNDA:0,(anonymous_1)
DA:18,0
DA:19,0
DA:20,0
DA:21,0
DA:27,0
LF:5
LH:0
BRDA:40,0,0,0
BRDA:40,0,1,0
BRDA:68,1,0,0
BRDA:68,1,1,0
BRF:4
BRH:0
end_of_record
TN:
SF:src/app/components/Hub/Chats/Chats.tsx
FN:16,(anonymous_0)
FN:29,(anonymous_1)
FNF:2
FNH:0
FNDA:0,(anonymous_0)
FNDA:0,(anonymous_1)
DA:16,0
DA:17,0
DA:18,0
DA:19,0
DA:20,0
DA:21,0
DA:29,0
LF:7
LH:0
BRDA:21,0,0,0
BRF:1
BRH:0
end_of_record
TN:
SF:src/app/components/Hub/Chats/ChatsList.tsx
FN:30,(anonymous_0)
FN:36,(anonymous_1)
FN:38,(anonymous_2)
FNF:3
FNH:0
FNDA:0,(anonymous_0)
FNDA:0,(anonymous_1)
FNDA:0,(anonymous_2)
DA:17,0
DA:19,0
DA:28,0
DA:30,0
DA:31,0
DA:32,0
DA:33,0
DA:34,0
DA:36,0
DA:37,0
DA:38,0
DA:42,0
DA:44,0
DA:45,0
DA:48,0
LF:15
LH:0
BRDA:33,0,0,0
BRDA:38,1,0,0
BRDA:38,1,1,0
BRDA:38,2,0,0
BRDA:38,2,1,0
BRDA:42,3,0,0
BRDA:44,4,0,0
BRDA:48,5,0,0
BRDA:48,6,0,0
BRDA:48,6,1,0
BRDA:57,7,0,0
BRDA:57,7,1,0
BRF:12
BRH:0
end_of_record
TN:
SF:src/app/components/Hub/Chats/EmptyChats.tsx
FN:5,(anonymous_0)
FNF:1
FNH:0
FNDA:0,(anonymous_0)
DA:5,0
DA:6,0
LF:2
LH:0
BRDA:10,0,0,0
BRDA:10,0,1,0
BRF:2
BRH:0
end_of_record
TN:
SF:src/app/components/Hub/Files/Files.styles.ts
FN:4,(anonymous_4)
FN:12,(anonymous_5)
FNF:2
FNH:1
FNDA:2,(anonymous_4)
FNDA:0,(anonymous_5)
DA:1,2
DA:2,2
DA:4,2
DA:9,2
DA:11,2
DA:12,0
LF:6
LH:5
BRF:0
BRH:0
end_of_record
TN:
SF:src/app/components/Hub/Files/Files.tsx
FN:18,(anonymous_1)
FNF:1
FNH:1
FNDA:2,(anonymous_1)
DA:3,2
DA:4,2
DA:5,2
DA:6,2
DA:18,2
DA:34,2
LF:6
LH:6
BRF:0
BRH:0
end_of_record
TN:
SF:src/app/components/Hub/Files/index.ts
FNF:0
FNH:0
DA:1,1
DA:3,1
LF:2
LH:2
BRF:0
BRH:0
end_of_record
TN:
SF:src/app/components/Hub/Files/FileStatusCell/FileRowComponents.styles.ts
FN:17,(anonymous_7)
FN:18,(anonymous_8)
FN:24,(anonymous_9)
FN:25,(anonymous_10)
FN:40,(anonymous_11)
FNF:5
FNH:2
FNDA:3,(anonymous_7)
FNDA:0,(anonymous_8)
FNDA:0,(anonymous_9)
FNDA:0,(anonymous_10)
FNDA:1,(anonymous_11)
DA:1,3
DA:2,3
DA:10,3
DA:15,3
DA:17,3
DA:18,0
DA:22,3
DA:24,0
DA:25,0
DA:32,3
DA:40,3
DA:44,3
LF:12
LH:9
BRDA:19,0,0,0
BRDA:19,0,1,0
BRDA:30,1,0,0
BRDA:30,1,1,0
BRF:4
BRH:0
end_of_record
TN:
SF:src/app/components/Hub/Files/FileStatusCell/FileStatusCell.tsx
FN:18,CompleteContent
FN:22,PendingContent
FN:26,ProgressContent
FN:39,AnalyzingContent
FN:43,DoneContent
FN:47,ErrorContent
FN:75,ActionCell
FN:85,(anonymous_14)
FN:105,FileStatusCell
FNF:9
FNH:7
FNDA:0,CompleteContent
FNDA:1,PendingContent
FNDA:1,ProgressContent
FNDA:1,AnalyzingContent
FNDA:1,DoneContent
FNDA:1,ErrorContent
FNDA:2,ActionCell
FNDA:0,(anonymous_14)
FNDA:7,FileStatusCell
DA:1,3
DA:2,3
DA:4,3
DA:5,3
DA:13,3
DA:14,3
DA:15,3
DA:19,0
DA:76,2
DA:77,2
DA:86,0
DA:87,0
DA:107,7
DA:109,7
DA:110,0
DA:113,0
DA:117,7
DA:119,7
DA:121,2
DA:122,2
DA:124,1
DA:125,1
DA:128,1
DA:131,1
DA:132,1
DA:134,1
DA:135,1
DA:138,1
DA:144,7
LF:29
LH:24
BRDA:81,0,0,0
BRDA:81,0,1,2
BRDA:81,1,0,2
BRDA:81,1,1,0
BRDA:107,2,0,7
BRDA:109,3,0,0
BRDA:110,4,0,0
BRDA:117,5,0,7
BRDA:117,5,1,0
BRDA:117,5,2,7
BRDA:119,6,0,2
BRDA:119,6,1,1
BRDA:119,6,2,1
BRDA:119,6,3,1
BRDA:119,6,4,1
BRDA:119,6,5,1
BRDA:119,6,6,1
BRDA:119,7,0,0
BRDA:119,7,1,7
BRDA:119,8,0,7
BRDA:119,8,1,7
BRDA:121,9,0,2
BRDA:121,9,1,0
BRDA:127,10,0,1
BRDA:127,10,1,0
BRDA:134,11,0,0
BRDA:134,11,1,1
BRDA:141,12,0,2
BRDA:141,12,1,5
BRF:29
BRH:20
end_of_record
TN:
SF:src/app/components/Hub/Files/FilesList/FilesList.tsx
FN:45,(anonymous_1)
FN:66,(anonymous_2)
FN:120,(anonymous_3)
FN:125,(anonymous_4)
FN:196,(anonymous_5)
FN:196,(anonymous_6)
FN:204,(anonymous_7)
FN:207,(anonymous_8)
FN:208,(anonymous_9)
FN:208,(anonymous_10)
FNF:10
FNH:2
FNDA:2,(anonymous_1)
FNDA:2,(anonymous_2)
FNDA:0,(anonymous_3)
FNDA:0,(anonymous_4)
FNDA:0,(anonymous_5)
FNDA:0,(anonymous_6)
FNDA:0,(anonymous_7)
FNDA:0,(anonymous_8)
FNDA:0,(anonymous_9)
FNDA:0,(anonymous_10)
DA:1,2
DA:2,2
DA:3,2
DA:4,2
DA:5,2
DA:12,2
DA:14,2
DA:15,2
DA:16,2
DA:17,2
DA:19,2
DA:21,2
DA:22,2
DA:31,2
DA:44,2
DA:45,2
DA:46,2
DA:47,2
DA:48,2
DA:62,2
DA:64,2
DA:66,2
DA:67,2
DA:70,2
DA:71,2
DA:73,0
DA:77,0
DA:121,0
DA:122,0
DA:123,0
DA:125,0
DA:196,0
DA:204,0
DA:208,0
DA:209,0
DA:253,2
LF:36
LH:26
BRDA:70,0,0,0
BRDA:70,0,1,2
BRDA:71,1,0,2
BRDA:73,2,0,0
BRDA:73,3,0,0
BRDA:73,3,1,0
BRDA:77,4,0,0
BRDA:81,5,0,0
BRDA:81,5,1,0
BRDA:94,6,0,0
BRDA:94,6,1,0
BRDA:95,7,0,0
BRDA:95,7,1,0
BRDA:106,8,0,0
BRDA:118,9,0,0
BRDA:118,9,1,0
BRDA:122,10,0,0
BRDA:122,10,1,0
BRDA:125,11,0,0
BRDA:125,11,1,0
BRDA:125,12,0,0
BRDA:125,12,1,0
BRDA:147,13,0,0
BRDA:147,13,1,0
BRDA:183,14,0,0
BRDA:184,15,0,0
BRDA:184,15,1,0
BRDA:187,16,0,0
BRDA:187,16,1,0
BRDA:205,17,0,0
BRDA:204,18,0,0
BRDA:204,18,1,0
BRF:32
BRH:2
end_of_record
TN:
SF:src/app/components/Hub/Files/FilesList/FilesListItem.tsx
FN:32,(anonymous_10)
FN:63,(anonymous_11)
FN:64,(anonymous_12)
FN:65,(anonymous_13)
FN:65,(anonymous_14)
FN:86,(anonymous_15)
FN:93,(anonymous_16)
FN:94,(anonymous_17)
FN:96,(anonymous_18)
FN:131,(anonymous_19)
FN:132,(anonymous_20)
FN:133,(anonymous_21)
FN:134,(anonymous_22)
FN:137,(anonymous_23)
FN:195,(anonymous_24)
FN:205,(anonymous_25)
FNF:16
FNH:0
FNDA:0,(anonymous_10)
FNDA:0,(anonymous_11)
FNDA:0,(anonymous_12)
FNDA:0,(anonymous_13)
FNDA:0,(anonymous_14)
FNDA:0,(anonymous_15)
FNDA:0,(anonymous_16)
FNDA:0,(anonymous_17)
FNDA:0,(anonymous_18)
FNDA:0,(anonymous_19)
FNDA:0,(anonymous_20)
FNDA:0,(anonymous_21)
FNDA:0,(anonymous_22)
FNDA:0,(anonymous_23)
FNDA:0,(anonymous_24)
FNDA:0,(anonymous_25)
DA:1,2
DA:2,2
DA:3,2
DA:5,2
DA:6,2
DA:7,2
DA:9,2
DA:11,2
DA:12,2
DA:14,2
DA:15,2
DA:16,2
DA:18,2
DA:19,2
DA:32,2
DA:42,0
DA:43,0
DA:44,0
DA:45,0
DA:46,0
DA:47,0
DA:49,0
DA:53,0
DA:55,0
DA:57,0
DA:64,0
DA:65,0
DA:70,0
DA:78,0
DA:86,0
DA:87,0
DA:93,0
DA:94,0
DA:96,0
DA:131,0
DA:132,0
DA:134,0
DA:135,0
DA:137,0
DA:196,0
DA:197,0
DA:205,0
DA:213,0
LF:43
LH:15
BRDA:53,0,0,0
BRDA:53,0,1,0
BRDA:53,0,2,0
BRDA:55,1,0,0
BRDA:55,1,1,0
BRDA:55,2,0,0
BRDA:55,2,1,0
BRDA:55,3,0,0
BRDA:55,3,1,0
BRDA:55,4,0,0
BRDA:55,4,1,0
BRDA:57,5,0,0
BRDA:57,5,1,0
BRDA:73,6,0,0
BRDA:73,6,1,0
BRDA:74,7,0,0
BRDA:74,7,1,0
BRDA:80,8,0,0
BRDA:80,8,1,0
BRDA:81,9,0,0
BRDA:81,9,1,0
BRDA:82,10,0,0
BRDA:82,10,1,0
BRDA:96,11,0,0
BRDA:96,11,1,0
BRDA:102,12,0,0
BRDA:102,12,1,0
BRDA:118,13,0,0
BRDA:135,14,0,0
BRDA:135,14,1,0
BRDA:136,15,0,0
BRDA:136,15,1,0
BRDA:136,16,0,0
BRDA:136,16,1,0
BRDA:154,17,0,0
BRDA:154,17,1,0
BRDA:165,18,0,0
BRDA:165,18,1,0
BRDA:165,19,0,0
BRDA:165,19,1,0
BRDA:171,20,0,0
BRDA:175,21,0,0
BRDA:175,21,1,0
BRDA:175,22,0,0
BRDA:175,22,1,0
BRDA:176,23,0,0
BRDA:176,23,1,0
BRDA:176,24,0,0
BRDA:176,24,1,0
BRDA:179,25,0,0
BRDA:181,26,0,0
BRDA:181,26,1,0
BRDA:181,27,0,0
BRDA:181,27,1,0
BRDA:196,28,0,0
BRF:55
BRH:0
end_of_record
TN:
SF:src/app/components/Hub/Files/FilesList/FilesListItemMobile.tsx
FN:22,getFileInfo
FN:33,(anonymous_3)
FN:43,(anonymous_4)
FN:54,(anonymous_5)
FN:67,(anonymous_6)
FN:70,(anonymous_7)
FN:72,(anonymous_8)
FNF:7
FNH:0
FNDA:0,getFileInfo
FNDA:0,(anonymous_3)
FNDA:0,(anonymous_4)
FNDA:0,(anonymous_5)
FNDA:0,(anonymous_6)
FNDA:0,(anonymous_7)
FNDA:0,(anonymous_8)
DA:2,2
DA:3,2
DA:4,2
DA:5,2
DA:6,2
DA:7,2
DA:8,2
DA:23,0
DA:24,0
DA:25,0
DA:33,2
DA:34,0
DA:37,0
DA:43,2
DA:53,0
DA:54,0
DA:55,0
DA:68,0
DA:69,0
DA:70,0
DA:71,0
DA:72,0
DA:115,0
LF:23
LH:9
BRDA:23,0,0,0
BRDA:24,1,0,0
BRDA:34,2,0,0
BRDA:34,3,0,0
BRDA:34,3,1,0
BRDA:37,4,0,0
BRDA:55,5,0,0
BRDA:55,5,1,0
BRDA:60,6,0,0
BRDA:60,6,1,0
BRDA:69,7,0,0
BRDA:71,8,0,0
BRDA:71,8,1,0
BRDA:73,9,0,0
BRDA:73,9,1,0
BRDA:73,10,0,0
BRDA:73,10,1,0
BRDA:86,11,0,0
BRDA:86,11,1,0
BRDA:97,12,0,0
BRDA:97,12,1,0
BRDA:97,13,0,0
BRDA:97,13,1,0
BRDA:108,14,0,0
BRDA:108,14,1,0
BRDA:108,15,0,0
BRDA:108,15,1,0
BRF:27
BRH:0
end_of_record
TN:
SF:src/app/components/Hub/Files/FilesList/FilesListItemV2.tsx
FN:36,FilesListItemV2
FN:62,(anonymous_11)
FN:63,(anonymous_12)
FN:64,(anonymous_13)
FN:64,(anonymous_14)
FN:85,(anonymous_15)
FN:89,(anonymous_16)
FN:95,(anonymous_17)
FN:101,(anonymous_18)
FN:102,(anonymous_19)
FN:103,(anonymous_20)
FN:104,(anonymous_21)
FN:107,(anonymous_22)
FN:161,(anonymous_23)
FN:171,(anonymous_24)
FN:203,(anonymous_25)
FN:204,(anonymous_26)
FNF:17
FNH:0
FNDA:0,FilesListItemV2
FNDA:0,(anonymous_11)
FNDA:0,(anonymous_12)
FNDA:0,(anonymous_13)
FNDA:0,(anonymous_14)
FNDA:0,(anonymous_15)
FNDA:0,(anonymous_16)
FNDA:0,(anonymous_17)
FNDA:0,(anonymous_18)
FNDA:0,(anonymous_19)
FNDA:0,(anonymous_20)
FNDA:0,(anonymous_21)
FNDA:0,(anonymous_22)
FNDA:0,(anonymous_23)
FNDA:0,(anonymous_24)
FNDA:0,(anonymous_25)
FNDA:0,(anonymous_26)
DA:1,1
DA:2,1
DA:3,1
DA:4,1
DA:5,1
DA:7,1
DA:8,1
DA:9,1
DA:11,1
DA:13,1
DA:15,1
DA:16,1
DA:17,1
DA:19,1
DA:20,1
DA:49,0
DA:50,0
DA:51,0
DA:52,0
DA:53,0
DA:54,0
DA:56,0
DA:58,0
DA:63,0
DA:64,0
DA:69,0
DA:77,0
DA:85,0
DA:86,0
DA:89,0
DA:90,0
DA:91,0
DA:94,0
DA:96,0
DA:101,0
DA:102,0
DA:104,0
DA:105,0
DA:107,0
DA:162,0
DA:163,0
DA:171,0
DA:203,0
DA:204,0
DA:223,0
LF:45
LH:15
BRDA:56,0,0,0
BRDA:56,0,1,0
BRDA:56,1,0,0
BRDA:56,1,1,0
BRDA:56,2,0,0
BRDA:56,2,1,0
BRDA:56,3,0,0
BRDA:56,3,1,0
BRDA:72,4,0,0
BRDA:72,4,1,0
BRDA:73,5,0,0
BRDA:73,5,1,0
BRDA:79,6,0,0
BRDA:79,6,1,0
BRDA:80,7,0,0
BRDA:80,7,1,0
BRDA:81,8,0,0
BRDA:81,8,1,0
BRDA:105,9,0,0
BRDA:105,9,1,0
BRDA:106,10,0,0
BRDA:106,10,1,0
BRDA:106,11,0,0
BRDA:106,11,1,0
BRDA:133,12,0,0
BRDA:133,12,1,0
BRDA:133,13,0,0
BRDA:133,13,1,0
BRDA:137,14,0,0
BRDA:137,14,1,0
BRDA:143,15,0,0
BRDA:143,15,1,0
BRDA:143,16,0,0
BRDA:143,16,1,0
BRDA:144,17,0,0
BRDA:144,17,1,0
BRDA:144,18,0,0
BRDA:144,18,1,0
BRDA:147,19,0,0
BRDA:149,20,0,0
BRDA:149,20,1,0
BRDA:149,21,0,0
BRDA:149,21,1,0
BRDA:156,22,0,0
BRDA:156,22,1,0
BRDA:157,23,0,0
BRDA:157,23,1,0
BRDA:162,24,0,0
BRDA:187,25,0,0
BRDA:187,25,1,0
BRDA:187,26,0,0
BRDA:187,26,1,0
BRDA:206,27,0,0
BRDA:206,27,1,0
BRDA:213,28,0,0
BRDA:213,28,1,0
BRDA:214,29,0,0
BRDA:214,29,1,0
BRF:58
BRH:0
end_of_record
TN:
SF:src/app/components/Hub/Files/FilesList/FilesListMobilesActions.tsx
FN:15,(anonymous_1)
FN:19,(anonymous_2)
FNF:2
FNH:0
FNDA:0,(anonymous_1)
FNDA:0,(anonymous_2)
DA:1,2
DA:2,2
DA:4,2
DA:6,2
DA:7,2
DA:15,2
DA:16,0
DA:17,0
DA:19,0
DA:43,0
LF:10
LH:6
BRDA:17,0,0,0
BRF:1
BRH:0
end_of_record
TN:
SF:src/app/components/Hub/Files/FilesList/FilesListNoUploaded.tsx
FN:10,(anonymous_2)
FNF:1
FNH:0
FNDA:0,(anonymous_2)
DA:1,1
DA:2,1
DA:3,1
DA:4,1
DA:10,1
DA:11,0
DA:25,0
LF:7
LH:5
BRDA:16,0,0,0
BRDA:16,0,1,0
BRF:2
BRH:0
end_of_record
TN:
SF:src/app/components/Hub/Files/FilesList/FilesListV2.tsx
FN:43,FilesListV2
FN:75,(anonymous_3)
FN:80,(anonymous_4)
FN:86,(anonymous_5)
FN:166,(anonymous_6)
FN:166,(anonymous_7)
FN:174,(anonymous_8)
FN:177,(anonymous_9)
FN:178,(anonymous_10)
FN:178,(anonymous_11)
FNF:10
FNH:0
FNDA:0,FilesListV2
FNDA:0,(anonymous_3)
FNDA:0,(anonymous_4)
FNDA:0,(anonymous_5)
FNDA:0,(anonymous_6)
FNDA:0,(anonymous_7)
FNDA:0,(anonymous_8)
FNDA:0,(anonymous_9)
FNDA:0,(anonymous_10)
FNDA:0,(anonymous_11)
DA:9,1
DA:10,1
DA:11,1
DA:12,1
DA:13,1
DA:14,1
DA:15,1
DA:20,1
DA:22,1
DA:23,1
DA:24,1
DA:27,1
DA:28,1
DA:29,1
DA:30,1
DA:31,1
DA:52,0
DA:53,0
DA:67,0
DA:69,0
DA:70,0
DA:72,0
DA:73,0
DA:75,0
DA:76,0
DA:79,0
DA:81,0
DA:85,0
DA:87,0
DA:166,0
DA:174,0
DA:178,0
DA:179,0
DA:211,0
DA:213,0
DA:217,0
DA:264,0
LF:37
LH:16
BRDA:46,0,0,0
BRDA:70,1,0,0
BRDA:70,1,1,0
BRDA:92,2,0,0
BRDA:92,2,1,0
BRDA:113,3,0,0
BRDA:113,3,1,0
BRDA:116,4,0,0
BRDA:116,4,1,0
BRDA:130,5,0,0
BRDA:130,5,1,0
BRDA:147,6,0,0
BRDA:151,7,0,0
BRDA:151,7,1,0
BRDA:154,8,0,0
BRDA:154,8,1,0
BRDA:157,9,0,0
BRDA:157,9,1,0
BRDA:165,10,0,0
BRDA:165,10,1,0
BRDA:175,11,0,0
BRDA:174,12,0,0
BRDA:174,12,1,0
BRDA:211,13,0,0
BRDA:213,14,0,0
BRDA:213,15,0,0
BRDA:213,15,1,0
BRDA:217,16,0,0
BRF:28
BRH:0
end_of_record
TN:
SF:src/app/components/Hub/Files/FilesList/filesList.constants.ts
FNF:0
FNH:0
DA:1,1
DA:11,1
DA:13,1
DA:19,1
DA:21,0
LF:5
LH:4
BRF:0
BRH:0
end_of_record
TN:
SF:src/app/components/Hub/Files/FilesList/filesList.utils.ts
FN:15,(anonymous_3)
FN:24,(anonymous_4)
FN:30,(anonymous_5)
FNF:3
FNH:3
FNDA:4,(anonymous_3)
FNDA:6,(anonymous_4)
FNDA:4,(anonymous_5)
DA:15,2
DA:22,4
DA:23,4
DA:24,6
DA:26,2
DA:30,2
DA:34,4
DA:36,2
DA:37,2
DA:39,2
DA:42,4
LF:11
LH:11
BRDA:23,0,0,2
BRDA:23,0,1,2
BRDA:34,1,0,2
BRDA:34,2,0,4
BRDA:34,2,1,3
BRDA:37,3,0,1
BRDA:37,3,1,1
BRF:7
BRH:7
end_of_record
TN:
SF:src/app/components/Hub/Files/FilesList/hooks/index.ts
FNF:0
FNH:0
DA:1,1
LF:1
LH:1
BRF:0
BRH:0
end_of_record
TN:
SF:src/app/components/Hub/Files/FilesList/hooks/useShouldUseMinimalList.ts
FN:11,useShouldUseMinimalList
FNF:1
FNH:1
FNDA:5,useShouldUseMinimalList
DA:2,2
DA:4,2
DA:12,5
DA:14,5
DA:20,3
LF:5
LH:5
BRF:0
BRH:0
end_of_record
TN:
SF:src/app/components/Hub/HubHeader/HubHeader.tsx
FN:21,(anonymous_1)
FN:50,(anonymous_2)
FN:72,(anonymous_3)
FN:87,(anonymous_4)
FN:90,(anonymous_5)
FN:95,(anonymous_6)
FN:98,(anonymous_7)
FN:110,(anonymous_8)
FN:134,(anonymous_9)
FNF:9
FNH:2
FNDA:9,(anonymous_1)
FNDA:0,(anonymous_2)
FNDA:0,(anonymous_3)
FNDA:0,(anonymous_4)
FNDA:0,(anonymous_5)
FNDA:0,(anonymous_6)
FNDA:0,(anonymous_7)
FNDA:1,(anonymous_8)
FNDA:0,(anonymous_9)
DA:1,2
DA:2,2
DA:4,2
DA:5,2
DA:6,2
DA:7,2
DA:8,2
DA:10,2
DA:11,2
DA:12,2
DA:13,2
DA:14,2
DA:15,2
DA:16,2
DA:17,2
DA:18,2
DA:21,5
DA:36,9
DA:37,9
DA:38,9
DA:39,9
DA:40,9
DA:42,9
DA:45,9
DA:46,9
DA:50,9
DA:51,0
DA:54,0
DA:55,0
DA:58,0
DA:64,0
DA:74,0
DA:80,0
DA:86,9
DA:88,0
DA:91,0
DA:96,0
DA:99,0
DA:104,9
DA:105,9
DA:106,9
DA:110,1
DA:117,9
DA:118,8
DA:119,8
DA:121,8
DA:135,0
DA:142,9
LF:48
LH:36
BRDA:30,0,0,9
BRDA:31,1,0,9
BRDA:34,2,0,8
BRDA:51,3,0,0
BRDA:55,4,0,0
BRDA:55,4,1,0
BRDA:55,5,0,0
BRDA:55,5,1,0
BRDA:55,6,0,0
BRDA:55,6,1,0
BRDA:55,7,0,0
BRDA:55,7,1,0
BRDA:91,8,0,0
BRDA:91,8,1,0
BRDA:96,9,0,0
BRDA:96,9,1,0
BRDA:96,10,0,0
BRDA:96,10,1,0
BRDA:105,11,0,9
BRDA:117,12,0,8
BRDA:118,13,0,8
BRDA:118,13,1,0
BRDA:118,14,0,8
BRDA:118,14,1,8
BRDA:119,15,0,0
BRDA:119,15,1,8
BRDA:119,16,0,8
BRDA:119,16,1,8
BRDA:126,17,0,8
BRDA:126,17,1,8
BRDA:127,18,0,8
BRDA:127,18,1,0
BRDA:135,19,0,0
BRDA:135,19,1,0
BRDA:142,20,0,0
BRF:35
BRH:14
end_of_record
TN:
SF:src/app/components/Hub/Searches/NewSearchButtonContainer.tsx
FN:9,(anonymous_0)
FN:19,(anonymous_1)
FNF:2
FNH:0
FNDA:0,(anonymous_0)
FNDA:0,(anonymous_1)
DA:9,0
DA:10,0
DA:11,0
DA:19,0
LF:4
LH:0
BRDA:15,0,0,0
BRDA:15,0,1,0
BRDA:15,1,0,0
BRDA:15,1,1,0
BRF:4
BRH:0
end_of_record
TN:
SF:src/app/components/Hub/Searches/SearchesTableActions.tsx
FN:21,(anonymous_0)
FN:38,(anonymous_1)
FN:69,(anonymous_2)
FN:75,(anonymous_3)
FNF:4
FNH:0
FNDA:0,(anonymous_0)
FNDA:0,(anonymous_1)
FNDA:0,(anonymous_2)
FNDA:0,(anonymous_3)
DA:21,0
DA:22,0
DA:39,0
DA:40,0
DA:41,0
DA:69,0
DA:70,0
DA:76,0
DA:77,0
LF:9
LH:0
BRDA:76,0,0,0
BRF:1
BRH:0
end_of_record
TN:
SF:src/app/components/Hub/Searches/getUserName.tsx
FN:1,getUserName
FNF:1
FNH:0
FNDA:0,getUserName
DA:1,0
DA:5,0
DA:6,0
DA:7,0
LF:4
LH:0
BRDA:5,0,0,0
BRDA:6,1,0,0
BRF:2
BRH:0
end_of_record
TN:
SF:src/app/components/Hub/Searches/FindResultSearches/FindResultSearchItem.tsx
FN:20,(anonymous_0)
FN:31,(anonymous_1)
FNF:2
FNH:0
FNDA:0,(anonymous_0)
FNDA:0,(anonymous_1)
DA:20,0
DA:21,0
DA:22,0
DA:23,0
DA:24,0
DA:32,0
LF:6
LH:0
BRDA:46,0,0,0
BRDA:46,0,1,0
BRDA:46,1,0,0
BRDA:46,1,1,0
BRDA:46,2,0,0
BRDA:46,2,1,0
BRDA:46,3,0,0
BRDA:46,3,1,0
BRDA:46,4,0,0
BRDA:46,4,1,0
BRDA:54,5,0,0
BRDA:54,5,1,0
BRDA:54,6,0,0
BRDA:54,6,1,0
BRDA:54,7,0,0
BRDA:54,7,1,0
BRDA:54,8,0,0
BRDA:54,8,1,0
BRDA:54,9,0,0
BRDA:54,9,1,0
BRF:20
BRH:0
end_of_record
TN:
SF:src/app/components/Hub/Searches/FindResultSearches/FindResultSearches.tsx
FN:23,(anonymous_0)
FN:29,(anonymous_1)
FN:31,(anonymous_2)
FN:32,(anonymous_3)
FNF:4
FNH:0
FNDA:0,(anonymous_0)
FNDA:0,(anonymous_1)
FNDA:0,(anonymous_2)
FNDA:0,(anonymous_3)
DA:21,0
DA:23,0
DA:24,0
DA:25,0
DA:26,0
DA:28,0
DA:30,0
DA:31,0
DA:32,0
DA:36,0
DA:38,0
LF:11
LH:0
BRDA:25,0,0,0
BRDA:25,1,0,0
BRDA:25,1,1,0
BRDA:25,2,0,0
BRDA:25,2,1,0
BRDA:36,3,0,0
BRDA:38,4,0,0
BRDA:47,5,0,0
BRDA:47,5,1,0
BRDA:51,6,0,0
BRDA:51,6,1,0
BRDA:56,7,0,0
BRDA:56,7,1,0
BRF:13
BRH:0
end_of_record
TN:
SF:src/app/components/Hub/Searches/FollowedSearches/EmptyFollowedSearches.tsx
FN:5,(anonymous_0)
FNF:1
FNH:0
FNDA:0,(anonymous_0)
DA:5,0
DA:6,0
DA:7,0
LF:3
LH:0
BRDA:7,0,0,0
BRF:1
BRH:0
end_of_record
TN:
SF:src/app/components/Hub/Searches/FollowedSearches/FollowedSearchItem.tsx
FN:24,(anonymous_8)
FN:47,(anonymous_9)
FN:93,(anonymous_10)
FNF:3
FNH:0
FNDA:0,(anonymous_8)
FNDA:0,(anonymous_9)
FNDA:0,(anonymous_10)
DA:22,0
DA:24,0
DA:25,0
DA:26,0
DA:28,0
DA:30,0
DA:48,0
DA:93,0
DA:94,0
DA:95,0
LF:10
LH:0
BRDA:34,0,0,0
BRDA:34,0,1,0
BRDA:34,1,0,0
BRDA:34,1,1,0
BRDA:62,2,0,0
BRDA:62,2,1,0
BRDA:62,3,0,0
BRDA:62,3,1,0
BRDA:62,4,0,0
BRDA:62,4,1,0
BRDA:62,5,0,0
BRDA:62,5,1,0
BRDA:62,6,0,0
BRDA:62,6,1,0
BRDA:70,7,0,0
BRDA:70,7,1,0
BRDA:70,8,0,0
BRDA:70,8,1,0
BRDA:70,9,0,0
BRDA:70,9,1,0
BRDA:70,10,0,0
BRDA:70,10,1,0
BRDA:70,11,0,0
BRDA:70,11,1,0
BRDA:100,12,0,0
BRDA:100,12,1,0
BRF:26
BRH:0
end_of_record
TN:
SF:src/app/components/Hub/Searches/FollowedSearches/FollowedSearches.tsx
FN:14,(anonymous_0)
FN:70,(anonymous_1)
FN:71,(anonymous_2)
FNF:3
FNH:0
FNDA:0,(anonymous_0)
FNDA:0,(anonymous_1)
FNDA:0,(anonymous_2)
DA:14,0
DA:15,0
DA:16,0
DA:17,0
DA:18,0
DA:20,0
DA:21,0
DA:24,0
DA:71,0
LF:9
LH:0
BRDA:20,0,0,0
BRDA:24,1,0,0
BRDA:39,2,0,0
BRDA:39,2,1,0
BRDA:46,3,0,0
BRDA:46,3,1,0
BRDA:49,4,0,0
BRF:7
BRH:0
end_of_record
TN:
SF:src/app/components/Hub/Searches/PublicSearches/PublicSearchItem.tsx
FN:20,(anonymous_0)
FN:29,(anonymous_1)
FNF:2
FNH:0
FNDA:0,(anonymous_0)
FNDA:0,(anonymous_1)
DA:20,0
DA:21,0
DA:22,0
DA:23,0
DA:24,0
DA:30,0
LF:6
LH:0
BRDA:44,0,0,0
BRDA:44,0,1,0
BRDA:44,1,0,0
BRDA:44,1,1,0
BRDA:44,2,0,0
BRDA:44,2,1,0
BRDA:44,3,0,0
BRDA:44,3,1,0
BRDA:44,4,0,0
BRDA:44,4,1,0
BRDA:52,5,0,0
BRDA:52,5,1,0
BRDA:52,6,0,0
BRDA:52,6,1,0
BRDA:52,7,0,0
BRDA:52,7,1,0
BRDA:52,8,0,0
BRDA:52,8,1,0
BRDA:52,9,0,0
BRDA:52,9,1,0
BRF:20
BRH:0
end_of_record
TN:
SF:src/app/components/Hub/Searches/PublicSearches/PublicSearches.tsx
FN:19,(anonymous_0)
FN:24,(anonymous_1)
FNF:2
FNH:0
FNDA:0,(anonymous_0)
FNDA:0,(anonymous_1)
DA:12,0
DA:13,0
DA:19,0
DA:20,0
DA:21,0
DA:22,0
DA:24,0
DA:26,0
DA:27,0
LF:9
LH:0
BRDA:21,0,0,0
BRDA:21,1,0,0
BRDA:21,1,1,0
BRDA:21,2,0,0
BRDA:21,2,1,0
BRDA:26,3,0,0
BRDA:27,4,0,0
BRF:7
BRH:0
end_of_record
TN:
SF:src/app/components/Hub/Searches/RecentSearches/RecentSearchItem.tsx
FN:15,(anonymous_0)
FN:23,(anonymous_1)
FNF:2
FNH:0
FNDA:0,(anonymous_0)
FNDA:0,(anonymous_1)
DA:15,0
DA:16,0
DA:17,0
DA:18,0
DA:24,0
LF:5
LH:0
BRF:0
BRH:0
end_of_record
TN:
SF:src/app/components/Hub/Searches/RecentSearches/RecentSearches.tsx
FN:18,(anonymous_0)
FN:22,(anonymous_1)
FNF:2
FNH:0
FNDA:0,(anonymous_0)
FNDA:0,(anonymous_1)
DA:12,0
DA:13,0
DA:18,0
DA:19,0
DA:20,0
DA:21,0
DA:22,0
DA:24,0
DA:25,0
LF:9
LH:0
BRDA:20,0,0,0
BRDA:20,1,0,0
BRDA:20,1,1,0
BRDA:20,2,0,0
BRDA:20,2,1,0
BRDA:24,3,0,0
BRDA:25,4,0,0
BRF:7
BRH:0
end_of_record
TN:
SF:src/app/components/Hub/Searches/SavedSearches/SavedSearchItem.tsx
FN:15,(anonymous_0)
FN:22,(anonymous_1)
FNF:2
FNH:0
FNDA:0,(anonymous_0)
FNDA:0,(anonymous_1)
DA:15,0
DA:16,0
DA:17,0
DA:18,0
DA:23,0
LF:5
LH:0
BRDA:32,0,0,0
BRDA:32,0,1,0
BRDA:32,1,0,0
BRDA:32,1,1,0
BRF:4
BRH:0
end_of_record
TN:
SF:src/app/components/Hub/Searches/SavedSearches/SavedSearches.tsx
FN:18,(anonymous_0)
FN:22,(anonymous_1)
FNF:2
FNH:0
FNDA:0,(anonymous_0)
FNDA:0,(anonymous_1)
DA:12,0
DA:13,0
DA:18,0
DA:19,0
DA:20,0
DA:21,0
DA:22,0
DA:24,0
DA:25,0
LF:9
LH:0
BRDA:20,0,0,0
BRDA:20,1,0,0
BRDA:20,1,1,0
BRDA:20,2,0,0
BRDA:20,2,1,0
BRDA:24,3,0,0
BRDA:25,4,0,0
BRF:7
BRH:0
end_of_record
TN:
SF:src/app/components/Hub/Watchlists/EmptyWatchlists.tsx
FN:4,(anonymous_1)
FNF:1
FNH:1
FNDA:2,(anonymous_1)
DA:1,1
DA:2,1
DA:4,2
LF:3
LH:3
BRF:0
BRH:0
end_of_record
TN:
SF:src/app/components/Hub/Watchlists/NewWatchlistButtonContainer.tsx
FN:13,(anonymous_1)
FN:33,(anonymous_2)
FN:36,(anonymous_3)
FNF:3
FNH:1
FNDA:8,(anonymous_1)
FNDA:0,(anonymous_2)
FNDA:0,(anonymous_3)
DA:2,1
DA:3,1
DA:4,1
DA:5,1
DA:6,1
DA:8,1
DA:9,1
DA:10,1
DA:11,1
DA:13,1
DA:14,8
DA:15,8
DA:17,8
DA:20,8
DA:21,8
DA:25,8
DA:34,0
DA:37,0
DA:49,8
LF:19
LH:17
BRDA:29,0,0,0
BRDA:29,0,1,8
BRDA:34,1,0,0
BRDA:34,1,1,0
BRF:4
BRH:1
end_of_record
TN:
SF:src/app/components/Hub/Watchlists/WatchlistTableActions.tsx
FN:13,EditButton
FN:23,(anonymous_4)
FN:36,ChatButton
FN:46,(anonymous_6)
FN:65,(anonymous_7)
FN:81,(anonymous_8)
FN:88,(anonymous_9)
FN:94,(anonymous_10)
FNF:8
FNH:1
FNDA:0,EditButton
FNDA:0,(anonymous_4)
FNDA:0,ChatButton
FNDA:0,(anonymous_6)
FNDA:7,(anonymous_7)
FNDA:0,(anonymous_8)
FNDA:0,(anonymous_9)
FNDA:0,(anonymous_10)
DA:1,1
DA:2,1
DA:3,1
DA:5,1
DA:6,1
DA:9,1
DA:10,1
DA:11,1
DA:24,0
DA:25,0
DA:47,0
DA:48,0
DA:49,0
DA:65,1
DA:66,7
DA:67,7
DA:72,7
DA:73,7
DA:75,7
DA:76,7
DA:77,7
DA:79,7
DA:81,7
DA:82,0
DA:88,0
DA:94,1
DA:95,0
DA:104,7
LF:28
LH:20
BRDA:75,0,0,0
BRDA:75,0,1,7
BRDA:75,1,0,7
BRDA:75,1,1,7
BRDA:77,2,0,7
BRDA:77,2,1,7
BRDA:87,3,0,0
BRDA:87,3,1,7
BRDA:88,4,0,0
BRDA:88,4,1,7
BRF:10
BRH:7
end_of_record
TN:
SF:src/app/components/Hub/Watchlists/FindResultWatchlists/FindResultWatchlists.tsx
FN:17,(anonymous_1)
FN:22,(anonymous_2)
FN:24,(anonymous_3)
FN:25,(anonymous_4)
FNF:4
FNH:3
FNDA:2,(anonymous_1)
FNDA:2,(anonymous_2)
FNDA:4,(anonymous_3)
FNDA:0,(anonymous_4)
DA:1,1
DA:2,1
DA:3,1
DA:4,1
DA:6,1
DA:7,1
DA:8,1
DA:9,1
DA:15,1
DA:17,1
DA:18,2
DA:19,2
DA:21,2
DA:23,2
DA:24,4
DA:25,0
DA:29,2
DA:31,1
DA:78,1
LF:19
LH:18
BRDA:18,0,0,1
BRDA:29,1,0,1
BRDA:31,2,0,1
BRDA:43,3,0,0
BRDA:43,3,1,0
BRDA:48,4,0,0
BRDA:48,4,1,0
BRF:7
BRH:3
end_of_record
TN:
SF:src/app/components/Hub/Watchlists/FindResultWatchlists/FindResultWatchlistsItem.tsx
FN:26,(anonymous_1)
FN:42,(anonymous_2)
FNF:2
FNH:0
FNDA:0,(anonymous_1)
FNDA:0,(anonymous_2)
DA:1,1
DA:2,1
DA:3,1
DA:5,1
DA:6,1
DA:7,1
DA:8,1
DA:10,1
DA:11,1
DA:12,1
DA:13,1
DA:14,1
DA:18,1
DA:26,1
DA:27,0
DA:28,0
DA:29,0
DA:30,0
DA:31,0
DA:32,0
DA:34,0
DA:35,0
DA:43,0
DA:44,0
DA:46,0
DA:91,0
LF:26
LH:14
BRDA:34,0,0,0
BRDA:34,0,1,0
BRDA:35,1,0,0
BRDA:35,1,1,0
BRDA:43,2,0,0
BRDA:43,2,1,0
BRDA:61,3,0,0
BRDA:61,3,1,0
BRDA:61,4,0,0
BRDA:61,4,1,0
BRDA:62,5,0,0
BRDA:62,5,1,0
BRDA:62,6,0,0
BRDA:62,6,1,0
BRDA:62,7,0,0
BRDA:62,7,1,0
BRDA:62,8,0,0
BRDA:62,8,1,0
BRDA:62,9,0,0
BRDA:62,9,1,0
BRDA:70,10,0,0
BRDA:70,10,1,0
BRDA:70,11,0,0
BRDA:70,11,1,0
BRDA:70,12,0,0
BRDA:70,12,1,0
BRDA:70,13,0,0
BRDA:70,13,1,0
BRDA:70,14,0,0
BRDA:70,14,1,0
BRF:30
BRH:0
end_of_record
TN:
SF:src/app/components/Hub/Watchlists/PortfolioView/PortfolioActionsMenu.tsx
FN:12,(anonymous_1)
FN:16,(anonymous_2)
FNF:2
FNH:1
FNDA:2,(anonymous_1)
FNDA:0,(anonymous_2)
DA:1,1
DA:2,1
DA:4,1
DA:5,1
DA:6,1
DA:12,1
DA:13,2
DA:14,2
DA:15,2
DA:16,0
DA:30,2
LF:11
LH:10
BRDA:23,0,0,0
BRDA:23,0,1,2
BRF:2
BRH:1
end_of_record
TN:
SF:src/app/components/Hub/Watchlists/PortfolioView/PortfolioView.styles.tsx
FN:4,(anonymous_3)
FN:11,(anonymous_4)
FNF:2
FNH:2
FNDA:2,(anonymous_3)
FNDA:2,(anonymous_4)
DA:1,1
DA:2,1
DA:4,2
DA:11,2
DA:33,2
LF:5
LH:5
BRF:0
BRH:0
end_of_record
TN:
SF:src/app/components/Hub/Watchlists/PortfolioView/PortfolioView.tsx
FN:30,(anonymous_1)
FN:48,(anonymous_2)
FN:50,(anonymous_3)
FN:53,(anonymous_4)
FN:60,(anonymous_5)
FN:63,(anonymous_6)
FN:63,(anonymous_7)
FN:65,(anonymous_8)
FN:74,(anonymous_9)
FN:78,(anonymous_10)
FN:82,(anonymous_11)
FN:195,(anonymous_12)
FNF:12
FNH:8
FNDA:3,(anonymous_1)
FNDA:3,(anonymous_2)
FNDA:2,(anonymous_3)
FNDA:3,(anonymous_4)
FNDA:2,(anonymous_5)
FNDA:2,(anonymous_6)
FNDA:2,(anonymous_7)
FNDA:2,(anonymous_8)
FNDA:0,(anonymous_9)
FNDA:0,(anonymous_10)
FNDA:0,(anonymous_11)
FNDA:0,(anonymous_12)
DA:1,1
DA:2,1
DA:3,1
DA:5,1
DA:6,1
DA:7,1
DA:8,1
DA:11,1
DA:12,1
DA:13,1
DA:14,1
DA:15,1
DA:16,1
DA:17,1
DA:18,1
DA:19,1
DA:20,1
DA:21,1
DA:22,1
DA:23,1
DA:24,1
DA:30,1
DA:31,3
DA:32,3
DA:33,3
DA:34,3
DA:35,3
DA:36,3
DA:37,3
DA:38,3
DA:40,3
DA:41,3
DA:44,3
DA:45,3
DA:46,3
DA:48,3
DA:50,3
DA:53,3
DA:54,3
DA:55,0
DA:56,0
DA:60,3
DA:61,3
DA:63,3
DA:65,3
DA:66,2
DA:69,3
DA:74,3
DA:75,0
DA:78,3
DA:79,0
DA:82,3
DA:83,0
DA:84,0
DA:85,0
DA:196,0
DA:226,3
LF:57
LH:49
BRDA:34,0,0,1
BRDA:34,1,0,1
BRDA:34,2,0,2
BRDA:34,2,1,1
BRDA:34,3,0,3
BRDA:34,3,1,3
BRDA:44,4,0,3
BRDA:44,4,1,2
BRDA:44,4,2,2
BRDA:44,5,0,0
BRDA:44,5,1,2
BRDA:44,6,0,2
BRDA:44,6,1,2
BRDA:46,7,0,1
BRDA:46,7,1,2
BRDA:46,8,0,3
BRDA:46,8,1,3
BRDA:50,9,0,2
BRDA:50,9,1,0
BRDA:54,10,0,0
BRDA:60,11,0,2
BRDA:60,11,1,0
BRDA:60,12,0,2
BRDA:60,12,1,2
BRDA:60,13,0,0
BRDA:60,13,1,2
BRDA:60,14,0,2
BRDA:60,14,1,2
BRDA:61,15,0,3
BRDA:61,15,1,2
BRDA:63,16,0,0
BRDA:63,16,1,2
BRDA:63,17,0,2
BRDA:63,17,1,2
BRDA:63,18,0,0
BRDA:63,18,1,2
BRDA:63,19,0,2
BRDA:63,19,1,2
BRDA:70,20,0,0
BRDA:70,20,1,3
BRDA:70,21,0,3
BRDA:70,21,1,3
BRDA:70,22,0,0
BRDA:70,22,1,6
BRDA:70,23,0,3
BRDA:70,23,1,3
BRDA:70,24,0,3
BRDA:70,24,1,3
BRDA:71,25,0,1
BRDA:71,25,1,2
BRDA:71,26,0,3
BRDA:71,26,1,3
BRDA:75,27,0,0
BRDA:79,28,0,0
BRDA:83,29,0,0
BRDA:112,30,0,2
BRDA:112,30,1,1
BRDA:115,31,0,3
BRDA:115,31,1,0
BRDA:119,32,0,3
BRDA:119,32,1,3
BRDA:121,33,0,2
BRDA:121,33,1,1
BRDA:121,34,0,3
BRDA:121,34,1,3
BRDA:131,35,0,3
BRDA:132,36,0,2
BRDA:132,36,1,1
BRDA:141,37,0,2
BRDA:141,37,1,1
BRDA:148,38,0,2
BRDA:148,38,1,1
BRDA:154,39,0,1
BRDA:169,40,0,1
BRDA:169,40,1,1
BRDA:174,41,0,0
BRDA:174,41,1,2
BRDA:174,42,0,2
BRDA:174,42,1,2
BRDA:174,43,0,0
BRDA:174,43,1,2
BRDA:174,44,0,2
BRDA:174,44,1,2
BRDA:174,45,0,0
BRDA:174,45,1,2
BRDA:174,46,0,2
BRDA:174,46,1,2
BRDA:174,47,0,0
BRDA:174,47,1,2
BRDA:174,48,0,2
BRDA:174,48,1,2
BRDA:203,49,0,2
BRDA:214,50,0,2
BRDA:214,50,1,2
BRF:94
BRH:77
end_of_record
TN:
SF:src/app/components/Hub/Watchlists/PortfolioView/ShareSearchButton.tsx
FN:10,(anonymous_1)
FN:14,(anonymous_2)
FNF:2
FNH:0
FNDA:0,(anonymous_1)
FNDA:0,(anonymous_2)
DA:1,1
DA:3,1
DA:10,1
DA:15,0
DA:16,0
DA:25,0
LF:6
LH:3
BRF:0
BRH:0
end_of_record
TN:
SF:src/app/components/Hub/Watchlists/PortfolioView/WatchlistTable.styles.tsx
FN:3,(anonymous_1)
FNF:1
FNH:1
FNDA:1,(anonymous_1)
DA:1,1
DA:3,1
DA:24,1
LF:3
LH:3
BRF:0
BRH:0
end_of_record
TN:
SF:src/app/components/Hub/Watchlists/PortfolioView/WatchlistTableRow.tsx
FN:15,(anonymous_2)
FN:26,(anonymous_3)
FN:28,(anonymous_4)
FN:39,(anonymous_5)
FN:79,(anonymous_6)
FNF:5
FNH:2
FNDA:2,(anonymous_2)
FNDA:0,(anonymous_3)
FNDA:0,(anonymous_4)
FNDA:2,(anonymous_5)
FNDA:0,(anonymous_6)
DA:1,1
DA:2,1
DA:4,1
DA:9,1
DA:10,1
DA:11,1
DA:12,1
DA:13,1
DA:15,1
DA:16,2
DA:17,2
DA:20,0
DA:22,0
DA:25,0
DA:26,0
DA:28,0
DA:30,0
DA:39,1
DA:40,2
DA:41,2
DA:42,2
DA:43,2
DA:79,0
DA:88,2
LF:24
LH:17
BRDA:16,0,0,2
BRDA:20,1,0,0
BRDA:25,2,0,0
BRDA:25,2,1,0
BRDA:25,3,0,0
BRDA:25,3,1,0
BRDA:25,4,0,0
BRDA:25,4,1,0
BRDA:30,5,0,0
BRDA:30,5,1,0
BRDA:47,6,0,0
BRDA:47,6,1,2
BRDA:61,7,0,0
BRDA:61,7,1,2
BRDA:76,8,0,0
BRDA:76,8,1,2
BRDA:77,9,0,0
BRDA:77,9,1,2
BRDA:78,10,0,0
BRDA:78,10,1,0
BRF:20
BRH:5
end_of_record
TN:
SF:src/app/components/Hub/Watchlists/PortfolioView/WatchlistsTable.tsx
FN:32,(anonymous_3)
FN:47,(anonymous_4)
FN:125,(anonymous_5)
FN:127,(anonymous_6)
FNF:4
FNH:3
FNDA:1,(anonymous_3)
FNDA:1,(anonymous_4)
FNDA:0,(anonymous_5)
FNDA:2,(anonymous_6)
DA:2,1
DA:3,1
DA:4,1
DA:5,1
DA:6,1
DA:8,1
DA:9,1
DA:10,1
DA:11,1
DA:12,1
DA:14,1
DA:32,1
DA:33,1
DA:47,1
DA:58,1
DA:62,1
DA:63,1
DA:64,1
DA:69,1
DA:71,1
DA:72,0
DA:75,1
DA:88,1
DA:89,1
DA:90,1
DA:125,0
DA:128,2
DA:142,1
LF:28
LH:26
BRDA:33,0,0,1
BRDA:36,1,0,0
BRDA:36,1,1,1
BRDA:42,2,0,0
BRDA:42,2,1,0
BRDA:71,3,0,0
BRDA:75,4,0,0
BRDA:75,5,0,1
BRDA:75,5,1,0
BRDA:78,6,0,0
BRDA:78,6,1,0
BRDA:88,7,0,1
BRDA:88,7,1,1
BRDA:88,7,2,0
BRDA:89,8,0,1
BRDA:89,8,1,0
BRDA:90,9,0,1
BRDA:90,9,1,0
BRDA:90,9,2,0
BRDA:97,10,0,0
BRDA:97,10,1,1
BRDA:103,11,0,0
BRDA:103,11,1,1
BRDA:105,12,0,1
BRDA:106,13,0,1
BRDA:111,14,0,1
BRDA:119,15,0,1
BRDA:119,15,1,0
BRDA:122,16,0,0
BRDA:122,16,1,1
BRF:30
BRH:14
end_of_record
TN:
SF:src/app/components/Hub/Watchlists/PublicWatchlists/PublicWatchlists.tsx
FN:19,(anonymous_1)
FN:22,(anonymous_2)
FNF:2
FNH:0
FNDA:0,(anonymous_1)
FNDA:0,(anonymous_2)
DA:1,1
DA:2,1
DA:3,1
DA:4,1
DA:6,1
DA:7,1
DA:8,1
DA:9,1
DA:10,1
DA:12,1
DA:13,1
DA:19,1
DA:20,0
DA:21,0
DA:22,0
DA:24,0
DA:25,0
DA:91,3
LF:18
LH:13
BRDA:20,0,0,0
BRDA:24,1,0,0
BRDA:25,2,0,0
BRDA:25,3,0,0
BRDA:25,3,1,0
BRF:5
BRH:0
end_of_record
TN:
SF:src/app/components/Hub/Watchlists/PublicWatchlists/PublicWatchlistsItem.tsx
FN:24,(anonymous_1)
FN:38,(anonymous_2)
FNF:2
FNH:0
FNDA:0,(anonymous_1)
FNDA:0,(anonymous_2)
DA:1,1
DA:2,1
DA:3,1
DA:5,1
DA:6,1
DA:7,1
DA:8,1
DA:9,1
DA:10,1
DA:11,1
DA:12,1
DA:13,1
DA:17,1
DA:24,1
DA:25,0
DA:26,0
DA:27,0
DA:28,0
DA:29,0
DA:30,0
DA:32,0
DA:33,0
DA:39,0
DA:40,0
DA:42,0
DA:88,0
LF:26
LH:14
BRDA:32,0,0,0
BRDA:32,0,1,0
BRDA:33,1,0,0
BRDA:33,1,1,0
BRDA:39,2,0,0
BRDA:39,2,1,0
BRDA:58,3,0,0
BRDA:58,3,1,0
BRDA:58,4,0,0
BRDA:58,4,1,0
BRDA:58,5,0,0
BRDA:58,5,1,0
BRDA:58,6,0,0
BRDA:58,6,1,0
BRDA:58,7,0,0
BRDA:58,7,1,0
BRDA:66,8,0,0
BRDA:66,8,1,0
BRDA:66,9,0,0
BRDA:66,9,1,0
BRDA:66,10,0,0
BRDA:66,10,1,0
BRDA:66,11,0,0
BRDA:66,11,1,0
BRDA:66,12,0,0
BRDA:66,12,1,0
BRF:26
BRH:0
end_of_record
TN:
SF:src/app/components/Hub/Watchlists/PublicWatchlists/index.ts
FNF:0
FNH:0
DA:1,1
LF:1
LH:1
BRF:0
BRH:0
end_of_record
TN:
SF:src/app/components/Hub/Watchlists/UserWatchlists/UserWatchlistItem.tsx
FN:20,MobileActions
FN:44,DesktopActions
FN:67,(anonymous_3)
FN:75,(anonymous_4)
FNF:4
FNH:3
FNDA:0,MobileActions
FNDA:7,DesktopActions
FNDA:6,(anonymous_3)
FNDA:1,(anonymous_4)
DA:1,1
DA:2,1
DA:4,1
DA:5,1
DA:6,1
DA:7,1
DA:8,1
DA:9,1
DA:13,1
DA:21,0
DA:22,0
DA:23,0
DA:25,0
DA:45,7
DA:46,7
DA:47,7
DA:49,7
DA:67,1
DA:68,6
DA:69,6
DA:70,6
DA:76,1
DA:77,0
DA:79,1
DA:95,6
LF:25
LH:20
BRDA:26,0,0,0
BRDA:26,0,1,0
BRDA:31,1,0,0
BRDA:31,1,1,0
BRDA:54,2,0,0
BRDA:54,2,1,7
BRDA:76,3,0,0
BRDA:76,3,1,1
BRDA:82,4,0,0
BRDA:82,4,1,6
BRDA:82,5,0,6
BRDA:82,5,1,6
BRDA:87,6,0,6
BRDA:87,6,1,0
BRDA:87,7,0,6
BRDA:87,7,1,6
BRF:16
BRH:8
end_of_record
TN:
SF:src/app/components/Hub/Watchlists/UserWatchlists/UserWatchlists.tsx
FN:18,(anonymous_1)
FN:21,(anonymous_2)
FNF:2
FNH:2
FNDA:8,(anonymous_1)
FNDA:6,(anonymous_2)
DA:1,1
DA:2,1
DA:3,1
DA:4,1
DA:6,1
DA:7,1
DA:8,1
DA:9,1
DA:10,1
DA:12,1
DA:13,1
DA:18,1
DA:19,8
DA:20,8
DA:21,8
DA:23,8
DA:24,7
DA:78,3
LF:18
LH:18
BRDA:19,0,0,1
BRDA:23,1,0,1
BRDA:24,2,0,2
BRDA:24,3,0,7
BRDA:24,3,1,7
BRF:5
BRH:5
end_of_record
TN:
SF:src/app/components/Hub/Watchlists/UserWatchlists/index.ts
FNF:0
FNH:0
DA:1,1
LF:1
LH:1
BRF:0
BRH:0
end_of_record
TN:
SF:src/app/components/Payments/ChargebeePortalButton.tsx
FN:10,useCustomerPortal
FN:12,(anonymous_1)
FN:15,(anonymous_2)
FN:28,(anonymous_3)
FN:35,(anonymous_4)
FN:36,(anonymous_5)
FN:56,(anonymous_6)
FN:65,(anonymous_7)
FN:68,(anonymous_8)
FNF:9
FNH:0
FNDA:0,useCustomerPortal
FNDA:0,(anonymous_1)
FNDA:0,(anonymous_2)
FNDA:0,(anonymous_3)
FNDA:0,(anonymous_4)
FNDA:0,(anonymous_5)
FNDA:0,(anonymous_6)
FNDA:0,(anonymous_7)
FNDA:0,(anonymous_8)
DA:11,0
DA:13,0
DA:15,0
DA:19,0
DA:22,0
DA:28,0
DA:29,0
DA:30,0
DA:32,0
DA:34,0
DA:36,0
DA:37,0
DA:39,0
DA:40,0
DA:46,0
DA:49,0
DA:54,0
DA:55,0
DA:56,0
DA:57,0
DA:58,0
DA:59,0
DA:61,0
DA:65,0
DA:68,0
LF:25
LH:0
BRDA:39,0,0,0
BRDA:54,1,0,0
BRDA:54,1,1,0
BRDA:54,2,0,0
BRDA:54,2,1,0
BRDA:55,3,0,0
BRDA:55,3,1,0
BRDA:55,4,0,0
BRDA:55,4,1,0
BRDA:57,5,0,0
BRDA:58,6,0,0
BRF:11
BRH:0
end_of_record
TN:
SF:src/app/components/Payments/useOpenSubscriptionManagement.tsx
FN:6,useCustomerPortal
FN:8,(anonymous_1)
FN:11,(anonymous_2)
FN:18,(anonymous_3)
FN:22,(anonymous_4)
FN:23,(anonymous_5)
FNF:6
FNH:0
FNDA:0,useCustomerPortal
FNDA:0,(anonymous_1)
FNDA:0,(anonymous_2)
FNDA:0,(anonymous_3)
FNDA:0,(anonymous_4)
FNDA:0,(anonymous_5)
DA:7,0
DA:9,0
DA:11,0
DA:15,0
DA:18,0
DA:19,0
DA:20,0
DA:22,0
DA:23,0
DA:24,0
DA:26,0
LF:11
LH:0
BRF:0
BRH:0
end_of_record
TN:
SF:src/app/components/WatchlistEditor/WatchlistEditor.mobile.tsx
FN:32,(anonymous_0)
FN:51,(anonymous_1)
FN:52,(anonymous_2)
FN:63,(anonymous_3)
FN:64,(anonymous_4)
FN:64,(anonymous_5)
FN:66,(anonymous_6)
FN:69,(anonymous_7)
FN:78,(anonymous_8)
FN:96,(anonymous_9)
FN:119,(anonymous_10)
FNF:11
FNH:0
FNDA:0,(anonymous_0)
FNDA:0,(anonymous_1)
FNDA:0,(anonymous_2)
FNDA:0,(anonymous_3)
FNDA:0,(anonymous_4)
FNDA:0,(anonymous_5)
FNDA:0,(anonymous_6)
FNDA:0,(anonymous_7)
FNDA:0,(anonymous_8)
FNDA:0,(anonymous_9)
FNDA:0,(anonymous_10)
DA:32,0
DA:45,0
DA:46,0
DA:49,0
DA:50,0
DA:52,0
DA:53,0
DA:59,0
DA:61,0
DA:63,0
DA:64,0
DA:66,0
DA:67,0
DA:68,0
DA:69,0
DA:74,0
DA:79,0
DA:80,0
DA:96,0
DA:119,0
LF:20
LH:0
BRDA:46,0,0,0
BRDA:46,0,1,0
BRDA:46,1,0,0
BRDA:46,1,1,0
BRDA:63,2,0,0
BRDA:63,2,1,0
BRDA:63,3,0,0
BRDA:63,3,1,0
BRDA:63,4,0,0
BRDA:63,4,1,0
BRDA:63,5,0,0
BRDA:63,5,1,0
BRDA:63,6,0,0
BRDA:63,6,1,0
BRDA:64,7,0,0
BRDA:64,7,1,0
BRDA:64,8,0,0
BRDA:64,8,1,0
BRDA:64,9,0,0
BRDA:64,9,1,0
BRDA:64,10,0,0
BRDA:64,10,1,0
BRDA:64,11,0,0
BRDA:64,11,1,0
BRDA:64,12,0,0
BRDA:64,12,1,0
BRDA:67,13,0,0
BRDA:69,14,0,0
BRDA:69,14,1,0
BRDA:74,15,0,0
BRDA:82,16,0,0
BRDA:82,16,1,0
BRDA:82,17,0,0
BRDA:82,17,1,0
BRDA:82,18,0,0
BRDA:82,18,1,0
BRDA:82,19,0,0
BRDA:82,19,1,0
BRDA:84,20,0,0
BRDA:84,20,1,0
BRDA:84,21,0,0
BRDA:84,21,1,0
BRDA:84,22,0,0
BRDA:84,22,1,0
BRDA:84,23,0,0
BRDA:84,23,1,0
BRDA:96,24,0,0
BRDA:96,24,1,0
BRDA:133,25,0,0
BRDA:133,25,1,0
BRDA:133,26,0,0
BRDA:133,26,1,0
BRDA:137,27,0,0
BRDA:136,28,0,0
BRDA:136,28,1,0
BRDA:140,29,0,0
BRDA:140,29,1,0
BRDA:140,30,0,0
BRDA:140,30,1,0
BRDA:149,31,0,0
BRDA:149,31,1,0
BRF:61
BRH:0
end_of_record
TN:
SF:src/app/components/WatchlistEditor/WatchlistEditor.tsx
FN:58,(anonymous_8)
FN:87,(anonymous_9)
FN:95,(anonymous_10)
FN:99,(anonymous_11)
FN:120,(anonymous_12)
FN:125,(anonymous_13)
FN:149,(anonymous_14)
FN:150,(anonymous_15)
FN:167,(anonymous_16)
FN:260,(anonymous_17)
FN:264,(anonymous_18)
FN:274,(anonymous_19)
FN:288,(anonymous_20)
FN:305,(anonymous_21)
FN:307,(anonymous_22)
FN:319,(anonymous_23)
FNF:16
FNH:0
FNDA:0,(anonymous_8)
FNDA:0,(anonymous_9)
FNDA:0,(anonymous_10)
FNDA:0,(anonymous_11)
FNDA:0,(anonymous_12)
FNDA:0,(anonymous_13)
FNDA:0,(anonymous_14)
FNDA:0,(anonymous_15)
FNDA:0,(anonymous_16)
FNDA:0,(anonymous_17)
FNDA:0,(anonymous_18)
FNDA:0,(anonymous_19)
FNDA:0,(anonymous_20)
FNDA:0,(anonymous_21)
FNDA:0,(anonymous_22)
FNDA:0,(anonymous_23)
DA:58,0
DA:68,0
DA:69,0
DA:70,0
DA:71,0
DA:72,0
DA:73,0
DA:74,0
DA:75,0
DA:76,0
DA:77,0
DA:78,0
DA:79,0
DA:80,0
DA:81,0
DA:82,0
DA:83,0
DA:85,0
DA:88,0
DA:93,0
DA:95,0
DA:96,0
DA:99,0
DA:100,0
DA:116,0
DA:118,0
DA:120,0
DA:121,0
DA:122,0
DA:125,0
DA:137,0
DA:139,0
DA:150,0
DA:151,0
DA:152,0
DA:167,0
DA:260,0
DA:264,0
DA:274,0
DA:289,0
DA:290,0
DA:306,0
DA:307,0
DA:308,0
DA:309,0
DA:310,0
DA:314,0
DA:320,0
DA:321,0
DA:322,0
DA:323,0
LF:51
LH:0
BRDA:66,0,0,0
BRDA:78,1,0,0
BRDA:78,1,1,0
BRDA:78,2,0,0
BRDA:78,2,1,0
BRDA:78,3,0,0
BRDA:78,3,1,0
BRDA:78,4,0,0
BRDA:78,4,1,0
BRDA:79,5,0,0
BRDA:79,5,1,0
BRDA:79,6,0,0
BRDA:79,6,1,0
BRDA:100,7,0,0
BRDA:100,7,1,0
BRDA:100,8,0,0
BRDA:100,8,1,0
BRDA:100,9,0,0
BRDA:100,9,1,0
BRDA:100,10,0,0
BRDA:100,10,1,0
BRDA:103,11,0,0
BRDA:103,11,1,0
BRDA:105,12,0,0
BRDA:105,12,1,0
BRDA:105,13,0,0
BRDA:105,13,1,0
BRDA:105,14,0,0
BRDA:105,14,1,0
BRDA:105,15,0,0
BRDA:105,15,1,0
BRDA:121,16,0,0
BRDA:123,17,0,0
BRDA:123,17,1,0
BRDA:123,18,0,0
BRDA:123,18,1,0
BRDA:123,19,0,0
BRDA:123,19,1,0
BRDA:123,20,0,0
BRDA:123,20,1,0
BRDA:139,21,0,0
BRDA:139,22,0,0
BRDA:139,22,1,0
BRDA:150,23,0,0
BRDA:150,23,1,0
BRDA:150,24,0,0
BRDA:150,24,1,0
BRDA:150,25,0,0
BRDA:150,25,1,0
BRDA:150,26,0,0
BRDA:150,26,1,0
BRDA:186,27,0,0
BRDA:186,27,1,0
BRDA:186,28,0,0
BRDA:186,28,1,0
BRDA:186,29,0,0
BRDA:186,29,1,0
BRDA:186,30,0,0
BRDA:186,30,1,0
BRDA:187,31,0,0
BRDA:187,31,1,0
BRDA:187,32,0,0
BRDA:187,32,1,0
BRDA:191,33,0,0
BRDA:191,33,1,0
BRDA:205,34,0,0
BRDA:205,34,1,0
BRDA:205,35,0,0
BRDA:205,35,1,0
BRDA:230,36,0,0
BRDA:230,36,1,0
BRDA:232,37,0,0
BRDA:232,37,1,0
BRDA:232,38,0,0
BRDA:232,38,1,0
BRDA:263,39,0,0
BRDA:263,39,1,0
BRDA:272,40,0,0
BRDA:272,40,1,0
BRDA:272,41,0,0
BRDA:272,41,1,0
BRDA:272,42,0,0
BRDA:272,42,1,0
BRDA:272,43,0,0
BRDA:272,43,1,0
BRDA:283,44,0,0
BRDA:283,44,1,0
BRDA:283,45,0,0
BRDA:283,45,1,0
BRDA:283,46,0,0
BRDA:283,46,1,0
BRDA:283,47,0,0
BRDA:283,47,1,0
BRDA:284,48,0,0
BRDA:284,48,1,0
BRDA:284,49,0,0
BRDA:284,49,1,0
BRDA:284,50,0,0
BRDA:284,50,1,0
BRDA:284,51,0,0
BRDA:284,51,1,0
BRDA:285,52,0,0
BRDA:285,52,1,0
BRDA:307,53,0,0
BRDA:307,53,1,0
BRDA:307,54,0,0
BRDA:307,54,1,0
BRDA:309,55,0,0
BRDA:325,56,0,0
BRDA:325,56,1,0
BRDA:325,57,0,0
BRDA:325,57,1,0
BRDA:326,58,0,0
BRDA:326,58,1,0
BRDA:326,59,0,0
BRDA:326,59,1,0
BRF:116
BRH:0
end_of_record
TN:
SF:src/app/components/WatchlistEditor/WatchlistEditorButtons.tsx
FN:7,ShareButton
FN:25,ChatButton
FN:35,SearchButton
FNF:3
FNH:0
FNDA:0,ShareButton
FNDA:0,ChatButton
FNDA:0,SearchButton
LF:0
LH:0
BRDA:19,0,0,0
BRDA:19,0,1,0
BRDA:37,1,0,0
BRDA:43,2,0,0
BRDA:43,2,1,0
BRDA:52,3,0,0
BRDA:52,3,1,0
BRF:7
BRH:0
end_of_record
TN:
SF:src/app/components/WatchlistEditor/WatchlistPanel.tsx
FN:24,(anonymous_8)
FN:32,(anonymous_9)
FN:33,(anonymous_10)
FN:37,(anonymous_11)
FN:38,(anonymous_12)
FN:39,(anonymous_13)
FN:48,(anonymous_14)
FN:51,(anonymous_15)
FN:65,(anonymous_16)
FN:74,(anonymous_17)
FN:76,(anonymous_18)
FN:77,(anonymous_19)
FN:83,(anonymous_20)
FN:88,(anonymous_21)
FN:89,(anonymous_22)
FN:90,(anonymous_23)
FN:94,(anonymous_24)
FN:129,(anonymous_25)
FN:134,(anonymous_26)
FN:146,(anonymous_27)
FNF:20
FNH:0
FNDA:0,(anonymous_8)
FNDA:0,(anonymous_9)
FNDA:0,(anonymous_10)
FNDA:0,(anonymous_11)
FNDA:0,(anonymous_12)
FNDA:0,(anonymous_13)
FNDA:0,(anonymous_14)
FNDA:0,(anonymous_15)
FNDA:0,(anonymous_16)
FNDA:0,(anonymous_17)
FNDA:0,(anonymous_18)
FNDA:0,(anonymous_19)
FNDA:0,(anonymous_20)
FNDA:0,(anonymous_21)
FNDA:0,(anonymous_22)
FNDA:0,(anonymous_23)
FNDA:0,(anonymous_24)
FNDA:0,(anonymous_25)
FNDA:0,(anonymous_26)
FNDA:0,(anonymous_27)
DA:24,0
DA:31,0
DA:32,0
DA:33,0
DA:36,0
DA:37,0
DA:39,0
DA:40,0
DA:41,0
DA:46,0
DA:48,0
DA:49,0
DA:51,0
DA:52,0
DA:57,0
DA:58,0
DA:62,0
DA:65,0
DA:72,0
DA:73,0
DA:74,0
DA:76,0
DA:77,0
DA:81,0
DA:83,0
DA:84,0
DA:85,0
DA:87,0
DA:88,0
DA:89,0
DA:90,0
DA:93,0
DA:94,0
DA:129,0
DA:134,0
DA:147,0
LF:36
LH:0
BRDA:27,0,0,0
BRDA:31,1,0,0
BRDA:31,1,1,0
BRDA:40,2,0,0
BRDA:41,3,0,0
BRDA:41,3,1,0
BRDA:41,4,0,0
BRDA:41,4,1,0
BRDA:41,5,0,0
BRDA:41,5,1,0
BRDA:48,6,0,0
BRDA:48,6,1,0
BRDA:48,7,0,0
BRDA:48,7,1,0
BRDA:53,8,0,0
BRDA:53,8,1,0
BRDA:53,9,0,0
BRDA:53,9,1,0
BRDA:53,10,0,0
BRDA:53,10,1,0
BRDA:57,11,0,0
BRDA:77,12,0,0
BRDA:77,12,1,0
BRDA:81,13,0,0
BRDA:81,14,0,0
BRDA:84,15,0,0
BRDA:98,16,0,0
BRDA:98,16,1,0
BRDA:98,17,0,0
BRDA:98,17,1,0
BRDA:113,18,0,0
BRDA:113,18,1,0
BRDA:113,19,0,0
BRDA:113,19,1,0
BRDA:113,20,0,0
BRDA:113,20,1,0
BRDA:114,21,0,0
BRDA:114,21,1,0
BRDA:114,22,0,0
BRDA:114,22,1,0
BRDA:114,23,0,0
BRDA:114,23,1,0
BRDA:117,24,0,0
BRDA:117,24,1,0
BRDA:117,25,0,0
BRDA:117,25,1,0
BRDA:117,26,0,0
BRDA:117,26,1,0
BRDA:128,27,0,0
BRDA:128,27,1,0
BRDA:142,28,0,0
BRDA:142,28,1,0
BRDA:157,29,0,0
BRDA:157,29,1,0
BRF:54
BRH:0
end_of_record
TN:
SF:src/app/components/product-displays/EnterpriseProductDisplay.tsx
FN:4,(anonymous_0)
FN:7,(anonymous_1)
FNF:2
FNH:0
FNDA:0,(anonymous_0)
FNDA:0,(anonymous_1)
DA:4,0
DA:7,0
LF:2
LH:0
BRF:0
BRH:0
end_of_record
TN:
SF:src/app/components/product-displays/FreeProductDisplay.tsx
FN:4,(anonymous_0)
FN:7,(anonymous_1)
FNF:2
FNH:0
FNDA:0,(anonymous_0)
FNDA:0,(anonymous_1)
DA:4,0
DA:7,0
LF:2
LH:0
BRF:0
BRH:0
end_of_record
TN:
SF:src/app/components/product-displays/PaidProductDisplays.tsx
FN:22,(anonymous_0)
FN:32,(anonymous_1)
FN:51,(anonymous_2)
FN:68,(anonymous_3)
FN:85,(anonymous_4)
FN:102,(anonymous_5)
FN:119,(anonymous_6)
FNF:7
FNH:0
FNDA:0,(anonymous_0)
FNDA:0,(anonymous_1)
FNDA:0,(anonymous_2)
FNDA:0,(anonymous_3)
FNDA:0,(anonymous_4)
FNDA:0,(anonymous_5)
FNDA:0,(anonymous_6)
DA:22,0
DA:32,0
DA:52,0
DA:68,0
DA:69,0
DA:70,0
DA:85,0
DA:86,0
DA:87,0
DA:102,0
DA:103,0
DA:104,0
DA:119,0
DA:120,0
DA:121,0
LF:15
LH:0
BRDA:28,0,0,0
BRDA:41,1,0,0
BRDA:41,1,1,0
BRF:3
BRH:0
end_of_record
TN:
SF:src/app/components/product-displays/product-information.ts
FNF:0
FNH:0
DA:16,0
DA:28,0
DA:55,0
DA:67,0
LF:4
LH:0
BRF:0
BRH:0
end_of_record
TN:
SF:src/app/components/product-displays/types.ts
FNF:0
FNH:0
DA:3,0
DA:12,0
LF:2
LH:0
BRF:0
BRH:0
end_of_record
TN:
SF:src/app/components/product-displays/shared/ContinueButton.tsx
FN:8,(anonymous_6)
FN:18,(anonymous_7)
FNF:2
FNH:0
FNDA:0,(anonymous_6)
FNDA:0,(anonymous_7)
DA:8,0
DA:9,0
DA:18,0
DA:19,0
DA:21,0
DA:22,0
LF:6
LH:0
BRDA:21,0,0,0
BRDA:28,1,0,0
BRDA:28,1,1,0
BRDA:36,2,0,0
BRDA:36,2,1,0
BRF:5
BRH:0
end_of_record
TN:
SF:src/app/components/product-displays/shared/PaymentFrequencyToggle.tsx
FN:10,(anonymous_0)
FN:38,(anonymous_1)
FN:49,(anonymous_2)
FN:52,(anonymous_3)
FNF:4
FNH:0
FNDA:0,(anonymous_0)
FNDA:0,(anonymous_1)
FNDA:0,(anonymous_2)
FNDA:0,(anonymous_3)
DA:10,0
DA:38,0
DA:49,0
DA:52,0
LF:4
LH:0
BRDA:16,0,0,0
BRDA:16,0,1,0
BRDA:17,1,0,0
BRDA:17,1,1,0
BRDA:18,2,0,0
BRDA:18,2,1,0
BRF:6
BRH:0
end_of_record
TN:
SF:src/app/components/product-displays/shared/PriceDisplay.tsx
FN:9,(anonymous_0)
FNF:1
FNH:0
FNDA:0,(anonymous_0)
DA:9,0
LF:1
LH:0
BRDA:22,0,0,0
BRDA:22,0,1,0
BRF:2
BRH:0
end_of_record
TN:
SF:src/app/components/product-displays/shared/ProductFeatureDisplay.tsx
FN:9,(anonymous_0)
FNF:1
FNH:0
FNDA:0,(anonymous_0)
DA:9,0
LF:1
LH:0
BRDA:14,0,0,0
BRDA:14,0,1,0
BRF:2
BRH:0
end_of_record
TN:
SF:src/app/hooks/useChargebee.ts
FN:3,createChargebeeInstance
FN:16,getChargebeeInstance
FN:30,useChargebee
FNF:3
FNH:0
FNDA:0,createChargebeeInstance
FNDA:0,getChargebeeInstance
FNDA:0,useChargebee
DA:4,0
DA:5,0
DA:8,0
DA:10,0
DA:17,0
DA:18,0
DA:21,0
DA:23,0
DA:24,0
DA:26,0
DA:31,0
LF:11
LH:0
BRDA:4,0,0,0
BRDA:4,1,0,0
BRDA:4,1,1,0
BRDA:17,2,0,0
BRF:4
BRH:0
end_of_record
TN:
SF:src/app/hooks/useDisabledFeatures.ts
FN:5,(anonymous_1)
FNF:1
FNH:0
FNDA:0,(anonymous_1)
DA:1,1
DA:2,1
DA:3,1
DA:5,1
DA:6,0
DA:7,0
DA:8,0
DA:9,0
DA:10,0
DA:11,0
DA:12,0
DA:13,0
DA:14,0
DA:15,0
DA:16,0
DA:17,0
DA:18,0
DA:19,0
DA:20,0
DA:21,0
DA:22,0
DA:24,0
DA:25,0
DA:30,0
DA:63,0
LF:25
LH:4
BRF:0
BRH:0
end_of_record
TN:
SF:src/app/hooks/useHandleCqsChange.tsx
FN:6,(anonymous_9)
FN:13,(anonymous_10)
FNF:2
FNH:0
FNDA:0,(anonymous_9)
FNDA:0,(anonymous_10)
DA:2,1
DA:3,1
DA:4,1
DA:6,1
DA:11,0
DA:13,0
DA:14,0
DA:16,0
DA:20,0
DA:28,0
DA:29,0
DA:32,0
DA:35,0
LF:13
LH:4
BRDA:16,0,0,0
BRDA:25,1,0,0
BRDA:25,1,1,0
BRDA:25,2,0,0
BRDA:25,2,1,0
BRDA:28,3,0,0
BRF:6
BRH:0
end_of_record
TN:
SF:src/app/pages/Index.tsx
FN:8,IndexPage
FNF:1
FNH:0
FNDA:0,IndexPage
DA:9,0
DA:10,0
DA:15,0
DA:16,0
DA:19,0
DA:20,0
DA:23,0
DA:24,0
DA:27,0
LF:9
LH:0
BRDA:10,0,0,0
BRDA:10,0,1,0
BRDA:10,1,0,0
BRDA:10,1,1,0
BRDA:10,2,0,0
BRDA:10,2,1,0
BRDA:10,3,0,0
BRDA:10,3,1,0
BRDA:15,4,0,0
BRDA:19,5,0,0
BRDA:23,6,0,0
BRDA:27,7,0,0
BRF:12
BRH:0
end_of_record
TN:
SF:src/app/pages/AccountLoading/AccountLoadingPage.tsx
FN:11,SubscriptionActivePage
FN:45,AccountLoadingPage
FN:58,(anonymous_2)
FN:64,(anonymous_3)
FN:65,(anonymous_4)
FN:70,(anonymous_5)
FNF:6
FNH:0
FNDA:0,SubscriptionActivePage
FNDA:0,AccountLoadingPage
FNDA:0,(anonymous_2)
FNDA:0,(anonymous_3)
FNDA:0,(anonymous_4)
FNDA:0,(anonymous_5)
DA:9,0
DA:12,0
DA:14,0
DA:46,0
DA:47,0
DA:49,0
DA:50,0
DA:51,0
DA:58,0
DA:59,0
DA:60,0
DA:64,0
DA:65,0
DA:66,0
DA:67,0
DA:70,0
DA:71,0
DA:77,0
DA:83,0
DA:84,0
DA:87,0
LF:21
LH:0
BRDA:24,0,0,0
BRDA:24,0,1,0
BRDA:50,1,0,0
BRDA:50,1,1,0
BRDA:50,2,0,0
BRDA:50,2,1,0
BRDA:59,3,0,0
BRDA:67,4,0,0
BRDA:67,4,1,0
BRDA:67,5,0,0
BRDA:67,5,1,0
BRDA:77,6,0,0
BRDA:78,7,0,0
BRDA:78,7,1,0
BRDA:78,7,2,0
BRDA:78,7,3,0
BRDA:80,8,0,0
BRDA:80,8,1,0
BRDA:80,9,0,0
BRDA:80,9,1,0
BRDA:81,10,0,0
BRDA:81,10,1,0
BRDA:81,11,0,0
BRDA:81,11,1,0
BRDA:81,12,0,0
BRDA:81,12,1,0
BRDA:83,13,0,0
BRDA:83,13,1,0
BRDA:83,14,0,0
BRDA:83,14,1,0
BRF:30
BRH:0
end_of_record
TN:
SF:src/app/pages/ActivatingFeatures/ActivatingFeaturesPage.tsx
FN:9,(anonymous_0)
FN:14,(anonymous_1)
FN:15,(anonymous_2)
FNF:3
FNH:0
FNDA:0,(anonymous_0)
FNDA:0,(anonymous_1)
FNDA:0,(anonymous_2)
DA:9,0
DA:10,0
DA:11,0
DA:12,0
DA:14,0
DA:15,0
DA:16,0
DA:17,0
DA:18,0
DA:22,0
LF:10
LH:0
BRDA:17,0,0,0
BRDA:17,0,1,0
BRDA:17,1,0,0
BRDA:17,1,1,0
BRDA:47,2,0,0
BRDA:47,2,1,0
BRDA:53,3,0,0
BRF:7
BRH:0
end_of_record
TN:
SF:src/app/pages/AddContent/AddContentPage.tsx
FN:35,(anonymous_0)
FN:57,(anonymous_1)
FN:72,(anonymous_2)
FN:87,(anonymous_3)
FN:106,(anonymous_4)
FN:136,(anonymous_5)
FN:154,(anonymous_6)
FN:170,(anonymous_7)
FN:176,(anonymous_8)
FN:189,(anonymous_9)
FN:202,(anonymous_10)
FN:211,(anonymous_11)
FN:211,(anonymous_12)
FN:212,(anonymous_13)
FN:213,(anonymous_14)
FN:217,(anonymous_15)
FN:242,(anonymous_16)
FNF:17
FNH:0
FNDA:0,(anonymous_0)
FNDA:0,(anonymous_1)
FNDA:0,(anonymous_2)
FNDA:0,(anonymous_3)
FNDA:0,(anonymous_4)
FNDA:0,(anonymous_5)
FNDA:0,(anonymous_6)
FNDA:0,(anonymous_7)
FNDA:0,(anonymous_8)
FNDA:0,(anonymous_9)
FNDA:0,(anonymous_10)
FNDA:0,(anonymous_11)
FNDA:0,(anonymous_12)
FNDA:0,(anonymous_13)
FNDA:0,(anonymous_14)
FNDA:0,(anonymous_15)
FNDA:0,(anonymous_16)
DA:20,0
DA:27,0
DA:35,0
DA:36,0
DA:42,0
DA:43,0
DA:46,0
DA:47,0
DA:48,0
DA:51,0
DA:57,0
DA:58,0
DA:60,0
DA:62,0
DA:64,0
DA:66,0
DA:68,0
DA:72,0
DA:73,0
DA:74,0
DA:88,0
DA:107,0
DA:137,0
DA:155,0
DA:170,0
DA:171,0
DA:172,0
DA:174,0
DA:176,0
DA:177,0
DA:178,0
DA:179,0
DA:181,0
DA:184,0
DA:185,0
DA:187,0
DA:189,0
DA:190,0
DA:191,0
DA:194,0
DA:195,0
DA:197,0
DA:200,0
DA:202,0
DA:203,0
DA:204,0
DA:206,0
DA:209,0
DA:211,0
DA:212,0
DA:213,0
DA:217,0
DA:221,0
DA:227,0
DA:229,0
DA:232,0
DA:239,0
DA:240,0
DA:242,0
DA:243,0
DA:244,0
DA:245,0
DA:246,0
DA:248,0
DA:249,0
DA:253,0
DA:254,0
LF:67
LH:0
BRDA:37,0,0,0
BRDA:37,0,1,0
BRDA:37,1,0,0
BRDA:37,1,1,0
BRDA:38,2,0,0
BRDA:38,2,1,0
BRDA:38,3,0,0
BRDA:38,3,1,0
BRDA:42,4,0,0
BRDA:47,5,0,0
BRDA:58,6,0,0
BRDA:58,6,1,0
BRDA:58,6,2,0
BRDA:58,6,3,0
BRDA:58,6,4,0
BRDA:60,7,0,0
BRDA:60,7,1,0
BRDA:62,8,0,0
BRDA:62,8,1,0
BRDA:64,9,0,0
BRDA:64,9,1,0
BRDA:66,10,0,0
BRDA:66,10,1,0
BRDA:77,11,0,0
BRDA:177,12,0,0
BRDA:177,13,0,0
BRDA:177,13,1,0
BRDA:177,14,0,0
BRDA:177,14,1,0
BRDA:190,15,0,0
BRDA:194,16,0,0
BRDA:197,17,0,0
BRDA:197,17,1,0
BRDA:200,18,0,0
BRDA:200,18,1,0
BRDA:203,19,0,0
BRDA:213,20,0,0
BRDA:213,20,1,0
BRDA:221,21,0,0
BRDA:222,22,0,0
BRDA:222,22,1,0
BRDA:222,22,2,0
BRDA:222,22,3,0
BRDA:224,23,0,0
BRDA:224,23,1,0
BRDA:224,24,0,0
BRDA:224,24,1,0
BRDA:225,25,0,0
BRDA:225,25,1,0
BRDA:225,26,0,0
BRDA:225,26,1,0
BRDA:229,27,0,0
BRDA:229,27,1,0
BRDA:243,28,0,0
BRDA:253,29,0,0
BRDA:260,30,0,0
BRDA:260,30,1,0
BRDA:261,31,0,0
BRDA:261,31,1,0
BRDA:266,32,0,0
BRDA:266,32,1,0
BRDA:271,33,0,0
BRDA:271,33,1,0
BRDA:291,34,0,0
BRDA:322,35,0,0
BRDA:322,35,1,0
BRDA:323,36,0,0
BRDA:323,36,1,0
BRF:68
BRH:0
end_of_record
TN:
SF:src/app/pages/AddContent/CTAButtons.tsx
FN:11,(anonymous_0)
FN:22,(anonymous_1)
FN:27,(anonymous_2)
FN:49,(anonymous_3)
FN:52,(anonymous_4)
FN:68,(anonymous_5)
FN:71,(anonymous_6)
FN:75,(anonymous_7)
FNF:8
FNH:0
FNDA:0,(anonymous_0)
FNDA:0,(anonymous_1)
FNDA:0,(anonymous_2)
FNDA:0,(anonymous_3)
FNDA:0,(anonymous_4)
FNDA:0,(anonymous_5)
FNDA:0,(anonymous_6)
FNDA:0,(anonymous_7)
DA:11,0
DA:12,0
DA:14,0
DA:22,0
DA:27,0
DA:49,0
DA:53,0
DA:68,0
DA:72,0
DA:75,0
LF:10
LH:0
BRDA:11,0,0,0
BRDA:12,1,0,0
BRF:2
BRH:0
end_of_record
TN:
SF:src/app/pages/Agent/AgentIdPage.tsx
FN:10,(anonymous_0)
FNF:1
FNH:0
FNDA:0,(anonymous_0)
DA:10,0
DA:11,0
DA:12,0
DA:14,0
DA:15,0
DA:17,0
DA:19,0
DA:23,0
LF:8
LH:0
BRDA:17,0,0,0
BRDA:17,0,1,0
BRDA:17,1,0,0
BRDA:17,1,1,0
BRDA:19,2,0,0
BRDA:19,3,0,0
BRDA:19,3,1,0
BRDA:23,4,0,0
BRDA:33,5,0,0
BRDA:33,5,1,0
BRDA:33,6,0,0
BRDA:33,6,1,0
BRDA:33,7,0,0
BRDA:33,7,1,0
BRDA:33,8,0,0
BRDA:33,8,1,0
BRDA:33,9,0,0
BRDA:33,9,1,0
BRDA:33,10,0,0
BRDA:33,10,1,0
BRDA:35,11,0,0
BRDA:35,11,1,0
BRF:22
BRH:0
end_of_record
TN:
SF:src/app/pages/Agent/AgentPage.tsx
FN:4,(anonymous_0)
FNF:1
FNH:0
FNDA:0,(anonymous_0)
DA:4,0
LF:1
LH:0
BRF:0
BRH:0
end_of_record
TN:
SF:src/app/pages/Brief/BriefPage.tsx
FN:8,(anonymous_0)
FNF:1
FNH:0
FNDA:0,(anonymous_0)
DA:8,0
DA:9,0
DA:10,0
LF:3
LH:0
BRF:0
BRH:0
end_of_record
TN:
SF:src/app/pages/Brief/BriefCreateOrEdit/BriefCreateOrEdit.tsx
FN:36,(anonymous_1)
FN:49,(anonymous_2)
FN:62,(anonymous_3)
FN:74,(anonymous_4)
FN:117,(anonymous_5)
FN:146,(anonymous_6)
FNF:6
FNH:5
FNDA:50,(anonymous_1)
FNDA:25,(anonymous_2)
FNDA:25,(anonymous_3)
FNDA:25,(anonymous_4)
FNDA:1,(anonymous_5)
FNDA:0,(anonymous_6)
DA:1,1
DA:2,1
DA:3,1
DA:4,1
DA:5,1
DA:6,1
DA:7,1
DA:8,1
DA:15,1
DA:20,1
DA:24,1
DA:25,1
DA:26,1
DA:27,1
DA:28,1
DA:29,1
DA:30,1
DA:36,1
DA:37,50
DA:38,50
DA:39,50
DA:40,50
DA:41,50
DA:42,50
DA:43,50
DA:47,50
DA:49,50
DA:50,25
DA:51,0
DA:52,0
DA:55,50
DA:56,50
DA:58,50
DA:59,50
DA:60,50
DA:62,50
DA:63,25
DA:64,25
DA:65,11
DA:66,11
DA:68,14
DA:69,14
DA:70,14
DA:71,14
DA:74,25
DA:75,25
DA:88,50
DA:94,50
DA:96,50
DA:99,50
DA:101,50
DA:102,6
DA:105,44
DA:107,44
DA:117,1
DA:147,0
DA:168,25
LF:57
LH:54
BRDA:36,0,0,16
BRDA:41,1,0,0
BRDA:41,1,1,50
BRDA:41,2,0,50
BRDA:41,2,1,0
BRDA:50,3,0,0
BRDA:56,4,0,50
BRDA:56,4,1,28
BRDA:56,4,2,28
BRDA:58,5,0,50
BRDA:58,5,1,0
BRDA:58,5,2,0
BRDA:60,6,0,50
BRDA:60,6,1,28
BRDA:64,7,0,11
BRDA:64,7,1,14
BRDA:65,8,0,0
BRDA:69,9,0,14
BRDA:71,10,0,0
BRDA:71,10,1,14
BRDA:71,11,0,14
BRDA:71,11,1,14
BRDA:71,12,0,0
BRDA:71,12,1,14
BRDA:71,13,0,14
BRDA:71,13,1,14
BRDA:101,14,0,6
BRDA:101,15,0,50
BRDA:101,15,1,50
BRDA:101,15,2,50
BRDA:105,16,0,22
BRDA:105,16,1,22
BRDA:107,17,0,44
BRDA:107,17,1,42
BRDA:107,17,2,42
BRDA:107,17,3,22
BRDA:107,17,4,22
BRDA:118,18,0,22
BRDA:118,18,1,22
BRDA:128,19,0,10
BRDA:138,20,0,18
BRDA:138,20,1,16
BRDA:139,21,0,18
BRDA:139,21,1,16
BRDA:147,22,0,0
BRDA:147,22,1,0
BRDA:150,23,0,2
BRDA:150,23,1,32
BRF:48
BRH:38
end_of_record
TN:
SF:src/app/pages/Brief/BriefCreateOrEditSuccess/BriefCreateOrEditSuccess.tsx
FN:15,(anonymous_2)
FN:21,(anonymous_3)
FN:24,(anonymous_4)
FN:36,(anonymous_5)
FNF:4
FNH:4
FNDA:12,(anonymous_2)
FNDA:12,(anonymous_3)
FNDA:12,(anonymous_4)
FNDA:4,(anonymous_5)
DA:1,1
DA:2,1
DA:3,1
DA:4,1
DA:5,1
DA:6,1
DA:7,1
DA:8,1
DA:9,1
DA:15,1
DA:16,12
DA:17,12
DA:18,12
DA:19,12
DA:21,12
DA:22,12
DA:23,12
DA:24,12
DA:25,12
DA:29,12
DA:30,12
DA:31,12
DA:33,12
DA:36,12
DA:60,12
LF:25
LH:25
BRDA:15,0,0,4
BRDA:19,1,0,10
BRDA:19,1,1,6
BRDA:19,2,0,12
BRDA:19,2,1,12
BRDA:19,3,0,2
BRDA:19,3,1,2
BRDA:19,4,0,2
BRDA:19,4,1,2
BRDA:22,5,0,0
BRDA:22,5,1,12
BRDA:29,6,0,6
BRDA:29,6,1,6
BRDA:29,7,0,12
BRDA:29,7,1,8
BRDA:30,8,0,4
BRDA:30,8,1,8
BRDA:31,9,0,4
BRDA:31,9,1,8
BRDA:33,10,0,2
BRDA:33,10,1,10
BRF:21
BRH:20
end_of_record
TN:
SF:src/app/pages/Brief/BriefDetailViewPage/BriefDetailView.tsx
FN:29,(anonymous_0)
FN:64,(anonymous_1)
FN:67,(anonymous_2)
FN:93,(anonymous_3)
FN:94,(anonymous_4)
FNF:5
FNH:0
FNDA:0,(anonymous_0)
FNDA:0,(anonymous_1)
FNDA:0,(anonymous_2)
FNDA:0,(anonymous_3)
FNDA:0,(anonymous_4)
DA:29,0
DA:41,0
DA:42,0
DA:43,0
DA:44,0
DA:45,0
DA:49,0
DA:50,0
DA:51,0
DA:57,0
DA:58,0
DA:61,0
DA:63,0
DA:65,0
DA:66,0
DA:67,0
DA:68,0
DA:73,0
DA:93,0
DA:94,0
DA:98,0
LF:21
LH:0
BRDA:56,0,0,0
BRDA:58,1,0,0
BRDA:58,1,1,0
BRDA:58,2,0,0
BRDA:58,2,1,0
BRDA:65,3,0,0
BRDA:65,3,1,0
BRDA:65,4,0,0
BRDA:65,4,1,0
BRDA:65,5,0,0
BRDA:65,5,1,0
BRDA:65,6,0,0
BRDA:65,6,1,0
BRDA:66,7,0,0
BRDA:66,7,1,0
BRDA:66,8,0,0
BRDA:66,8,1,0
BRDA:68,9,0,0
BRDA:68,9,1,0
BRDA:77,10,0,0
BRDA:77,10,1,0
BRDA:77,11,0,0
BRDA:77,11,1,0
BRDA:77,12,0,0
BRDA:77,12,1,0
BRDA:77,13,0,0
BRDA:77,13,1,0
BRDA:77,14,0,0
BRDA:77,14,1,0
BRDA:77,15,0,0
BRDA:77,15,1,0
BRDA:78,16,0,0
BRDA:78,16,1,0
BRDA:90,17,0,0
BRDA:90,17,1,0
BRDA:90,18,0,0
BRDA:90,18,1,0
BRDA:94,19,0,0
BRDA:94,19,1,0
BRDA:94,20,0,0
BRDA:94,20,1,0
BRDA:98,21,0,0
BRDA:98,21,1,0
BRDA:98,22,0,0
BRDA:98,22,1,0
BRDA:111,23,0,0
BRDA:131,24,0,0
BRF:47
BRH:0
end_of_record
TN:
SF:src/app/pages/Brief/BriefDetailViewPage/BriefDetailViewPage.tsx
FN:11,(anonymous_0)
FN:21,(anonymous_1)
FNF:2
FNH:0
FNDA:0,(anonymous_0)
FNDA:0,(anonymous_1)
DA:11,0
DA:12,0
DA:13,0
DA:14,0
DA:15,0
DA:16,0
DA:17,0
DA:18,0
DA:20,0
DA:22,0
DA:23,0
DA:24,0
DA:28,0
LF:13
LH:0
BRDA:14,0,0,0
BRDA:14,0,1,0
BRDA:14,1,0,0
BRDA:14,1,1,0
BRDA:38,2,0,0
BRDA:38,2,1,0
BRDA:38,3,0,0
BRDA:38,3,1,0
BRF:8
BRH:0
end_of_record
TN:
SF:src/app/pages/Chats/ChatsPage.tsx
FN:15,(anonymous_8)
FNF:1
FNH:0
FNDA:0,(anonymous_8)
DA:15,0
DA:16,0
DA:17,0
DA:18,0
DA:19,0
DA:20,0
DA:22,0
LF:7
LH:0
BRDA:17,0,0,0
BRDA:36,1,0,0
BRDA:53,2,0,0
BRDA:53,2,1,0
BRF:4
BRH:0
end_of_record
TN:
SF:src/app/pages/Checkout/Checkout.tsx
FN:3,(anonymous_0)
FNF:1
FNH:0
FNDA:0,(anonymous_0)
DA:3,0
DA:4,0
LF:2
LH:0
BRF:0
BRH:0
end_of_record
TN:
SF:src/app/pages/Checkout/CheckoutCore.tsx
FN:21,(anonymous_0)
FN:36,(anonymous_1)
FN:55,(anonymous_2)
FN:85,(anonymous_3)
FN:103,(anonymous_4)
FN:119,(anonymous_5)
FN:134,(anonymous_6)
FN:136,(anonymous_7)
FN:137,(anonymous_8)
FN:141,(anonymous_9)
FN:142,(anonymous_10)
FN:145,(anonymous_11)
FN:148,(anonymous_12)
FN:151,(anonymous_13)
FN:158,(anonymous_14)
FN:162,(anonymous_15)
FN:200,(anonymous_16)
FN:223,(anonymous_17)
FN:232,(anonymous_18)
FNF:19
FNH:0
FNDA:0,(anonymous_0)
FNDA:0,(anonymous_1)
FNDA:0,(anonymous_2)
FNDA:0,(anonymous_3)
FNDA:0,(anonymous_4)
FNDA:0,(anonymous_5)
FNDA:0,(anonymous_6)
FNDA:0,(anonymous_7)
FNDA:0,(anonymous_8)
FNDA:0,(anonymous_9)
FNDA:0,(anonymous_10)
FNDA:0,(anonymous_11)
FNDA:0,(anonymous_12)
FNDA:0,(anonymous_13)
FNDA:0,(anonymous_14)
FNDA:0,(anonymous_15)
FNDA:0,(anonymous_16)
FNDA:0,(anonymous_17)
FNDA:0,(anonymous_18)
DA:21,0
DA:22,0
DA:23,0
DA:37,0
DA:56,0
DA:86,0
DA:104,0
DA:119,0
DA:125,0
DA:127,0
DA:128,0
DA:130,0
DA:132,0
DA:134,0
DA:135,0
DA:137,0
DA:138,0
DA:143,0
DA:146,0
DA:149,0
DA:152,0
DA:156,0
DA:159,0
DA:162,0
DA:163,0
DA:167,0
DA:171,0
DA:201,0
DA:202,0
DA:204,0
DA:223,0
DA:233,0
DA:234,0
DA:236,0
LF:34
LH:0
BRDA:26,0,0,0
BRDA:123,1,0,0
BRDA:167,2,0,0
BRDA:198,3,0,0
BRDA:201,4,0,0
BRDA:201,4,1,0
BRDA:224,5,0,0
BRDA:224,5,1,0
BRDA:225,6,0,0
BRDA:225,6,1,0
BRDA:229,7,0,0
BRDA:233,8,0,0
BRDA:233,8,1,0
BRDA:251,9,0,0
BRF:14
BRH:0
end_of_record
TN:
SF:src/app/pages/Checkout/NewCheckout.tsx
FN:23,(anonymous_0)
FN:26,(anonymous_1)
FN:30,(anonymous_2)
FN:38,(anonymous_3)
FN:53,(anonymous_4)
FNF:5
FNH:0
FNDA:0,(anonymous_0)
FNDA:0,(anonymous_1)
FNDA:0,(anonymous_2)
FNDA:0,(anonymous_3)
FNDA:0,(anonymous_4)
DA:16,0
DA:23,0
DA:24,0
DA:26,0
DA:30,0
DA:32,0
DA:38,0
DA:39,0
DA:41,0
DA:42,0
DA:43,0
DA:45,0
DA:47,0
DA:49,0
DA:51,0
DA:54,0
DA:55,0
DA:57,0
DA:58,0
DA:59,0
DA:67,0
DA:71,0
DA:72,0
DA:75,0
LF:24
LH:0
BRDA:41,0,0,0
BRDA:41,0,1,0
BRDA:41,1,0,0
BRDA:41,1,1,0
BRDA:41,2,0,0
BRDA:41,2,1,0
BRDA:41,3,0,0
BRDA:41,3,1,0
BRDA:42,4,0,0
BRDA:42,4,1,0
BRDA:42,5,0,0
BRDA:42,5,1,0
BRDA:43,6,0,0
BRDA:43,6,1,0
BRDA:43,7,0,0
BRDA:43,7,1,0
BRDA:49,8,0,0
BRDA:49,8,1,0
BRDA:54,9,0,0
BRDA:58,10,0,0
BRDA:58,10,1,0
BRDA:67,11,0,0
BRDA:71,12,0,0
BRDA:71,13,0,0
BRDA:71,13,1,0
BRDA:75,14,0,0
BRDA:84,15,0,0
BRDA:84,15,1,0
BRF:28
BRH:0
end_of_record
TN:
SF:src/app/pages/Checkout/OldCheckout.tsx
FN:10,(anonymous_0)
FN:13,(anonymous_1)
FN:16,(anonymous_2)
FN:24,(anonymous_3)
FNF:4
FNH:0
FNDA:0,(anonymous_0)
FNDA:0,(anonymous_1)
FNDA:0,(anonymous_2)
FNDA:0,(anonymous_3)
DA:10,0
DA:11,0
DA:13,0
DA:16,0
DA:17,0
DA:18,0
DA:20,0
DA:22,0
DA:25,0
DA:26,0
DA:28,0
DA:29,0
DA:32,0
DA:39,0
DA:40,0
DA:43,0
LF:16
LH:0
BRDA:28,0,0,0
BRDA:39,1,0,0
BRDA:39,2,0,0
BRDA:39,2,1,0
BRDA:43,3,0,0
BRDA:52,4,0,0
BRDA:52,4,1,0
BRF:7
BRH:0
end_of_record
TN:
SF:src/app/pages/Checkout/types.ts
FNF:0
FNH:0
DA:1,0
LF:1
LH:0
BRF:0
BRH:0
end_of_record
TN:
SF:src/app/pages/ChoosePlan/ChoosePlanPage.tsx
FN:18,(anonymous_0)
FN:24,(anonymous_1)
FN:29,(anonymous_2)
FN:38,(anonymous_3)
FN:63,(anonymous_4)
FN:85,(anonymous_5)
FN:90,(anonymous_6)
FN:110,(anonymous_7)
FN:114,(anonymous_8)
FN:150,(anonymous_9)
FN:171,(anonymous_10)
FN:185,(anonymous_11)
FNF:12
FNH:0
FNDA:0,(anonymous_0)
FNDA:0,(anonymous_1)
FNDA:0,(anonymous_2)
FNDA:0,(anonymous_3)
FNDA:0,(anonymous_4)
FNDA:0,(anonymous_5)
FNDA:0,(anonymous_6)
FNDA:0,(anonymous_7)
FNDA:0,(anonymous_8)
FNDA:0,(anonymous_9)
FNDA:0,(anonymous_10)
FNDA:0,(anonymous_11)
DA:18,0
DA:19,0
DA:20,0
DA:21,0
DA:22,0
DA:23,0
DA:24,0
DA:25,0
DA:26,0
DA:29,0
DA:30,0
DA:38,0
DA:63,0
DA:85,0
DA:90,0
DA:110,0
DA:111,0
DA:112,0
DA:114,0
DA:115,0
DA:151,0
DA:167,0
DA:171,0
DA:172,0
DA:174,0
DA:175,0
DA:178,0
DA:179,0
DA:182,0
DA:185,0
DA:186,0
DA:188,0
DA:189,0
LF:33
LH:0
BRDA:21,0,0,0
BRDA:21,1,0,0
BRDA:21,1,1,0
BRDA:21,2,0,0
BRDA:21,2,1,0
BRDA:30,3,0,0
BRDA:52,4,0,0
BRDA:155,5,0,0
BRDA:155,5,1,0
BRDA:176,6,0,0
BRDA:176,6,1,0
BRDA:176,7,0,0
BRDA:176,7,1,0
BRDA:178,8,0,0
BRDA:196,9,0,0
BRDA:196,9,1,0
BRDA:197,10,0,0
BRDA:197,10,1,0
BRDA:202,11,0,0
BRDA:202,11,1,0
BRDA:214,12,0,0
BRDA:214,12,1,0
BRDA:218,13,0,0
BRDA:218,13,1,0
BRDA:220,14,0,0
BRDA:220,14,1,0
BRDA:221,15,0,0
BRDA:221,15,1,0
BRDA:234,16,0,0
BRDA:234,16,1,0
BRF:30
BRH:0
end_of_record
TN:
SF:src/app/pages/ContactSalesPage/ContactSalesPage.tsx
FN:35,MyInput
FN:50,ContactSalesForm
FN:65,handleSubmit
FN:68,(anonymous_9)
FN:134,(anonymous_10)
FN:162,(anonymous_11)
FN:186,(anonymous_12)
FN:206,ContactSalesPage
FN:211,handleSuccess
FN:230,(anonymous_15)
FN:277,(anonymous_16)
FNF:11
FNH:0
FNDA:0,MyInput
FNDA:0,ContactSalesForm
FNDA:0,handleSubmit
FNDA:0,(anonymous_9)
FNDA:0,(anonymous_10)
FNDA:0,(anonymous_11)
FNDA:0,(anonymous_12)
FNDA:0,ContactSalesPage
FNDA:0,handleSuccess
FNDA:0,(anonymous_15)
FNDA:0,(anonymous_16)
DA:23,0
DA:35,0
DA:36,0
DA:51,0
DA:52,0
DA:53,0
DA:54,0
DA:66,0
DA:69,0
DA:134,0
DA:135,0
DA:163,0
DA:187,0
DA:207,0
DA:208,0
DA:210,0
DA:212,0
DA:213,0
DA:216,0
DA:230,0
DA:278,0
DA:279,0
LF:22
LH:0
BRDA:43,0,0,0
BRDA:43,0,1,0
BRDA:57,1,0,0
BRDA:57,1,1,0
BRDA:57,2,0,0
BRDA:57,2,1,0
BRDA:57,3,0,0
BRDA:57,3,1,0
BRDA:57,4,0,0
BRDA:57,4,1,0
BRDA:58,5,0,0
BRDA:58,5,1,0
BRDA:58,6,0,0
BRDA:58,6,1,0
BRDA:58,7,0,0
BRDA:58,7,1,0
BRDA:58,8,0,0
BRDA:58,8,1,0
BRDA:58,9,0,0
BRDA:58,9,1,0
BRDA:59,10,0,0
BRDA:59,10,1,0
BRDA:59,11,0,0
BRDA:59,11,1,0
BRDA:61,12,0,0
BRDA:61,12,1,0
BRDA:61,13,0,0
BRDA:61,13,1,0
BRDA:61,14,0,0
BRDA:61,14,1,0
BRDA:213,15,0,0
BRDA:213,15,1,0
BRDA:213,16,0,0
BRDA:213,16,1,0
BRDA:216,17,0,0
BRF:35
BRH:0
end_of_record
TN:
SF:src/app/pages/Documents/DocumentsPage.tsx
FN:4,(anonymous_0)
FNF:1
FNH:0
FNDA:0,(anonymous_0)
DA:4,0
LF:1
LH:0
BRF:0
BRH:0
end_of_record
TN:
SF:src/app/pages/EngineChartPage/EngineChartPage.tsx
FN:11,(anonymous_0)
FN:13,(anonymous_1)
FN:36,(anonymous_2)
FN:40,(anonymous_3)
FNF:4
FNH:0
FNDA:0,(anonymous_0)
FNDA:0,(anonymous_1)
FNDA:0,(anonymous_2)
FNDA:0,(anonymous_3)
DA:11,0
DA:13,0
DA:14,0
DA:17,0
DA:18,0
DA:37,0
DA:41,0
LF:7
LH:0
BRDA:52,0,0,0
BRDA:52,0,1,0
BRDA:59,1,0,0
BRDA:59,1,1,0
BRDA:60,2,0,0
BRDA:60,2,1,0
BRDA:61,3,0,0
BRDA:61,3,1,0
BRDA:65,4,0,0
BRDA:65,4,1,0
BRDA:65,5,0,0
BRDA:65,5,1,0
BRDA:69,6,0,0
BRDA:69,6,1,0
BRDA:69,7,0,0
BRDA:69,7,1,0
BRF:16
BRH:0
end_of_record
TN:
SF:src/app/pages/ErrorPage/ErrorPage.styles.ts
FN:12,(anonymous_3)
FNF:1
FNH:1
FNDA:1,(anonymous_3)
DA:1,1
DA:3,1
DA:5,6
DA:12,1
LF:4
LH:4
BRF:0
BRH:0
end_of_record
TN:
SF:src/app/pages/ErrorPage/ErrorPage.tsx
FN:5,ErrorPage
FN:6,(anonymous_2)
FN:10,(anonymous_3)
FNF:3
FNH:1
FNDA:1,ErrorPage
FNDA:0,(anonymous_2)
FNDA:0,(anonymous_3)
DA:1,1
DA:2,1
DA:3,1
DA:5,1
DA:6,1
DA:7,0
DA:10,1
DA:11,0
LF:8
LH:6
BRF:0
BRH:0
end_of_record
TN:
SF:src/app/pages/ErrorPage/RouterErrorPage.tsx
FN:9,(anonymous_0)
FN:12,(anonymous_1)
FNF:2
FNH:0
FNDA:0,(anonymous_0)
FNDA:0,(anonymous_1)
DA:9,0
DA:10,0
DA:12,0
DA:13,0
DA:14,0
DA:18,0
LF:6
LH:0
BRDA:13,0,0,0
BRF:1
BRH:0
end_of_record
TN:
SF:src/app/pages/Files/FileMobileHeader.tsx
FN:19,(anonymous_1)
FN:67,(anonymous_2)
FN:79,(anonymous_3)
FNF:3
FNH:0
FNDA:0,(anonymous_1)
FNDA:0,(anonymous_2)
FNDA:0,(anonymous_3)
DA:1,1
DA:2,1
DA:3,1
DA:5,1
DA:8,1
DA:9,1
DA:10,1
DA:11,1
DA:19,1
DA:28,0
DA:29,0
DA:30,0
DA:31,0
DA:32,0
DA:33,0
DA:34,0
DA:35,0
DA:36,0
DA:68,0
DA:80,0
DA:81,0
DA:88,0
LF:22
LH:9
BRDA:36,0,0,0
BRDA:36,0,1,0
BRDA:46,1,0,0
BRDA:46,1,1,0
BRDA:51,2,0,0
BRDA:51,2,1,0
BRDA:62,3,0,0
BRDA:62,3,1,0
BRDA:62,4,0,0
BRDA:62,4,1,0
BRDA:68,5,0,0
BRDA:68,5,1,0
BRDA:68,6,0,0
BRDA:68,6,1,0
BRDA:81,7,0,0
BRDA:81,7,1,0
BRF:16
BRH:0
end_of_record
TN:
SF:src/app/pages/Files/FilesPage.tsx
FN:40,UploadFileButton
FN:51,(anonymous_13)
FN:62,(anonymous_14)
FN:70,FilesHeader
FN:99,(anonymous_16)
FN:108,(anonymous_17)
FN:110,(anonymous_18)
FN:148,(anonymous_19)
FN:149,(anonymous_20)
FN:149,(anonymous_21)
FN:153,(anonymous_22)
FN:153,(anonymous_23)
FN:172,(anonymous_24)
FN:185,(anonymous_25)
FN:193,(anonymous_26)
FN:195,(anonymous_27)
FN:199,(anonymous_28)
FN:233,(anonymous_29)
FNF:18
FNH:3
FNDA:0,UploadFileButton
FNDA:0,(anonymous_13)
FNDA:0,(anonymous_14)
FNDA:1,FilesHeader
FNDA:0,(anonymous_16)
FNDA:0,(anonymous_17)
FNDA:0,(anonymous_18)
FNDA:0,(anonymous_19)
FNDA:0,(anonymous_20)
FNDA:0,(anonymous_21)
FNDA:0,(anonymous_22)
FNDA:0,(anonymous_23)
FNDA:1,(anonymous_24)
FNDA:1,(anonymous_25)
FNDA:0,(anonymous_26)
FNDA:0,(anonymous_27)
FNDA:0,(anonymous_28)
FNDA:0,(anonymous_29)
DA:2,1
DA:3,1
DA:4,1
DA:5,1
DA:6,1
DA:7,1
DA:8,1
DA:9,1
DA:10,1
DA:11,1
DA:12,1
DA:14,1
DA:15,1
DA:16,1
DA:17,1
DA:19,1
DA:20,1
DA:22,1
DA:24,1
DA:26,1
DA:27,1
DA:29,1
DA:47,0
DA:50,0
DA:51,0
DA:52,0
DA:55,0
DA:63,0
DA:85,1
DA:86,1
DA:87,1
DA:88,1
DA:90,1
DA:92,1
DA:93,1
DA:99,1
DA:100,0
DA:101,0
DA:103,0
DA:104,0
DA:107,1
DA:109,0
DA:111,0
DA:112,0
DA:120,1
DA:121,1
DA:122,0
DA:131,1
DA:149,0
DA:153,0
DA:172,1
DA:175,1
DA:176,1
DA:178,1
DA:179,1
DA:181,1
DA:182,1
DA:183,1
DA:185,1
DA:186,1
DA:187,1
DA:190,1
DA:191,1
DA:193,1
DA:194,0
DA:195,0
DA:198,0
DA:199,0
DA:200,0
DA:203,0
DA:234,0
DA:262,2
LF:72
LH:49
BRDA:52,0,0,0
BRDA:52,0,1,0
BRDA:52,1,0,0
BRDA:52,1,1,0
BRDA:52,2,0,0
BRDA:52,2,1,0
BRDA:86,3,0,1
BRDA:94,4,0,1
BRDA:94,4,1,0
BRDA:100,5,0,0
BRDA:112,6,0,0
BRDA:112,6,1,0
BRDA:121,7,0,0
BRDA:131,8,0,0
BRDA:140,9,0,0
BRDA:140,9,1,0
BRDA:147,10,0,0
BRDA:147,10,1,0
BRDA:153,11,0,0
BRDA:153,11,1,0
BRDA:186,12,0,0
BRDA:186,12,1,1
BRDA:186,13,0,1
BRDA:186,13,1,0
BRDA:187,14,0,0
BRDA:187,14,1,1
BRDA:187,15,0,1
BRDA:187,15,1,1
BRDA:190,16,0,0
BRDA:190,16,1,1
BRDA:190,17,0,1
BRDA:190,17,1,0
BRDA:194,18,0,0
BRDA:198,19,0,0
BRDA:219,20,0,0
BRDA:219,20,1,1
BRDA:227,21,0,1
BRDA:227,21,1,0
BRDA:232,22,0,1
BRDA:232,22,1,0
BRDA:239,23,0,1
BRDA:247,24,0,1
BRF:42
BRH:14
end_of_record
TN:
SF:src/app/pages/Files/FilesPageSelector.tsx
FN:6,FilesPageSelector
FNF:1
FNH:1
FNDA:2,FilesPageSelector
DA:1,1
DA:2,1
DA:3,1
DA:4,1
DA:7,2
DA:9,2
DA:10,0
DA:13,2
DA:16,1
LF:9
LH:8
BRDA:9,0,0,0
BRF:1
BRH:0
end_of_record
TN:
SF:src/app/pages/Files/index.ts
FNF:0
FNH:0
DA:1,1
LF:1
LH:1
BRF:0
BRH:0
end_of_record
TN:
SF:src/app/pages/Files/FilesV2/FilesPageV2.tsx
FN:9,FilesPageV2
FNF:1
FNH:0
FNDA:0,FilesPageV2
DA:1,1
DA:2,1
DA:3,1
DA:4,1
DA:5,1
DA:6,1
DA:7,1
DA:19,0
DA:21,0
DA:49,0
LF:10
LH:7
BRDA:25,0,0,0
BRDA:25,0,1,0
BRF:2
BRH:0
end_of_record
TN:
SF:src/app/pages/Files/FilesV2/filesPage.constants.ts
FNF:0
FNH:0
DA:1,0
DA:2,0
DA:4,0
LF:3
LH:0
BRF:0
BRH:0
end_of_record
TN:
SF:src/app/pages/Files/FilesV2/components/ChatPane/ChatPane.tsx
FN:34,(anonymous_9)
FN:36,ChatPane
FN:60,(anonymous_11)
FN:78,(anonymous_12)
FN:144,(anonymous_14)
FN:153,(anonymous_16)
FN:156,(anonymous_17)
FN:169,(anonymous_18)
FN:173,(anonymous_19)
FN:175,(anonymous_20)
FN:183,(anonymous_21)
FNF:11
FNH:0
FNDA:0,(anonymous_9)
FNDA:0,ChatPane
FNDA:0,(anonymous_11)
FNDA:0,(anonymous_12)
FNDA:0,(anonymous_14)
FNDA:0,(anonymous_16)
FNDA:0,(anonymous_17)
FNDA:0,(anonymous_18)
FNDA:0,(anonymous_19)
FNDA:0,(anonymous_20)
FNDA:0,(anonymous_21)
DA:1,1
DA:2,1
DA:3,1
DA:4,1
DA:5,1
DA:6,1
DA:7,1
DA:8,1
DA:9,1
DA:10,1
DA:11,1
DA:12,1
DA:13,1
DA:14,1
DA:15,1
DA:16,1
DA:17,1
DA:18,1
DA:19,1
DA:20,1
DA:21,1
DA:22,1
DA:23,1
DA:31,1
DA:34,1
DA:37,0
DA:38,0
DA:39,0
DA:43,0
DA:45,0
DA:47,0
DA:48,0
DA:56,0
DA:57,0
DA:58,0
DA:60,0
DA:61,0
DA:63,0
DA:64,0
DA:65,0
DA:66,0
DA:69,0
DA:70,0
DA:71,0
DA:73,0
DA:78,0
DA:79,0
DA:80,0
DA:83,0
DA:85,0
DA:154,0
DA:157,0
DA:169,0
DA:174,0
DA:175,0
DA:176,0
DA:178,0
DA:179,0
DA:184,0
DA:218,0
LF:60
LH:25
BRDA:45,0,0,0
BRDA:47,1,0,0
BRDA:47,1,1,0
BRDA:58,2,0,0
BRDA:58,2,1,0
BRDA:58,3,0,0
BRDA:58,3,1,0
BRDA:58,4,0,0
BRDA:58,4,1,0
BRDA:58,5,0,0
BRDA:58,5,1,0
BRDA:61,6,0,0
BRDA:63,7,0,0
BRDA:63,7,1,0
BRDA:64,8,0,0
BRDA:64,8,1,0
BRDA:83,9,0,0
BRDA:85,10,0,0
BRDA:85,10,1,0
BRDA:85,11,0,0
BRDA:85,11,1,0
BRDA:108,12,0,0
BRDA:112,13,0,0
BRDA:112,13,1,0
BRDA:119,14,0,0
BRDA:119,14,1,0
BRDA:174,15,0,0
BRDA:176,16,0,0
BRDA:176,16,1,0
BRDA:178,17,0,0
BRDA:178,17,1,0
BRDA:178,18,0,0
BRDA:178,18,1,0
BRDA:182,19,0,0
BRDA:182,19,1,0
BRDA:182,20,0,0
BRDA:182,20,1,0
BRF:37
BRH:0
end_of_record
TN:
SF:src/app/pages/Files/FilesV2/components/ChatPane/ChatPaneContainer.tsx
FN:12,ChatPaneContainer
FNF:1
FNH:0
FNDA:0,ChatPaneContainer
DA:1,1
DA:2,1
DA:3,1
DA:4,1
DA:5,1
DA:13,0
DA:14,0
DA:28,0
LF:8
LH:5
BRF:0
BRH:0
end_of_record
TN:
SF:src/app/pages/Files/FilesV2/components/ChatPane/index.ts
FNF:0
FNH:0
DA:1,1
DA:2,1
LF:2
LH:2
BRF:0
BRH:0
end_of_record
TN:
SF:src/app/pages/Files/FilesV2/components/ChatPane/ChatPaneGreeting/ChatPaneGreeting.tsx
FN:9,ChatPaneGreeting
FNF:1
FNH:0
FNDA:0,ChatPaneGreeting
DA:1,1
DA:2,1
DA:3,1
DA:10,0
DA:37,0
LF:5
LH:3
BRDA:10,0,0,0
BRDA:10,0,1,0
BRDA:30,1,0,0
BRDA:30,1,1,0
BRDA:30,2,0,0
BRDA:30,2,1,0
BRF:6
BRH:0
end_of_record
TN:
SF:src/app/pages/Files/FilesV2/components/ChatPane/ChatPaneGreeting/index.ts
FNF:0
FNH:0
DA:1,1
LF:1
LH:1
BRF:0
BRH:0
end_of_record
TN:
SF:src/app/pages/Files/FilesV2/components/ChatPane/ChatPaneHeader/ChatPaneHeader.tsx
FN:13,ChatPaneHeader
FN:18,(anonymous_3)
FNF:2
FNH:0
FNDA:0,ChatPaneHeader
FNDA:0,(anonymous_3)
DA:1,1
DA:2,1
DA:3,1
DA:4,1
DA:5,1
DA:14,0
DA:18,0
DA:41,0
LF:8
LH:5
BRDA:14,0,0,0
BRDA:14,0,1,0
BRDA:14,1,0,0
BRDA:14,1,1,0
BRF:4
BRH:0
end_of_record
TN:
SF:src/app/pages/Files/FilesV2/components/ChatPane/ChatPaneHeader/index.ts
FNF:0
FNH:0
DA:1,1
LF:1
LH:1
BRF:0
BRH:0
end_of_record
TN:
SF:src/app/pages/Files/FilesV2/components/ChatPane/ChatPaneInput/ChatPaneInput.tsx
FN:22,ChatPaneInput
FN:73,(anonymous_3)
FNF:2
FNH:0
FNDA:0,ChatPaneInput
FNDA:0,(anonymous_3)
DA:1,1
DA:2,1
DA:3,1
DA:11,1
DA:13,1
DA:23,0
DA:24,0
DA:74,0
DA:92,0
LF:9
LH:5
BRDA:24,0,0,0
BRDA:24,0,1,0
BRDA:24,1,0,0
BRDA:24,1,1,0
BRF:4
BRH:0
end_of_record
TN:
SF:src/app/pages/Files/FilesV2/components/ChatPane/ChatPaneInput/index.ts
FNF:0
FNH:0
DA:1,1
LF:1
LH:1
BRF:0
BRH:0
end_of_record
TN:
SF:src/app/pages/Files/FilesV2/components/ChatPane/ChatPaneLoadingChat/ChatPaneLoadingChat.tsx
FN:8,ChatPaneLoadingChat
FNF:1
FNH:0
FNDA:0,ChatPaneLoadingChat
DA:1,1
DA:2,1
DA:25,0
LF:3
LH:2
BRDA:18,0,0,0
BRDA:18,0,1,0
BRDA:18,1,0,0
BRDA:18,1,1,0
BRF:4
BRH:0
end_of_record
TN:
SF:src/app/pages/Files/FilesV2/components/ChatPane/ChatPaneLoadingChat/index.ts
FNF:0
FNH:0
DA:1,1
LF:1
LH:1
BRF:0
BRH:0
end_of_record
TN:
SF:src/app/pages/Files/FilesV2/components/ChatPane/ChatPaneNewChatButton/ChatPaneNewChatButton.tsx
FN:8,ChatPaneNewChatButton
FN:16,(anonymous_2)
FNF:2
FNH:0
FNDA:0,ChatPaneNewChatButton
FNDA:0,(anonymous_2)
DA:1,1
DA:2,1
DA:17,0
DA:43,0
LF:4
LH:2
BRF:0
BRH:0
end_of_record
TN:
SF:src/app/pages/Files/FilesV2/components/ChatPane/ChatPaneNewChatButton/index.ts
FNF:0
FNH:0
DA:1,1
LF:1
LH:1
BRF:0
BRH:0
end_of_record
TN:
SF:src/app/pages/Files/FilesV2/components/ChatPane/ChatPaneSuggestions/ChatPaneSuggestions.tsx
FN:15,ChatPaneSuggestions
FN:17,(anonymous_5)
FN:21,(anonymous_6)
FN:43,(anonymous_7)
FNF:4
FNH:0
FNDA:0,ChatPaneSuggestions
FNDA:0,(anonymous_5)
FNDA:0,(anonymous_6)
FNDA:0,(anonymous_7)
DA:1,1
DA:3,1
DA:4,1
DA:5,1
DA:6,1
DA:16,0
DA:17,0
DA:21,0
DA:22,0
DA:44,0
DA:56,0
LF:11
LH:5
BRDA:39,0,0,0
BRDA:39,0,1,0
BRF:2
BRH:0
end_of_record
TN:
SF:src/app/pages/Files/FilesV2/components/ChatPane/ChatPaneSuggestions/ChatPaneSuggestionsItem.tsx
FN:9,ChatPaneSuggestionsItem
FN:13,(anonymous_2)
FN:14,(anonymous_3)
FNF:3
FNH:0
FNDA:0,ChatPaneSuggestionsItem
FNDA:0,(anonymous_2)
FNDA:0,(anonymous_3)
DA:1,1
DA:10,0
DA:13,0
DA:14,0
DA:38,0
LF:5
LH:1
BRF:0
BRH:0
end_of_record
TN:
SF:src/app/pages/Files/FilesV2/components/ChatPane/ChatPaneSuggestions/index.ts
FNF:0
FNH:0
DA:1,1
LF:1
LH:1
BRF:0
BRH:0
end_of_record
TN:
SF:src/app/pages/Files/FilesV2/components/ChatPaneButton/ChatPaneButton.tsx
FN:10,ChatPaneButton
FN:26,(anonymous_3)
FNF:2
FNH:0
FNDA:0,ChatPaneButton
FNDA:0,(anonymous_3)
DA:1,1
DA:2,1
DA:3,1
DA:26,0
DA:36,0
LF:5
LH:3
BRDA:27,0,0,0
BRDA:27,0,1,0
BRF:2
BRH:0
end_of_record
TN:
SF:src/app/pages/Files/FilesV2/components/ChatPaneButton/index.ts
FNF:0
FNH:0
DA:1,1
LF:1
LH:1
BRF:0
BRH:0
end_of_record
TN:
SF:src/app/pages/Files/FilesV2/components/ClosePaneButton/ClosePaneButton.tsx
FN:9,ClosePaneButton
FN:13,(anonymous_3)
FNF:2
FNH:0
FNDA:0,ClosePaneButton
FNDA:0,(anonymous_3)
DA:1,1
DA:2,1
DA:3,1
DA:14,0
DA:37,0
LF:5
LH:3
BRF:0
BRH:0
end_of_record
TN:
SF:src/app/pages/Files/FilesV2/components/ClosePaneButton/index.ts
FNF:0
FNH:0
DA:1,1
LF:1
LH:1
BRF:0
BRH:0
end_of_record
TN:
SF:src/app/pages/Files/FilesV2/components/DocumentPane/DocumentPane.tsx
FN:20,DocumentPane
FN:30,(anonymous_13)
FNF:2
FNH:0
FNDA:0,DocumentPane
FNDA:0,(anonymous_13)
DA:1,1
DA:2,1
DA:4,1
DA:5,1
DA:6,1
DA:7,1
DA:8,1
DA:9,1
DA:28,0
DA:29,0
DA:30,0
DA:41,0
DA:43,0
DA:80,0
LF:14
LH:8
BRDA:41,0,0,0
BRDA:43,1,0,0
BRF:2
BRH:0
end_of_record
TN:
SF:src/app/pages/Files/FilesV2/components/ExpandPaneButton/ExpandPaneButton.tsx
FN:9,ExpandPaneButton
FN:13,(anonymous_3)
FNF:2
FNH:0
FNDA:0,ExpandPaneButton
FNDA:0,(anonymous_3)
DA:1,1
DA:2,1
DA:3,1
DA:13,0
DA:19,0
LF:5
LH:3
BRF:0
BRH:0
end_of_record
TN:
SF:src/app/pages/Files/FilesV2/components/ExpandPaneButton/index.ts
FNF:0
FNH:0
DA:1,1
LF:1
LH:1
BRF:0
BRH:0
end_of_record
TN:
SF:src/app/pages/Files/FilesV2/components/FilesDashPane/FilesDashPane.tsx
FN:13,FilesDashPane
FN:16,(anonymous_3)
FNF:2
FNH:0
FNDA:0,FilesDashPane
FNDA:0,(anonymous_3)
DA:1,1
DA:2,1
DA:3,1
DA:16,0
DA:55,0
LF:5
LH:3
BRDA:28,0,0,0
BRDA:28,0,1,0
BRDA:29,1,0,0
BRDA:29,1,1,0
BRDA:35,2,0,0
BRDA:35,2,1,0
BRDA:44,3,0,0
BRF:7
BRH:0
end_of_record
TN:
SF:src/app/pages/Files/FilesV2/components/FilesDashPane/index.ts
FNF:0
FNH:0
DA:1,1
LF:1
LH:1
BRF:0
BRH:0
end_of_record
TN:
SF:src/app/pages/Files/FilesV2/components/FilesHeader/FilesHeader.tsx
FN:11,FilesHeader
FN:17,(anonymous_2)
FNF:2
FNH:0
FNDA:0,FilesHeader
FNDA:0,(anonymous_2)
DA:1,1
DA:2,1
DA:3,1
DA:4,1
DA:17,0
DA:46,0
LF:6
LH:4
BRDA:31,0,0,0
BRF:1
BRH:0
end_of_record
TN:
SF:src/app/pages/Files/FilesV2/components/FilesHeader/index.ts
FNF:0
FNH:0
DA:1,1
LF:1
LH:1
BRF:0
BRH:0
end_of_record
TN:
SF:src/app/pages/Files/FilesV2/components/FilesPane/FilesPane.tsx
FN:20,FilesPane
FN:67,(anonymous_5)
FNF:2
FNH:0
FNDA:0,FilesPane
FNDA:0,(anonymous_5)
DA:1,1
DA:2,1
DA:3,1
DA:4,1
DA:5,1
DA:6,1
DA:7,1
DA:8,1
DA:10,1
DA:12,1
DA:13,1
DA:23,0
DA:25,0
DA:26,0
DA:27,0
DA:28,0
DA:29,0
DA:31,0
DA:33,0
DA:35,0
DA:67,0
DA:85,0
LF:22
LH:11
BRDA:31,0,0,0
BRDA:33,1,0,0
BRDA:33,1,1,0
BRDA:33,2,0,0
BRDA:33,2,1,0
BRF:5
BRH:0
end_of_record
TN:
SF:src/app/pages/Files/FilesV2/components/FilesPane/index.ts
FNF:0
FNH:0
DA:1,1
LF:1
LH:1
BRF:0
BRH:0
end_of_record
TN:
SF:src/app/pages/Files/FilesV2/components/FilesPane/CustomOwnersSelectorLine/CustomOwnersSelectorLine.tsx
FN:10,CustomOwnersSelectorLine
FN:12,(anonymous_7)
FNF:2
FNH:0
FNDA:0,CustomOwnersSelectorLine
FNDA:0,(anonymous_7)
DA:1,1
DA:2,1
DA:3,1
DA:4,1
DA:5,1
DA:10,0
DA:11,0
DA:12,0
DA:14,0
DA:40,0
LF:10
LH:5
BRDA:29,0,0,0
BRDA:29,0,1,0
BRDA:29,1,0,0
BRDA:29,1,1,0
BRDA:30,2,0,0
BRDA:30,2,1,0
BRDA:30,3,0,0
BRDA:30,3,1,0
BRDA:30,4,0,0
BRDA:30,4,1,0
BRF:10
BRH:0
end_of_record
TN:
SF:src/app/pages/Files/FilesV2/components/FilesPane/FilesPaneFilters/FilesPaneFilters.tsx
FN:16,FilesPaneFilters
FNF:1
FNH:0
FNDA:0,FilesPaneFilters
DA:1,1
DA:3,1
DA:4,1
DA:6,1
DA:7,1
DA:22,0
DA:23,0
DA:42,0
LF:8
LH:5
BRDA:23,0,0,0
BRDA:23,0,1,0
BRDA:23,1,0,0
BRDA:23,1,1,0
BRDA:23,2,0,0
BRDA:23,2,1,0
BRF:6
BRH:0
end_of_record
TN:
SF:src/app/pages/Files/FilesV2/components/FilesPane/FilesPaneFilters/index.ts
FNF:0
FNH:0
DA:1,1
LF:1
LH:1
BRF:0
BRH:0
end_of_record
TN:
SF:src/app/pages/Files/FilesV2/components/FilesPane/FilesPaneHeader/FilesPaneHeader.tsx
FN:19,(anonymous_14)
FN:31,(anonymous_15)
FN:39,(anonymous_16)
FN:41,(anonymous_17)
FN:75,(anonymous_18)
FNF:5
FNH:0
FNDA:0,(anonymous_14)
FNDA:0,(anonymous_15)
FNDA:0,(anonymous_16)
FNDA:0,(anonymous_17)
FNDA:0,(anonymous_18)
DA:1,1
DA:3,1
DA:4,1
DA:5,1
DA:6,1
DA:7,1
DA:8,1
DA:10,1
DA:19,1
DA:24,0
DA:26,0
DA:28,0
DA:29,0
DA:31,0
DA:32,0
DA:33,0
DA:35,0
DA:38,0
DA:40,0
DA:42,0
DA:43,0
DA:51,0
DA:52,0
DA:53,0
DA:75,0
DA:85,0
LF:26
LH:9
BRDA:32,0,0,0
BRDA:43,1,0,0
BRDA:43,1,1,0
BRDA:52,2,0,0
BRF:4
BRH:0
end_of_record
TN:
SF:src/app/pages/Files/FilesV2/components/FilesPane/FilesPaneHeader/index.ts
FNF:0
FNH:0
DA:1,1
LF:1
LH:1
BRF:0
BRH:0
end_of_record
TN:
SF:src/app/pages/Files/FilesV2/components/UploadFilesButton/UploadFileButton.tsx
FN:15,UploadFileButton
FN:21,(anonymous_2)
FN:38,(anonymous_3)
FNF:3
FNH:0
FNDA:0,UploadFileButton
FNDA:0,(anonymous_2)
FNDA:0,(anonymous_3)
DA:1,1
DA:2,1
DA:3,1
DA:5,1
DA:6,1
DA:7,1
DA:8,1
DA:16,0
DA:19,0
DA:21,0
DA:22,0
DA:39,0
DA:47,0
LF:13
LH:7
BRDA:22,0,0,0
BRDA:22,0,1,0
BRDA:22,1,0,0
BRDA:22,1,1,0
BRDA:22,2,0,0
BRDA:22,2,1,0
BRF:6
BRH:0
end_of_record
TN:
SF:src/app/pages/Files/FilesV2/components/UploadFilesButton/index.ts
FNF:0
FNH:0
DA:1,1
LF:1
LH:1
BRF:0
BRH:0
end_of_record
TN:
SF:src/app/pages/Files/FilesV2/hooks/useChatPane.ts
FN:15,useChatPane
FN:16,(anonymous_2)
FNF:2
FNH:2
FNDA:4,useChatPane
FNDA:4,(anonymous_2)
DA:1,2
DA:16,4
DA:17,4
DA:18,4
DA:19,4
DA:21,4
DA:29,4
LF:7
LH:7
BRDA:18,0,0,4
BRDA:18,0,1,2
BRDA:19,1,0,4
BRDA:19,1,1,2
BRF:4
BRH:4
end_of_record
TN:
SF:src/app/pages/Files/FilesV2/hooks/useChatPaneContainer.ts
FN:12,useChatPaneContainer
FN:21,(anonymous_2)
FN:34,(anonymous_3)
FNF:3
FNH:3
FNDA:14,useChatPaneContainer
FNDA:12,(anonymous_2)
FNDA:2,(anonymous_3)
DA:1,2
DA:2,2
DA:3,2
DA:4,2
DA:5,2
DA:13,14
DA:14,14
DA:15,14
DA:16,14
DA:17,14
DA:18,14
DA:19,14
DA:21,14
DA:22,12
DA:23,5
DA:28,5
DA:29,5
DA:33,14
DA:35,2
DA:40,2
DA:45,14
DA:48,5
LF:22
LH:22
BRDA:17,0,0,4
BRDA:18,1,0,4
BRDA:18,1,1,10
BRDA:18,2,0,14
BRDA:18,2,1,14
BRDA:22,3,0,5
BRF:6
BRH:6
end_of_record
TN:
SF:src/app/pages/Files/FilesV2/hooks/useFilesPagePaneInfo.ts
FN:15,useFilesPagePaneInfo
FN:24,(anonymous_13)
FN:29,(anonymous_14)
FN:32,(anonymous_15)
[...]
DA:19,0
DA:20,0
DA:21,0
DA:34,0
DA:84,0
LF:11
LH:0
BRDA:31,0,0,0
BRDA:31,0,1,0
BRDA:46,1,0,0
BRDA:46,1,1,0
BRDA:50,2,0,0
BRDA:50,2,1,0
BRDA:59,3,0,0
BRDA:59,3,1,0
BRDA:73,4,0,0
BRDA:73,4,1,0
BRDA:114,5,0,0
BRDA:114,5,1,0
BRDA:129,6,0,0
BRDA:129,6,1,0
BRDA:130,7,0,0
BRDA:130,7,1,0
BRDA:132,8,0,0
BRDA:132,8,1,0
BRDA:138,9,0,0
BRDA:138,9,1,0
BRF:20
BRH:0
end_of_record
TN:
SF:src/app/pages/UpgradeNow/UpgradeNow.mobile.tsx
FN:26,getPackageTotal
FN:44,UpgradeNowPage
FN:66,(anonymous_2)
FN:85,(anonymous_3)
FNF:4
FNH:0
FNDA:0,getPackageTotal
FNDA:0,UpgradeNowPage
FNDA:0,(anonymous_2)
FNDA:0,(anonymous_3)
DA:27,0
DA:29,0
DA:30,0
DA:33,0
DA:34,0
DA:37,0
DA:38,0
DA:41,0
DA:45,0
DA:46,0
DA:47,0
DA:49,0
DA:51,0
DA:67,0
DA:86,0
LF:15
LH:0
BRDA:29,0,0,0
BRDA:33,1,0,0
BRDA:37,2,0,0
BRDA:114,3,0,0
BRDA:121,4,0,0
BRDA:128,5,0,0
BRDA:135,6,0,0
BRDA:147,7,0,0
BRDA:148,8,0,0
BRDA:155,9,0,0
BRDA:162,10,0,0
BRF:11
BRH:0
end_of_record
TN:
SF:src/app/pages/UpgradeNow/UpgradeNow.tsx
FN:27,getPackageTotal
FN:45,UpgradeNowPage
FN:51,(anonymous_4)
FN:58,(anonymous_5)
FN:76,(anonymous_6)
FN:94,(anonymous_7)
FNF:6
FNH:0
FNDA:0,getPackageTotal
FNDA:0,UpgradeNowPage
FNDA:0,(anonymous_4)
FNDA:0,(anonymous_5)
FNDA:0,(anonymous_6)
FNDA:0,(anonymous_7)
DA:28,0
DA:30,0
DA:31,0
DA:34,0
DA:35,0
DA:38,0
DA:39,0
DA:42,0
DA:46,0
DA:47,0
DA:49,0
DA:51,0
DA:52,0
DA:53,0
DA:56,0
DA:58,0
DA:59,0
DA:77,0
DA:95,0
LF:19
LH:0
BRDA:30,0,0,0
BRDA:34,1,0,0
BRDA:38,2,0,0
BRDA:119,3,0,0
BRDA:126,4,0,0
BRDA:133,5,0,0
BRDA:140,6,0,0
BRDA:152,7,0,0
BRDA:159,8,0,0
BRDA:166,9,0,0
BRDA:173,10,0,0
BRF:11
BRH:0
end_of_record
TN:
SF:src/app/pages/UpgradeNow/UpgradeNowPage.tsx
FN:8,UpgradeNowPage
FNF:1
FNH:0
FNDA:0,UpgradeNowPage
DA:9,0
DA:10,0
DA:12,0
DA:14,0
DA:18,0
LF:5
LH:0
BRDA:12,0,0,0
BRDA:12,0,1,0
BRDA:12,1,0,0
BRDA:12,1,1,0
BRDA:14,2,0,0
BRDA:18,3,0,0
BRDA:18,3,1,0
BRF:7
BRH:0
end_of_record
TN:
SF:src/app/pages/UpgradeNow/usePageParams.ts
FN:15,(anonymous_0)
FNF:1
FNH:0
FNDA:0,(anonymous_0)
DA:10,0
DA:15,0
DA:16,0
DA:18,0
DA:23,0
DA:24,0
DA:26,0
LF:7
LH:0
BRDA:19,0,0,0
BRDA:19,0,1,0
BRDA:19,1,0,0
BRDA:19,1,1,0
BRDA:20,2,0,0
BRDA:20,2,1,0
BRDA:20,3,0,0
BRDA:20,3,1,0
BRDA:23,4,0,0
BRDA:23,4,1,0
BRDA:24,5,0,0
BRDA:24,5,1,0
BRF:12
BRH:0
end_of_record
TN:
SF:src/app/pages/Watchlist/WatchlistsListView.tsx
FN:30,(anonymous_11)
FN:31,(anonymous_12)
FN:37,(anonymous_13)
FN:53,(anonymous_14)
FNF:4
FNH:4
FNDA:31,(anonymous_11)
FNDA:6,(anonymous_12)
FNDA:6,(anonymous_13)
FNDA:4,(anonymous_14)
DA:2,1
DA:3,1
DA:4,1
DA:5,1
DA:10,1
DA:11,1
DA:12,1
DA:13,1
DA:14,1
DA:15,1
DA:16,1
DA:18,1
DA:19,1
DA:20,1
DA:28,1
DA:30,31
DA:31,6
DA:37,1
DA:38,6
DA:53,3
DA:54,4
DA:55,4
DA:56,4
DA:57,4
DA:58,4
DA:59,4
DA:61,4
DA:63,4
DA:73,4
DA:74,0
LF:30
LH:29
BRDA:34,0,0,3
BRDA:34,0,1,3
BRDA:48,1,0,6
BRDA:48,1,1,3
BRDA:56,2,0,4
BRDA:61,3,0,4
BRDA:61,3,1,4
BRDA:73,4,0,0
BRDA:89,5,0,1
BRDA:91,6,0,0
BRDA:91,6,1,1
BRDA:98,7,0,3
BRDA:98,7,1,0
BRDA:101,8,0,0
BRDA:101,8,1,3
BRDA:109,9,0,0
BRDA:109,9,1,3
BRDA:124,10,0,3
BRDA:124,10,1,0
BRF:19
BRH:13
end_of_record
TN:
SF:src/app/pages/Watchlist/WatchlistsPage.tsx
FN:11,(anonymous_0)
FN:18,(anonymous_1)
FN:20,(anonymous_2)
FNF:3
FNH:0
FNDA:0,(anonymous_0)
FNDA:0,(anonymous_1)
FNDA:0,(anonymous_2)
DA:11,0
DA:12,0
DA:13,0
DA:14,0
DA:15,0
DA:16,0
DA:18,0
DA:19,0
DA:20,0
DA:21,0
DA:23,0
DA:27,0
DA:30,0
LF:13
LH:0
BRDA:19,0,0,0
BRDA:19,1,0,0
BRDA:19,1,1,0
BRDA:19,2,0,0
BRDA:19,2,1,0
BRDA:27,3,0,0
BRDA:27,3,1,0
BRF:7
BRH:0
end_of_record
TN:
SF:src/app/pages/WatchlistDashboard/WatchlistAutosuggestSection.tsx
FN:31,(anonymous_0)
FN:54,(anonymous_1)
FN:58,(anonymous_2)
FN:85,(anonymous_3)
FN:86,(anonymous_4)
FN:115,(anonymous_5)
FNF:6
FNH:0
FNDA:0,(anonymous_0)
FNDA:0,(anonymous_1)
FNDA:0,(anonymous_2)
FNDA:0,(anonymous_3)
FNDA:0,(anonymous_4)
FNDA:0,(anonymous_5)
DA:29,0
DA:31,0
DA:40,0
DA:41,0
DA:42,0
DA:43,0
DA:49,0
DA:50,0
DA:51,0
DA:53,0
DA:55,0
DA:56,0
DA:57,0
DA:58,0
DA:59,0
DA:60,0
DA:63,0
DA:65,0
DA:66,0
DA:67,0
DA:70,0
DA:71,0
DA:85,0
DA:86,0
DA:87,0
DA:88,0
DA:89,0
DA:91,0
DA:116,0
DA:117,0
LF:30
LH:0
BRDA:45,0,0,0
BRDA:45,0,1,0
BRDA:55,1,0,0
BRDA:56,2,0,0
BRDA:56,2,1,0
BRDA:57,3,0,0
BRDA:57,3,1,0
BRDA:58,4,0,0
BRDA:58,4,1,0
BRDA:58,5,0,0
BRDA:58,5,1,0
BRDA:59,6,0,0
BRDA:61,7,0,0
BRDA:61,7,1,0
BRDA:61,8,0,0
BRDA:61,8,1,0
BRDA:63,9,0,0
BRDA:63,9,1,0
BRDA:63,10,0,0
BRDA:63,10,1,0
BRDA:65,11,0,0
BRDA:70,12,0,0
BRDA:91,13,0,0
BRDA:91,13,1,0
BRDA:91,14,0,0
BRDA:91,14,1,0
BRDA:97,15,0,0
BRDA:97,15,1,0
BRDA:117,16,0,0
BRDA:117,16,1,0
BRDA:117,17,0,0
BRDA:117,17,1,0
BRF:32
BRH:0
end_of_record
TN:
SF:src/app/pages/WatchlistDashboard/WatchlistDashboard.tsx
FN:57,(anonymous_0)
FN:97,(anonymous_1)
FN:103,(anonymous_2)
FN:116,(anonymous_3)
FN:124,(anonymous_4)
FN:136,(anonymous_5)
FN:137,(anonymous_6)
FN:138,(anonymous_7)
FN:145,(anonymous_8)
FN:159,(anonymous_9)
FN:160,(anonymous_10)
FN:171,(anonymous_11)
FN:173,(anonymous_12)
FN:201,(anonymous_13)
FN:208,(anonymous_14)
FN:231,(anonymous_15)
FN:238,(anonymous_16)
FN:313,(anonymous_17)
FN:326,(anonymous_18)
FN:328,(anonymous_19)
FNF:20
FNH:0
FNDA:0,(anonymous_0)
FNDA:0,(anonymous_1)
FNDA:0,(anonymous_2)
FNDA:0,(anonymous_3)
FNDA:0,(anonymous_4)
FNDA:0,(anonymous_5)
FNDA:0,(anonymous_6)
FNDA:0,(anonymous_7)
FNDA:0,(anonymous_8)
FNDA:0,(anonymous_9)
FNDA:0,(anonymous_10)
FNDA:0,(anonymous_11)
FNDA:0,(anonymous_12)
FNDA:0,(anonymous_13)
FNDA:0,(anonymous_14)
FNDA:0,(anonymous_15)
FNDA:0,(anonymous_16)
FNDA:0,(anonymous_17)
FNDA:0,(anonymous_18)
FNDA:0,(anonymous_19)
DA:57,0
DA:70,0
DA:71,0
DA:73,0
DA:74,0
DA:75,0
DA:76,0
DA:77,0
DA:78,0
DA:79,0
DA:83,0
DA:84,0
DA:85,0
DA:86,0
DA:91,0
DA:93,0
DA:97,0
DA:98,0
DA:99,0
DA:101,0
DA:102,0
DA:103,0
DA:106,0
DA:110,0
DA:112,0
DA:113,0
DA:114,0
DA:115,0
DA:116,0
DA:117,0
DA:118,0
DA:120,0
DA:123,0
DA:125,0
DA:129,0
DA:135,0
DA:137,0
DA:138,0
DA:139,0
DA:145,0
DA:150,0
DA:156,0
DA:158,0
DA:160,0
DA:161,0
DA:162,0
DA:164,0
DA:170,0
DA:172,0
DA:173,0
DA:174,0
DA:175,0
DA:189,0
DA:201,0
DA:202,0
DA:203,0
DA:204,0
DA:208,0
DA:209,0
DA:210,0
DA:211,0
DA:213,0
DA:218,0
DA:221,0
DA:226,0
DA:231,0
DA:239,0
DA:240,0
DA:314,0
DA:315,0
DA:327,0
DA:328,0
DA:329,0
DA:330,0
DA:332,0
LF:75
LH:0
BRDA:93,0,0,0
BRDA:93,0,1,0
BRDA:93,0,2,0
BRDA:93,0,3,0
BRDA:99,1,0,0
BRDA:99,1,1,0
BRDA:117,2,0,0
BRDA:156,3,0,0
BRDA:156,3,1,0
BRDA:156,4,0,0
BRDA:156,4,1,0
BRDA:156,5,0,0
BRDA:156,5,1,0
BRDA:156,6,0,0
BRDA:156,6,1,0
BRDA:161,7,0,0
BRDA:161,8,0,0
BRDA:161,8,1,0
BRDA:161,9,0,0
BRDA:161,9,1,0
BRDA:174,10,0,0
BRDA:174,10,1,0
BRDA:174,11,0,0
BRDA:174,11,1,0
BRDA:184,12,0,0
BRDA:184,12,1,0
BRDA:184,13,0,0
BRDA:184,13,1,0
BRDA:191,14,0,0
BRDA:191,14,1,0
BRDA:191,15,0,0
BRDA:191,15,1,0
BRDA:195,16,0,0
BRDA:195,16,1,0
BRDA:195,17,0,0
BRDA:195,17,1,0
BRDA:202,18,0,0
BRDA:209,19,0,0
BRDA:210,20,0,0
BRDA:217,21,0,0
BRDA:217,21,1,0
BRDA:218,22,0,0
BRDA:218,23,0,0
BRDA:218,23,1,0
BRDA:221,24,0,0
BRDA:221,24,1,0
BRDA:221,24,2,0
BRDA:221,24,3,0
BRDA:222,25,0,0
BRDA:222,25,1,0
BRDA:222,26,0,0
BRDA:222,26,1,0
BRDA:230,27,0,0
BRDA:249,28,0,0
BRDA:249,28,1,0
BRDA:249,29,0,0
BRDA:249,29,1,0
BRDA:269,30,0,0
BRDA:269,30,1,0
BRDA:274,31,0,0
BRDA:276,32,0,0
BRDA:276,32,1,0
BRDA:310,33,0,0
BRDA:309,34,0,0
BRDA:309,34,1,0
BRDA:309,35,0,0
BRDA:309,35,1,0
BRDA:309,36,0,0
BRDA:309,36,1,0
BRDA:329,37,0,0
BRDA:329,38,0,0
BRDA:329,38,1,0
BRDA:329,39,0,0
BRDA:329,39,1,0
BRDA:340,40,0,0
BRDA:340,40,1,0
BRDA:340,41,0,0
BRDA:340,41,1,0
BRDA:341,42,0,0
BRDA:341,42,1,0
BRDA:341,43,0,0
BRDA:341,43,1,0
BRDA:345,44,0,0
BRF:83
BRH:0
end_of_record
TN:
SF:src/app/pages/WatchlistDashboard/WatchlistDashboardPage.tsx
FN:15,(anonymous_0)
FN:24,(anonymous_1)
FN:41,(anonymous_2)
FNF:3
FNH:0
FNDA:0,(anonymous_0)
FNDA:0,(anonymous_1)
FNDA:0,(anonymous_2)
DA:15,0
DA:16,0
DA:17,0
DA:18,0
DA:19,0
DA:20,0
DA:21,0
DA:22,0
DA:23,0
DA:25,0
DA:27,0
DA:33,0
DA:34,0
DA:35,0
DA:36,0
DA:37,0
DA:38,0
DA:41,0
DA:42,0
DA:43,0
DA:44,0
LF:21
LH:0
BRDA:22,0,0,0
BRDA:22,0,1,0
BRDA:22,1,0,0
BRDA:22,1,1,0
BRDA:36,2,0,0
BRDA:36,3,0,0
BRDA:36,3,1,0
BRDA:42,4,0,0
BRDA:42,5,0,0
BRDA:42,5,1,0
BRDA:42,6,0,0
BRDA:42,6,1,0
BRF:12
BRH:0
end_of_record
TN:
SF:src/app/pages/WatchlistEditor/WatchlistEditorPage.tsx
FN:34,(anonymous_8)
FN:55,(anonymous_9)
FN:67,(anonymous_10)
FN:82,(anonymous_11)
FN:93,(anonymous_12)
FN:111,(anonymous_13)
FN:122,(anonymous_14)
FN:127,(anonymous_15)
FN:147,(anonymous_16)
FN:167,(anonymous_17)
FN:173,(anonymous_18)
FN:207,(anonymous_19)
FN:213,(anonymous_20)
FN:229,(anonymous_21)
FN:236,(anonymous_22)
FN:251,(anonymous_23)
FN:277,(anonymous_24)
FNF:17
FNH:0
FNDA:0,(anonymous_8)
FNDA:0,(anonymous_9)
FNDA:0,(anonymous_10)
FNDA:0,(anonymous_11)
FNDA:0,(anonymous_12)
FNDA:0,(anonymous_13)
FNDA:0,(anonymous_14)
FNDA:0,(anonymous_15)
FNDA:0,(anonymous_16)
FNDA:0,(anonymous_17)
FNDA:0,(anonymous_18)
FNDA:0,(anonymous_19)
FNDA:0,(anonymous_20)
FNDA:0,(anonymous_21)
FNDA:0,(anonymous_22)
FNDA:0,(anonymous_23)
FNDA:0,(anonymous_24)
DA:32,0
DA:34,0
DA:36,0
DA:37,0
DA:39,0
DA:40,0
DA:41,0
DA:42,0
DA:43,0
DA:47,0
DA:48,0
DA:49,0
DA:52,0
DA:53,0
DA:54,0
DA:55,0
DA:56,0
DA:57,0
DA:61,0
DA:62,0
DA:67,0
DA:68,0
DA:76,0
DA:82,0
DA:83,0
DA:84,0
DA:85,0
DA:87,0
DA:88,0
DA:89,0
DA:93,0
DA:94,0
DA:95,0
DA:98,0
DA:100,0
DA:111,0
DA:112,0
DA:113,0
DA:114,0
DA:117,0
DA:122,0
DA:123,0
DA:124,0
DA:127,0
DA:128,0
DA:129,0
DA:133,0
DA:139,0
DA:149,0
DA:155,0
DA:161,0
DA:163,0
DA:166,0
DA:168,0
DA:169,0
DA:170,0
DA:174,0
DA:176,0
DA:178,0
DA:179,0
DA:180,0
DA:184,0
DA:187,0
DA:206,0
DA:208,0
DA:209,0
DA:213,0
DA:215,0
DA:216,0
DA:220,0
DA:223,0
DA:229,0
DA:231,0
DA:232,0
DA:236,0
DA:237,0
DA:238,0
DA:241,0
DA:250,0
DA:251,0
DA:252,0
DA:255,0
DA:263,0
DA:277,0
LF:84
LH:0
BRDA:55,0,0,0
BRDA:55,0,1,0
BRDA:55,1,0,0
BRDA:55,1,1,0
BRDA:83,2,0,0
BRDA:87,3,0,0
BRDA:94,4,0,0
BRDA:112,5,0,0
BRDA:118,6,0,0
BRDA:118,6,1,0
BRDA:118,7,0,0
BRDA:118,7,1,0
BRDA:118,8,0,0
BRDA:118,8,1,0
BRDA:118,9,0,0
BRDA:118,9,1,0
BRDA:118,10,0,0
BRDA:118,10,1,0
BRDA:119,11,0,0
BRDA:119,11,1,0
BRDA:119,12,0,0
BRDA:119,12,1,0
BRDA:123,13,0,0
BRDA:124,14,0,0
BRDA:124,14,1,0
BRDA:128,15,0,0
BRDA:161,16,0,0
BRDA:161,16,1,0
BRDA:161,17,0,0
BRDA:161,17,1,0
BRDA:163,18,0,0
BRDA:163,18,1,0
BRDA:163,18,2,0
BRDA:164,19,0,0
BRDA:164,19,1,0
BRDA:164,20,0,0
BRDA:164,20,1,0
BRDA:168,21,0,0
BRDA:168,22,0,0
BRDA:168,22,1,0
BRDA:168,23,0,0
BRDA:168,23,1,0
BRDA:168,24,0,0
BRDA:168,24,1,0
BRDA:169,25,0,0
BRDA:178,26,0,0
BRDA:179,27,0,0
BRDA:208,28,0,0
BRDA:208,29,0,0
BRDA:208,29,1,0
BRDA:208,29,2,0
BRDA:208,30,0,0
BRDA:208,30,1,0
BRDA:208,31,0,0
BRDA:208,31,1,0
BRDA:215,32,0,0
BRDA:231,33,0,0
BRDA:237,34,0,0
BRDA:237,35,0,0
BRDA:237,35,1,0
BRDA:255,36,0,0
BRDA:256,37,0,0
BRDA:256,37,1,0
BRDA:256,37,2,0
BRDA:256,37,3,0
BRDA:256,37,4,0
BRDA:256,37,5,0
BRDA:269,38,0,0
BRDA:276,39,0,0
BRDA:276,39,1,0
BRDA:292,40,0,0
BRDA:292,40,1,0
BRF:72
BRH:0
end_of_record
TN:
SF:src/app/pages/WatchlistEditor/useGetBackButtonUrl.ts
FN:11,(anonymous_1)
FN:20,(anonymous_2)
FNF:2
FNH:2
FNDA:3,(anonymous_1)
FNDA:3,(anonymous_2)
DA:1,1
DA:2,1
DA:8,1
DA:9,1
DA:11,1
DA:12,3
DA:20,1
DA:29,3
DA:31,3
DA:32,0
DA:35,3
DA:38,3
LF:12
LH:11
BRDA:13,0,0,3
BRDA:13,0,1,0
BRDA:13,0,2,0
BRDA:13,0,3,0
BRDA:13,0,4,0
BRDA:31,1,0,0
BRDA:32,2,0,0
BRDA:32,2,1,0
BRDA:35,3,0,0
BRDA:35,3,1,3
BRF:10
BRH:2
end_of_record
TN:
SF:src/app/pages/Workflows/Workflow.tsx
FN:33,(anonymous_10)
FN:45,(anonymous_11)
FN:59,(anonymous_12)
FN:60,(anonymous_13)
FN:64,(anonymous_14)
FN:71,(anonymous_15)
FN:78,(anonymous_16)
FN:85,(anonymous_17)
FN:92,(anonymous_18)
FN:109,(anonymous_19)
FN:116,(anonymous_20)
FN:131,(anonymous_22)
FN:137,(anonymous_23)
FN:181,(anonymous_24)
FNF:14
FNH:12
FNDA:25,(anonymous_10)
FNDA:4,(anonymous_11)
FNDA:4,(anonymous_12)
FNDA:4,(anonymous_13)
FNDA:3,(anonymous_14)
FNDA:1,(anonymous_15)
FNDA:0,(anonymous_16)
FNDA:0,(anonymous_17)
FNDA:17,(anonymous_18)
FNDA:10,(anonymous_19)
FNDA:17,(anonymous_20)
FNDA:20,(anonymous_22)
FNDA:17,(anonymous_23)
FNDA:1,(anonymous_24)
DA:1,1
DA:2,1
DA:3,1
DA:5,1
DA:12,1
DA:13,1
DA:14,1
DA:15,1
DA:19,1
DA:20,1
DA:21,1
DA:22,1
DA:23,1
DA:24,1
DA:30,1
DA:31,1
DA:33,1
DA:34,25
DA:35,25
DA:36,25
DA:37,25
DA:38,25
DA:40,25
DA:41,25
DA:45,25
DA:46,4
DA:47,4
DA:48,4
DA:55,4
DA:59,25
DA:60,4
DA:63,25
DA:65,3
DA:70,25
DA:72,1
DA:77,25
DA:79,0
DA:84,25
DA:86,0
DA:91,25
DA:93,17
DA:94,15
DA:96,2
DA:97,2
DA:99,0
DA:100,0
DA:103,0
DA:109,25
DA:110,10
DA:111,1
DA:112,1
DA:116,25
DA:117,17
DA:131,25
DA:132,20
DA:133,3
DA:137,25
DA:138,17
DA:139,17
DA:174,0
DA:178,25
DA:181,1
DA:220,10
LF:63
LH:57
BRDA:38,0,0,25
BRDA:38,0,1,0
BRDA:38,1,0,25
BRDA:38,1,1,25
BRDA:46,2,0,4
BRDA:51,3,0,1
BRDA:51,3,1,3
BRDA:93,4,0,15
BRDA:93,5,0,0
BRDA:93,5,1,17
BRDA:93,6,0,17
BRDA:93,6,1,17
BRDA:96,7,0,2
BRDA:96,8,0,0
BRDA:96,8,1,2
BRDA:96,9,0,2
BRDA:96,9,1,2
BRDA:97,10,0,2
BRDA:97,10,1,2
BRDA:97,11,0,0
BRDA:97,11,1,2
BRDA:97,12,0,2
BRDA:97,12,1,2
BRDA:99,13,0,0
BRDA:99,14,0,0
BRDA:99,14,1,0
BRDA:99,15,0,0
BRDA:99,15,1,0
BRDA:110,16,0,1
BRDA:117,17,0,6
BRDA:118,18,0,17
BRDA:118,18,1,14
BRDA:118,18,2,14
BRDA:118,18,3,7
BRDA:119,19,0,0
BRDA:119,19,1,14
BRDA:119,20,0,14
BRDA:119,20,1,14
BRDA:120,21,0,7
BRDA:120,21,1,7
BRDA:120,22,0,14
BRDA:120,22,1,14
BRDA:128,23,0,6
BRDA:128,23,1,19
BRDA:128,24,0,25
BRDA:128,24,1,19
BRDA:128,25,0,14
BRDA:128,25,1,11
BRDA:128,26,0,25
BRDA:128,26,1,25
BRDA:132,27,0,3
BRDA:132,28,0,20
BRDA:132,28,1,19
BRDA:132,29,0,3
BRDA:132,29,1,17
BRDA:132,30,0,20
BRDA:132,30,1,17
BRDA:132,31,0,3
BRDA:132,31,1,32
BRDA:132,32,0,19
BRDA:132,32,1,16
BRDA:132,33,0,16
BRDA:132,33,1,16
BRDA:135,34,0,6
BRDA:135,34,1,19
BRDA:135,35,0,25
BRDA:135,35,1,19
BRDA:138,36,0,0
BRDA:139,37,0,0
BRDA:143,38,0,15
BRDA:143,38,1,0
BRDA:143,39,0,15
BRDA:143,39,1,15
BRDA:143,40,0,0
BRDA:143,40,1,15
BRDA:143,41,0,15
BRDA:143,41,1,15
BRDA:146,42,0,0
BRDA:146,42,1,15
BRDA:146,43,0,15
BRDA:146,43,1,15
BRDA:158,44,0,0
BRDA:158,45,0,0
BRDA:158,45,1,0
BRDA:158,46,0,0
BRDA:158,46,1,0
BRDA:160,47,0,0
BRDA:160,47,1,0
BRDA:160,48,0,0
BRDA:160,48,1,0
BRDA:161,49,0,0
BRDA:161,49,1,0
BRDA:161,50,0,0
BRDA:161,50,1,0
BRDA:169,51,0,0
BRDA:169,51,1,0
BRDA:169,52,0,0
BRDA:169,52,1,0
BRDA:178,53,0,17
BRDA:178,53,1,8
BRDA:178,54,0,25
BRDA:178,54,1,19
BRDA:178,54,2,19
BRDA:178,55,0,0
BRDA:178,55,1,19
BRDA:178,56,0,19
BRDA:178,56,1,19
BRDA:181,57,0,17
BRDA:181,57,1,0
BRDA:181,58,0,17
BRDA:181,58,1,17
BRDA:181,59,0,0
BRDA:181,59,1,17
BRDA:181,60,0,17
BRDA:181,60,1,17
BRDA:195,61,0,15
BRDA:195,61,1,2
BRDA:196,62,0,15
BRDA:196,62,1,2
BRDA:203,63,0,0
BRDA:203,63,1,17
BRDA:205,64,0,17
BRDA:205,64,1,0
BRDA:205,65,0,17
BRDA:205,65,1,17
BRDA:205,66,0,0
BRDA:205,66,1,17
BRDA:205,67,0,17
BRDA:205,67,1,17
BRDA:206,68,0,17
BRDA:206,68,1,0
BRDA:206,69,0,17
BRDA:206,69,1,17
BRDA:206,70,0,0
BRDA:206,70,1,17
BRDA:206,71,0,17
BRDA:206,71,1,17
BRDA:208,72,0,0
BRDA:208,72,1,17
BRDA:208,73,0,17
BRDA:208,73,1,17
BRDA:212,74,0,0
BRDA:212,74,1,17
BRDA:212,75,0,17
BRDA:212,75,1,17
BRF:145
BRH:103
end_of_record
TN:
SF:src/app/pages/invitation/Invitation.tsx
FN:30,(anonymous_8)
FN:49,(anonymous_9)
FN:52,(anonymous_10)
FN:55,(anonymous_11)
FN:58,(anonymous_12)
FN:81,(anonymous_13)
FN:100,(anonymous_14)
FN:224,(anonymous_15)
FNF:8
FNH:0
FNDA:0,(anonymous_8)
FNDA:0,(anonymous_9)
FNDA:0,(anonymous_10)
FNDA:0,(anonymous_11)
FNDA:0,(anonymous_12)
FNDA:0,(anonymous_13)
FNDA:0,(anonymous_14)
FNDA:0,(anonymous_15)
DA:30,0
DA:31,0
DA:32,0
DA:33,0
DA:34,0
DA:38,0
DA:49,0
DA:52,0
DA:55,0
DA:58,0
DA:65,0
DA:74,0
DA:75,0
DA:76,0
DA:77,0
DA:78,0
DA:79,0
DA:81,0
DA:82,0
DA:83,0
DA:87,0
DA:88,0
DA:89,0
DA:100,0
DA:101,0
DA:102,0
DA:104,0
DA:106,0
DA:107,0
DA:108,0
DA:117,0
DA:118,0
DA:120,0
DA:123,0
DA:225,0
LF:35
LH:0
BRDA:68,0,0,0
BRDA:68,0,1,0
BRDA:68,1,0,0
BRDA:68,1,1,0
BRDA:68,2,0,0
BRDA:68,2,1,0
BRDA:69,3,0,0
BRDA:69,3,1,0
BRDA:69,4,0,0
BRDA:69,4,1,0
BRDA:69,5,0,0
BRDA:69,5,1,0
BRDA:82,6,0,0
BRDA:82,7,0,0
BRDA:82,7,1,0
BRDA:82,8,0,0
BRDA:82,8,1,0
BRDA:89,9,0,0
BRDA:104,10,0,0
BRDA:107,11,0,0
BRDA:117,12,0,0
BRDA:117,12,1,0
BRDA:142,13,0,0
BRDA:143,14,0,0
BRDA:143,14,1,0
BRDA:143,15,0,0
BRDA:143,15,1,0
BRDA:159,16,0,0
BRDA:160,17,0,0
BRDA:160,17,1,0
BRDA:160,18,0,0
BRDA:160,18,1,0
BRDA:178,19,0,0
BRDA:179,20,0,0
BRDA:179,20,1,0
BRDA:179,21,0,0
BRDA:179,21,1,0
BRDA:182,22,0,0
BRDA:229,23,0,0
BRDA:229,23,1,0
BRDA:229,23,2,0
BRDA:229,23,3,0
BRDA:229,23,4,0
BRDA:229,23,5,0
BRDA:229,23,6,0
BRDA:229,23,7,0
BRDA:229,23,8,0
BRDA:229,23,9,0
BRF:48
BRH:0
end_of_record
TN:
SF:src/app/routers/application-router.tsx
FN:25,(anonymous_0)
FNF:1
FNH:0
FNDA:0,(anonymous_0)
DA:23,0
DA:25,0
DA:51,0
DA:52,0
DA:55,0
LF:5
LH:0
BRDA:51,0,0,0
BRDA:52,1,0,0
BRDA:52,1,1,0
BRDA:52,2,0,0
BRDA:52,2,1,0
BRF:5
BRH:0
end_of_record
TN:
SF:src/app/routers/application-routes.tsx
FN:26,(anonymous_0)
FN:27,(anonymous_1)
FNF:2
FNH:0
FNDA:0,(anonymous_0)
FNDA:0,(anonymous_1)
DA:26,0
DA:27,0
DA:29,0
DA:41,0
DA:48,0
DA:62,0
DA:77,0
DA:90,0
DA:107,0
DA:111,0
DA:127,0
DA:131,0
DA:136,0
DA:140,0
LF:14
LH:0
BRF:0
BRH:0
end_of_record
TN:
SF:src/app/routers/createBrowserRouterWithBasename.ts
FN:3,(anonymous_0)
FNF:1
FNH:0
FNDA:0,(anonymous_0)
DA:3,0
DA:4,0
DA:5,0
LF:3
LH:0
BRF:0
BRH:0
end_of_record
TN:
SF:src/app/routers/usePublicRouter.tsx
FN:19,UnauthenticatedWrapper
FN:39,usePublicRouter
FN:43,(anonymous_2)
FNF:3
FNH:0
FNDA:0,UnauthenticatedWrapper
FNDA:0,usePublicRouter
FNDA:0,(anonymous_2)
DA:20,0
DA:21,0
DA:22,0
DA:25,0
DA:40,0
DA:43,0
DA:45,0
DA:63,0
LF:8
LH:0
BRDA:25,0,0,0
BRDA:25,0,1,0
BRDA:25,0,2,0
BRDA:25,0,3,0
BRF:4
BRH:0
end_of_record
TN:
SF:src/app/routers/wrappers/AuthenticatedAppWrapper.tsx
FN:36,(anonymous_8)
FN:38,(anonymous_9)
FN:43,(anonymous_10)
FN:76,(anonymous_12)
FN:134,(anonymous_15)
FN:141,(anonymous_16)
FNF:6
FNH:0
FNDA:0,(anonymous_8)
FNDA:0,(anonymous_9)
FNDA:0,(anonymous_10)
FNDA:0,(anonymous_12)
FNDA:0,(anonymous_15)
FNDA:0,(anonymous_16)
DA:36,0
DA:38,0
DA:39,0
DA:40,0
DA:41,0
DA:43,0
DA:47,0
DA:48,0
DA:49,0
DA:50,0
DA:51,0
DA:55,0
DA:76,0
DA:77,0
DA:78,0
DA:79,0
DA:80,0
DA:81,0
DA:82,0
DA:83,0
DA:84,0
DA:134,0
DA:135,0
DA:136,0
DA:137,0
DA:138,0
DA:139,0
DA:141,0
DA:142,0
DA:144,0
DA:145,0
DA:149,0
LF:32
LH:0
BRDA:55,0,0,0
BRDA:55,0,1,0
BRDA:55,0,2,0
BRDA:55,0,3,0
BRDA:114,1,0,0
BRDA:114,1,1,0
BRDA:144,2,0,0
BRDA:144,3,0,0
BRDA:144,3,1,0
BRDA:144,3,2,0
BRDA:149,4,0,0
BRDA:149,4,1,0
BRDA:152,5,0,0
BRDA:152,5,1,0
BRDA:152,6,0,0
BRDA:152,6,1,0
BRDA:152,7,0,0
BRDA:152,7,1,0
BRDA:152,8,0,0
BRDA:152,8,1,0
BRDA:152,9,0,0
BRDA:152,9,1,0
BRDA:152,10,0,0
BRDA:152,10,1,0
BRF:24
BRH:0
end_of_record
TN:
SF:src/app/routers/wrappers/CommonWrapper.tsx
FN:9,CommonWrapper
FNF:1
FNH:0
FNDA:0,CommonWrapper
DA:10,0
DA:11,0
DA:12,0
DA:13,0
LF:4
LH:0
BRDA:19,0,0,0
BRDA:19,0,1,0
BRF:2
BRH:0
end_of_record
TN:
SF:src/app/routers/wrappers/FullScreenWrappers.tsx
FN:8,(anonymous_0)
FN:31,(anonymous_1)
FN:59,(anonymous_2)
FN:77,(anonymous_3)
FN:97,(anonymous_4)
FN:107,(anonymous_5)
FNF:6
FNH:0
FNDA:0,(anonymous_0)
FNDA:0,(anonymous_1)
FNDA:0,(anonymous_2)
FNDA:0,(anonymous_3)
FNDA:0,(anonymous_4)
FNDA:0,(anonymous_5)
DA:8,0
DA:31,0
DA:32,0
DA:60,0
DA:78,0
DA:97,0
DA:107,0
LF:7
LH:0
BRF:0
BRH:0
end_of_record
TN:
SF:src/app/utils/clerkOverrides.ts
FN:1,(anonymous_1)
FN:3,(anonymous_2)
FN:4,(anonymous_3)
FNF:3
FNH:3
FNDA:2,(anonymous_1)
FNDA:1,(anonymous_2)
FNDA:1,(anonymous_3)
DA:1,2
DA:2,2
DA:3,2
DA:4,2
DA:8,3
LF:5
LH:5
BRDA:2,0,0,2
BRF:1
BRH:1
end_of_record
TN:
SF:src/app/utils/disableIntercom.ts
FN:1,(anonymous_0)
FN:4,(anonymous_1)
FNF:2
FNH:0
FNDA:0,(anonymous_0)
FNDA:0,(anonymous_1)
DA:1,0
DA:2,0
DA:3,0
DA:4,0
DA:5,0
LF:5
LH:0
BRDA:2,0,0,0
BRDA:2,1,0,0
BRDA:2,1,1,0
BRDA:2,2,0,0
BRDA:2,2,1,0
BRDA:3,3,0,0
BRDA:3,3,1,0
BRDA:3,4,0,0
BRDA:3,4,1,0
BRDA:5,5,0,0
BRDA:5,6,0,0
BRDA:5,6,1,0
BRDA:5,7,0,0
BRDA:5,7,1,0
BRDA:5,8,0,0
BRDA:5,8,1,0
BRDA:5,9,0,0
BRDA:5,9,1,0
BRF:18
BRH:0
end_of_record
TN:
SF:src/app/utils/marketingCookie.ts
FN:15,(anonymous_12)
FN:16,(anonymous_13)
FN:18,(anonymous_14)
FN:23,(anonymous_15)
FNF:4
FNH:3
FNDA:1,(anonymous_12)
FNDA:0,(anonymous_13)
FNDA:2,(anonymous_14)
FNDA:1,(anonymous_15)
DA:1,1
DA:2,1
DA:4,1
DA:5,1
DA:15,1
DA:16,1
DA:18,1
DA:19,2
DA:20,2
DA:23,1
DA:24,1
DA:30,1
DA:33,2
LF:13
LH:13
BRDA:20,0,0,0
BRDA:20,0,1,2
BRDA:28,1,0,1
BRDA:28,1,1,0
BRF:4
BRH:2
end_of_record
